<?xml version="1.0" encoding="utf-8"?>
<CoverageSession xmlns:xsd="http://www.w3.org/2001/XMLSchema" xmlns:xsi="http://www.w3.org/2001/XMLSchema-instance" Version="0.0.0.0">
  <Summary numSequencePoints="2376" visitedSequencePoints="0" numBranchPoints="0" visitedBranchPoints="0" sequenceCoverage="0.0" branchCoverage="0.0" maxCyclomaticComplexity="18" minCyclomaticComplexity="1" maxCrapScore="342" minCrapScore="2" visitedClasses="0" numClasses="70" visitedMethods="0" numMethods="311" />
  <Modules>
    <Module>
      <Summary numSequencePoints="2376" visitedSequencePoints="0" numBranchPoints="0" visitedBranchPoints="0" sequenceCoverage="0.0" branchCoverage="0.0" maxCyclomaticComplexity="18" minCyclomaticComplexity="1" maxCrapScore="342" minCrapScore="2" visitedClasses="0" numClasses="70" visitedMethods="0" numMethods="311" />
      <ModuleTime>0001-01-01T00:00:00</ModuleTime>
      <ModuleName>Assembly-CSharp</ModuleName>
      <Files>
        <File uid="1" fullPath="C:/Users/glongfil/Documents/GitHub/UltraInstinctVR/CodeBase/Assets/Scripts/Effector/ObjectSelectionEffector.cs" />
        <File uid="2" fullPath="C:/Users/glongfil/Documents/GitHub/UltraInstinctVR/CodeBase/Assets/Scripts/Interaction/GameObjectMovement/Collision.cs" />
        <File uid="3" fullPath="C:/Users/glongfil/Documents/GitHub/UltraInstinctVR/CodeBase/Assets/Scripts/Interaction/GameObjectMovement/SelectAndMoveToOrigin.cs" />
        <File uid="4" fullPath="C:/Users/glongfil/Documents/GitHub/UltraInstinctVR/CodeBase/Assets/Scripts/Interaction/Teleportation/TeleportAtObject.cs" />
        <File uid="5" fullPath="C:/Users/glongfil/Documents/GitHub/UltraInstinctVR/CodeBase/Assets/Scripts/Interaction/Teleportation/TeleportPlayer.cs" />
        <File uid="6" fullPath="C:/Users/glongfil/Documents/GitHub/UltraInstinctVR/CodeBase/Assets/Scripts/Interaction/VRTest/Logs.cs" />
        <File uid="7" fullPath="C:/Users/glongfil/Documents/GitHub/UltraInstinctVR/CodeBase/Assets/Scripts/Interaction/VRTest/MouseOperation.cs" />
        <File uid="8" fullPath="C:/Users/glongfil/Documents/GitHub/UltraInstinctVR/CodeBase/Assets/Scripts/Interaction/VRTest/VRGreed.cs" />
        <File uid="9" fullPath="C:/Users/glongfil/Documents/GitHub/UltraInstinctVR/CodeBase/Assets/Scripts/Interaction/VRTest/VRGuide.cs" />
        <File uid="10" fullPath="C:/Users/glongfil/Documents/GitHub/UltraInstinctVR/CodeBase/Assets/Scripts/Interaction/VRTest/VRMovementHandler.cs" />
        <File uid="11" fullPath="C:/Users/glongfil/Documents/GitHub/UltraInstinctVR/CodeBase/Assets/Scripts/Interaction/VRTest/VRTest.cs" />
        <File uid="12" fullPath="C:/Users/glongfil/Documents/GitHub/UltraInstinctVR/CodeBase/Assets/Scripts/Interaction/VRTest/VRTriggerHandler.cs" />
        <File uid="13" fullPath="C:/Users/glongfil/Documents/GitHub/UltraInstinctVR/CodeBase/Assets/Scripts/ScriptsReplay/TeleportReplay.cs" />
        <File uid="14" fullPath="C:/Users/glongfil/Documents/GitHub/UltraInstinctVR/CodeBase/Assets/Scripts/Sensors/SelectionSensor.cs" />
        <File uid="15" fullPath="C:/Users/glongfil/Documents/GitHub/UltraInstinctVR/CodeBase/Assets/Scripts/Sensors/TeleportationSensor.cs" />
        <File uid="16" fullPath="C:/Users/glongfil/Documents/GitHub/UltraInstinctVR/CodeBase/Assets/Scripts/Utils/CountInteractableObject.cs" />
        <File uid="17" fullPath="C:/Users/glongfil/Documents/GitHub/UltraInstinctVR/CodeBase/Assets/Scripts/Utils/CoverageToCSV.cs" />
        <File uid="18" fullPath="C:/Users/glongfil/Documents/GitHub/UltraInstinctVR/CodeBase/Assets/Scripts/Utils/GetCPUTime.cs" />
        <File uid="19" fullPath="C:/Users/glongfil/Documents/GitHub/UltraInstinctVR/CodeBase/Assets/Scripts/Utils/LogAnalyser.cs" />
        <File uid="20" fullPath="C:/Users/glongfil/Documents/GitHub/UltraInstinctVR/CodeBase/Assets/Scripts/Utils/LogPerformance.cs" />
        <File uid="21" fullPath="C:/Users/glongfil/Documents/GitHub/UltraInstinctVR/CodeBase/Assets/Scripts/Utils/ParentController.cs" />
        <File uid="22" fullPath="C:/Users/glongfil/Documents/GitHub/UltraInstinctVR/CodeBase/Assets/VRTemplateAssets/Scripts/AnchorVisuals.cs" />
        <File uid="23" fullPath="C:/Users/glongfil/Documents/GitHub/UltraInstinctVR/CodeBase/Assets/VRTemplateAssets/Scripts/BezierCurve.cs" />
        <File uid="24" fullPath="C:/Users/glongfil/Documents/GitHub/UltraInstinctVR/CodeBase/Assets/VRTemplateAssets/Scripts/BooleanToggleVisualsController.cs" />
        <File uid="25" fullPath="C:/Users/glongfil/Documents/GitHub/UltraInstinctVR/CodeBase/Assets/VRTemplateAssets/Scripts/Callout.cs" />
        <File uid="26" fullPath="C:/Users/glongfil/Documents/GitHub/UltraInstinctVR/CodeBase/Assets/VRTemplateAssets/Scripts/CalloutGazeController.cs" />
        <File uid="27" fullPath="C:/Users/glongfil/Documents/GitHub/UltraInstinctVR/CodeBase/Assets/VRTemplateAssets/Scripts/DestroyObject.cs" />
        <File uid="28" fullPath="C:/Users/glongfil/Documents/GitHub/UltraInstinctVR/CodeBase/Assets/VRTemplateAssets/Scripts/HandSubsystemManager.cs" />
        <File uid="29" fullPath="C:/Users/glongfil/Documents/GitHub/UltraInstinctVR/CodeBase/Assets/VRTemplateAssets/Scripts/LaunchProjectile.cs" />
        <File uid="30" fullPath="C:/Users/glongfil/Documents/GitHub/UltraInstinctVR/CodeBase/Assets/VRTemplateAssets/Scripts/RayAttachModifier.cs" />
        <File uid="31" fullPath="C:/Users/glongfil/Documents/GitHub/UltraInstinctVR/CodeBase/Assets/VRTemplateAssets/Scripts/Rotator.cs" />
        <File uid="32" fullPath="C:/Users/glongfil/Documents/GitHub/UltraInstinctVR/CodeBase/Assets/VRTemplateAssets/Scripts/StepManager.cs" />
        <File uid="33" fullPath="C:/Users/glongfil/Documents/GitHub/UltraInstinctVR/CodeBase/Assets/VRTemplateAssets/Scripts/VideoPlayerRenderTexture.cs" />
        <File uid="34" fullPath="C:/Users/glongfil/Documents/GitHub/UltraInstinctVR/CodeBase/Assets/VRTemplateAssets/Scripts/VideoTimeScrubControl.cs" />
        <File uid="35" fullPath="C:/Users/glongfil/Documents/GitHub/UltraInstinctVR/CodeBase/Assets/VRTemplateAssets/Scripts/XRKnob.cs" />
        <File uid="36" fullPath="C:/Users/glongfil/Documents/GitHub/UltraInstinctVR/CodeBase/Assets/VRTemplateAssets/Scripts/XRPokeFollowAffordanceFill.cs" />
        <File uid="37" fullPath="C:/Users/glongfil/Documents/GitHub/UltraInstinctVR/CodeBase/Assets/Scripts/Utils/GetStartTime.cs" />
        <File uid="38" fullPath="C:/Users/glongfil/Documents/GitHub/UltraInstinctVR/CodeBase/Assets/Scripts/Utils/GenerateReport.cs" />
        <File uid="39" fullPath="C:/Users/glongfil/Documents/GitHub/UltraInstinctVR/CodeBase/Assets/Scripts/Utils/ChildBehavior.cs" />
        <File uid="40" fullPath="C:/Users/glongfil/Documents/GitHub/UltraInstinctVR/CodeBase/Assets/Scripts/Interaction/VRTest/VRLogger.cs" />
        <File uid="41" fullPath="C:/Users/glongfil/Documents/GitHub/UltraInstinctVR/CodeBase/Assets/Scripts/Interaction/Teleportation/SizeScene.cs" />
        <File uid="42" fullPath="C:/Users/glongfil/Documents/GitHub/UltraInstinctVR/CodeBase/Assets/Scripts/Effector/TeleportationEffector.cs" />
        <File uid="43" fullPath="C:/Users/glongfil/Documents/GitHub/UltraInstinctVR/CodeBase/Assets/Scripts/Effector/OutsideSceneEffector.cs" />
        <File uid="44" fullPath="C:/Users/glongfil/Documents/GitHub/UltraInstinctVR/CodeBase/Assets/Scripts/Effector/MoveObjectToOriginEffector.cs" />
        <File uid="45" fullPath="C:/Users/glongfil/Documents/GitHub/UltraInstinctVR/CodeBase/Assets/Scripts/Effector/InObjectSceneEffector.cs" />
        <File uid="46" fullPath="C:/Users/glongfil/Documents/GitHub/UltraInstinctVR/CodeBase/Assets/Scripts/Effector/CollisionEffector.cs" />
      </Files>
      <Classes>
        <Class>
          <Summary numSequencePoints="41" visitedSequencePoints="0" numBranchPoints="0" visitedBranchPoints="0" sequenceCoverage="0.0" branchCoverage="0.0" maxCyclomaticComplexity="8" minCyclomaticComplexity="1" maxCrapScore="72" minCrapScore="2" visitedClasses="0" numClasses="1" visitedMethods="0" numMethods="3" />
          <FullName>ObjectSelectionEffector</FullName>
          <Methods>
            <Method visited="false" cyclomaticComplexity="1" nPathComplexity="0" sequenceCoverage="0.0" branchCoverage="0" crapScore="2" isConstructor="false" isStatic="false" isGetter="false" isSetter="false">
              <Summary numSequencePoints="4" visitedSequencePoints="0" numBranchPoints="0" visitedBranchPoints="0" sequenceCoverage="0.0" branchCoverage="0" maxCyclomaticComplexity="1" minCyclomaticComplexity="1" maxCrapScore="2" minCrapScore="2" visitedClasses="0" numClasses="0" visitedMethods="0" numMethods="1" />
              <MetadataToken>100663299</MetadataToken>
              <Name>System.Void ObjectSelectionEffector::SafeEffectorUpdate()</Name>
              <FileRef uid="1" />
              <SequencePoints>
                <SequencePoint vc="0" uspid="4753" ordinal="0" offset="0" sl="41" sc="0" el="41" ec="0" bec="0" bev="0" fileid="1" />
                <SequencePoint vc="0" uspid="4754" ordinal="0" offset="1" sl="42" sc="0" el="42" ec="0" bec="0" bev="0" fileid="1" />
                <SequencePoint vc="0" uspid="4755" ordinal="0" offset="12" sl="43" sc="0" el="43" ec="0" bec="0" bev="0" fileid="1" />
                <SequencePoint vc="0" uspid="4756" ordinal="0" offset="19" sl="44" sc="0" el="44" ec="0" bec="0" bev="0" fileid="1" />
              </SequencePoints>
              <BranchPoints />
            </Method>
            <Method visited="false" cyclomaticComplexity="8" nPathComplexity="0" sequenceCoverage="0.0" branchCoverage="0" crapScore="72" isConstructor="false" isStatic="false" isGetter="false" isSetter="false">
              <Summary numSequencePoints="33" visitedSequencePoints="0" numBranchPoints="0" visitedBranchPoints="0" sequenceCoverage="0.0" branchCoverage="0" maxCyclomaticComplexity="8" minCyclomaticComplexity="8" maxCrapScore="72" minCrapScore="72" visitedClasses="0" numClasses="0" visitedMethods="0" numMethods="1" />
              <MetadataToken>100663300</MetadataToken>
              <Name>System.Void ObjectSelectionEffector::DetectCollisionSelection()</Name>
              <FileRef uid="1" />
              <SequencePoints>
                <SequencePoint vc="0" uspid="4757" ordinal="0" offset="0" sl="47" sc="0" el="47" ec="0" bec="0" bev="0" fileid="1" />
                <SequencePoint vc="0" uspid="4758" ordinal="0" offset="1" sl="48" sc="0" el="48" ec="0" bec="0" bev="0" fileid="1" />
                <SequencePoint vc="0" uspid="4759" ordinal="0" offset="29" sl="50" sc="0" el="50" ec="0" bec="0" bev="0" fileid="1" />
                <SequencePoint vc="0" uspid="4760" ordinal="0" offset="31" sl="52" sc="0" el="52" ec="0" bec="0" bev="0" fileid="1" />
                <SequencePoint vc="0" uspid="4761" ordinal="0" offset="32" sl="52" sc="0" el="52" ec="0" bec="0" bev="0" fileid="1" />
                <SequencePoint vc="0" uspid="4762" ordinal="0" offset="41" sl="52" sc="0" el="52" ec="0" bec="0" bev="0" fileid="1" />
                <SequencePoint vc="0" uspid="4763" ordinal="0" offset="46" sl="53" sc="0" el="53" ec="0" bec="0" bev="0" fileid="1" />
                <SequencePoint vc="0" uspid="4764" ordinal="0" offset="47" sl="54" sc="0" el="54" ec="0" bec="0" bev="0" fileid="1" />
                <SequencePoint vc="0" uspid="4765" ordinal="0" offset="61" sl="55" sc="0" el="55" ec="0" bec="0" bev="0" fileid="1" />
                <SequencePoint vc="0" uspid="4766" ordinal="0" offset="62" sl="57" sc="0" el="57" ec="0" bec="0" bev="0" fileid="1" />
                <SequencePoint vc="0" uspid="4767" ordinal="0" offset="97" sl="58" sc="0" el="58" ec="0" bec="0" bev="0" fileid="1" />
                <SequencePoint vc="0" uspid="4768" ordinal="0" offset="98" sl="59" sc="0" el="59" ec="0" bec="0" bev="0" fileid="1" />
                <SequencePoint vc="0" uspid="4769" ordinal="0" offset="107" sl="61" sc="0" el="61" ec="0" bec="0" bev="0" fileid="1" />
                <SequencePoint vc="0" uspid="4770" ordinal="0" offset="118" sl="62" sc="0" el="62" ec="0" bec="0" bev="0" fileid="1" />
                <SequencePoint vc="0" uspid="4771" ordinal="0" offset="119" sl="64" sc="0" el="64" ec="0" bec="0" bev="0" fileid="1" />
                <SequencePoint vc="0" uspid="4772" ordinal="0" offset="129" sl="65" sc="0" el="65" ec="0" bec="0" bev="0" fileid="1" />
                <SequencePoint vc="0" uspid="4773" ordinal="0" offset="130" sl="66" sc="0" el="66" ec="0" bec="0" bev="0" fileid="1" />
                <SequencePoint vc="0" uspid="4774" ordinal="0" offset="150" sl="67" sc="0" el="67" ec="0" bec="0" bev="0" fileid="1" />
                <SequencePoint vc="0" uspid="4775" ordinal="0" offset="152" sl="68" sc="0" el="68" ec="0" bec="0" bev="0" fileid="1" />
                <SequencePoint vc="0" uspid="4776" ordinal="0" offset="172" sl="69" sc="0" el="69" ec="0" bec="0" bev="0" fileid="1" />
                <SequencePoint vc="0" uspid="4777" ordinal="0" offset="174" sl="72" sc="0" el="72" ec="0" bec="0" bev="0" fileid="1" />
                <SequencePoint vc="0" uspid="4778" ordinal="0" offset="175" sl="74" sc="0" el="74" ec="0" bec="0" bev="0" fileid="1" />
                <SequencePoint vc="0" uspid="4779" ordinal="0" offset="176" sl="75" sc="0" el="75" ec="0" bec="0" bev="0" fileid="1" />
                <SequencePoint vc="0" uspid="4780" ordinal="0" offset="177" sl="77" sc="0" el="77" ec="0" bec="0" bev="0" fileid="1" />
                <SequencePoint vc="0" uspid="4781" ordinal="0" offset="182" sl="52" sc="0" el="52" ec="0" bec="0" bev="0" fileid="1" />
                <SequencePoint vc="0" uspid="4782" ordinal="0" offset="191" sl="78" sc="0" el="78" ec="0" bec="0" bev="0" fileid="1" />
                <SequencePoint vc="0" uspid="4783" ordinal="0" offset="198" sl="79" sc="0" el="79" ec="0" bec="0" bev="0" fileid="1" />
                <SequencePoint vc="0" uspid="4784" ordinal="0" offset="199" sl="80" sc="0" el="80" ec="0" bec="0" bev="0" fileid="1" />
                <SequencePoint vc="0" uspid="4785" ordinal="0" offset="246" sl="81" sc="0" el="81" ec="0" bec="0" bev="0" fileid="1" />
                <SequencePoint vc="0" uspid="4786" ordinal="0" offset="249" sl="83" sc="0" el="83" ec="0" bec="0" bev="0" fileid="1" />
                <SequencePoint vc="0" uspid="4787" ordinal="0" offset="250" sl="84" sc="0" el="84" ec="0" bec="0" bev="0" fileid="1" />
                <SequencePoint vc="0" uspid="4788" ordinal="0" offset="297" sl="85" sc="0" el="85" ec="0" bec="0" bev="0" fileid="1" />
                <SequencePoint vc="0" uspid="4789" ordinal="0" offset="298" sl="87" sc="0" el="87" ec="0" bec="0" bev="0" fileid="1" />
              </SequencePoints>
              <BranchPoints />
            </Method>
            <Method visited="false" cyclomaticComplexity="1" nPathComplexity="0" sequenceCoverage="0.0" branchCoverage="0" crapScore="2" isConstructor="true" isStatic="false" isGetter="false" isSetter="false">
              <Summary numSequencePoints="4" visitedSequencePoints="0" numBranchPoints="0" visitedBranchPoints="0" sequenceCoverage="0.0" branchCoverage="0" maxCyclomaticComplexity="1" minCyclomaticComplexity="1" maxCrapScore="2" minCrapScore="2" visitedClasses="0" numClasses="0" visitedMethods="0" numMethods="1" />
              <MetadataToken>100663298</MetadataToken>
              <Name>ObjectSelectionEffector::ObjectSelectionEffector(Xareus.Scenarios.Event, System.Collections.Generic.Dictionary[String,Parameter], Xareus.Scenarios.Context.IContext, Xareus.Scenarios.Context.IContext, Xareus.Scenarios.Context.IContext, Xareus.Scenarios.Context.IContext)</Name>
              <FileRef uid="1" />
              <SequencePoints>
                <SequencePoint vc="0" uspid="4790" ordinal="0" offset="0" sl="17" sc="0" el="17" ec="0" bec="0" bev="0" fileid="1" />
                <SequencePoint vc="0" uspid="4791" ordinal="0" offset="11" sl="35" sc="0" el="35" ec="0" bec="0" bev="0" fileid="1" />
                <SequencePoint vc="0" uspid="4792" ordinal="0" offset="32" sl="37" sc="0" el="37" ec="0" bec="0" bev="0" fileid="1" />
                <SequencePoint vc="0" uspid="4793" ordinal="0" offset="33" sl="37" sc="0" el="37" ec="0" bec="0" bev="0" fileid="1" />
              </SequencePoints>
              <BranchPoints />
            </Method>
          </Methods>
        </Class>
        <Class>
          <Summary numSequencePoints="73" visitedSequencePoints="0" numBranchPoints="0" visitedBranchPoints="0" sequenceCoverage="0.0" branchCoverage="0.0" maxCyclomaticComplexity="5" minCyclomaticComplexity="1" maxCrapScore="30" minCrapScore="2" visitedClasses="0" numClasses="1" visitedMethods="0" numMethods="6" />
          <FullName>Collision</FullName>
          <Methods>
            <Method visited="false" cyclomaticComplexity="2" nPathComplexity="0" sequenceCoverage="0.0" branchCoverage="0" crapScore="6" isConstructor="false" isStatic="false" isGetter="false" isSetter="false">
              <Summary numSequencePoints="8" visitedSequencePoints="0" numBranchPoints="0" visitedBranchPoints="0" sequenceCoverage="0.0" branchCoverage="0" maxCyclomaticComplexity="2" minCyclomaticComplexity="2" maxCrapScore="6" minCrapScore="6" visitedClasses="0" numClasses="0" visitedMethods="0" numMethods="1" />
              <MetadataToken>100663301</MetadataToken>
              <Name>System.Void Collision::Start()</Name>
              <FileRef uid="2" />
              <SequencePoints>
                <SequencePoint vc="0" uspid="4794" ordinal="0" offset="0" sl="20" sc="0" el="20" ec="0" bec="0" bev="0" fileid="2" />
                <SequencePoint vc="0" uspid="4795" ordinal="0" offset="1" sl="21" sc="0" el="21" ec="0" bec="0" bev="0" fileid="2" />
                <SequencePoint vc="0" uspid="4796" ordinal="0" offset="13" sl="22" sc="0" el="22" ec="0" bec="0" bev="0" fileid="2" />
                <SequencePoint vc="0" uspid="4797" ordinal="0" offset="29" sl="23" sc="0" el="23" ec="0" bec="0" bev="0" fileid="2" />
                <SequencePoint vc="0" uspid="4798" ordinal="0" offset="30" sl="24" sc="0" el="24" ec="0" bec="0" bev="0" fileid="2" />
                <SequencePoint vc="0" uspid="4799" ordinal="0" offset="57" sl="25" sc="0" el="25" ec="0" bec="0" bev="0" fileid="2" />
                <SequencePoint vc="0" uspid="4800" ordinal="0" offset="58" sl="27" sc="0" el="27" ec="0" bec="0" bev="0" fileid="2" />
                <SequencePoint vc="0" uspid="4801" ordinal="0" offset="65" sl="28" sc="0" el="28" ec="0" bec="0" bev="0" fileid="2" />
              </SequencePoints>
              <BranchPoints />
            </Method>
            <Method visited="false" cyclomaticComplexity="4" nPathComplexity="0" sequenceCoverage="0.0" branchCoverage="0" crapScore="20" isConstructor="false" isStatic="false" isGetter="false" isSetter="false">
              <Summary numSequencePoints="12" visitedSequencePoints="0" numBranchPoints="0" visitedBranchPoints="0" sequenceCoverage="0.0" branchCoverage="0" maxCyclomaticComplexity="4" minCyclomaticComplexity="4" maxCrapScore="20" minCrapScore="20" visitedClasses="0" numClasses="0" visitedMethods="0" numMethods="1" />
              <MetadataToken>100663302</MetadataToken>
              <Name>System.Void Collision::OnTriggerEnter(UnityEngine.Collider)</Name>
              <FileRef uid="2" />
              <SequencePoints>
                <SequencePoint vc="0" uspid="4802" ordinal="0" offset="0" sl="31" sc="0" el="31" ec="0" bec="0" bev="0" fileid="2" />
                <SequencePoint vc="0" uspid="4803" ordinal="0" offset="1" sl="32" sc="0" el="32" ec="0" bec="0" bev="0" fileid="2" />
                <SequencePoint vc="0" uspid="4804" ordinal="0" offset="17" sl="33" sc="0" el="33" ec="0" bec="0" bev="0" fileid="2" />
                <SequencePoint vc="0" uspid="4805" ordinal="0" offset="18" sl="34" sc="0" el="34" ec="0" bec="0" bev="0" fileid="2" />
                <SequencePoint vc="0" uspid="4806" ordinal="0" offset="25" sl="36" sc="0" el="36" ec="0" bec="0" bev="0" fileid="2" />
                <SequencePoint vc="0" uspid="4807" ordinal="0" offset="53" sl="37" sc="0" el="37" ec="0" bec="0" bev="0" fileid="2" />
                <SequencePoint vc="0" uspid="4808" ordinal="0" offset="54" sl="38" sc="0" el="38" ec="0" bec="0" bev="0" fileid="2" />
                <SequencePoint vc="0" uspid="4809" ordinal="0" offset="76" sl="39" sc="0" el="39" ec="0" bec="0" bev="0" fileid="2" />
                <SequencePoint vc="0" uspid="4810" ordinal="0" offset="84" sl="40" sc="0" el="40" ec="0" bec="0" bev="0" fileid="2" />
                <SequencePoint vc="0" uspid="4811" ordinal="0" offset="97" sl="41" sc="0" el="41" ec="0" bec="0" bev="0" fileid="2" />
                <SequencePoint vc="0" uspid="4812" ordinal="0" offset="98" sl="42" sc="0" el="42" ec="0" bec="0" bev="0" fileid="2" />
                <SequencePoint vc="0" uspid="4813" ordinal="0" offset="99" sl="43" sc="0" el="43" ec="0" bec="0" bev="0" fileid="2" />
              </SequencePoints>
              <BranchPoints />
            </Method>
            <Method visited="false" cyclomaticComplexity="2" nPathComplexity="0" sequenceCoverage="0.0" branchCoverage="0" crapScore="6" isConstructor="false" isStatic="false" isGetter="false" isSetter="false">
              <Summary numSequencePoints="8" visitedSequencePoints="0" numBranchPoints="0" visitedBranchPoints="0" sequenceCoverage="0.0" branchCoverage="0" maxCyclomaticComplexity="2" minCyclomaticComplexity="2" maxCrapScore="6" minCrapScore="6" visitedClasses="0" numClasses="0" visitedMethods="0" numMethods="1" />
              <MetadataToken>100663303</MetadataToken>
              <Name>System.Void Collision::StartGrab(UnityEngine.XR.Interaction.Toolkit.Interactables.XRGrabInteractable)</Name>
              <FileRef uid="2" />
              <SequencePoints>
                <SequencePoint vc="0" uspid="4814" ordinal="0" offset="0" sl="46" sc="0" el="46" ec="0" bec="0" bev="0" fileid="2" />
                <SequencePoint vc="0" uspid="4815" ordinal="0" offset="1" sl="47" sc="0" el="47" ec="0" bec="0" bev="0" fileid="2" />
                <SequencePoint vc="0" uspid="4816" ordinal="0" offset="3" sl="48" sc="0" el="48" ec="0" bec="0" bev="0" fileid="2" />
                <SequencePoint vc="0" uspid="4817" ordinal="0" offset="11" sl="49" sc="0" el="49" ec="0" bec="0" bev="0" fileid="2" />
                <SequencePoint vc="0" uspid="4818" ordinal="0" offset="12" sl="50" sc="0" el="50" ec="0" bec="0" bev="0" fileid="2" />
                <SequencePoint vc="0" uspid="4819" ordinal="0" offset="25" sl="51" sc="0" el="51" ec="0" bec="0" bev="0" fileid="2" />
                <SequencePoint vc="0" uspid="4820" ordinal="0" offset="37" sl="52" sc="0" el="52" ec="0" bec="0" bev="0" fileid="2" />
                <SequencePoint vc="0" uspid="4821" ordinal="0" offset="38" sl="53" sc="0" el="53" ec="0" bec="0" bev="0" fileid="2" />
              </SequencePoints>
              <BranchPoints />
            </Method>
            <Method visited="false" cyclomaticComplexity="2" nPathComplexity="0" sequenceCoverage="0.0" branchCoverage="0" crapScore="6" isConstructor="false" isStatic="false" isGetter="false" isSetter="false">
              <Summary numSequencePoints="8" visitedSequencePoints="0" numBranchPoints="0" visitedBranchPoints="0" sequenceCoverage="0.0" branchCoverage="0" maxCyclomaticComplexity="2" minCyclomaticComplexity="2" maxCrapScore="6" minCrapScore="6" visitedClasses="0" numClasses="0" visitedMethods="0" numMethods="1" />
              <MetadataToken>100663304</MetadataToken>
              <Name>System.Void Collision::EndGrab()</Name>
              <FileRef uid="2" />
              <SequencePoints>
                <SequencePoint vc="0" uspid="4822" ordinal="0" offset="0" sl="56" sc="0" el="56" ec="0" bec="0" bev="0" fileid="2" />
                <SequencePoint vc="0" uspid="4823" ordinal="0" offset="1" sl="57" sc="0" el="57" ec="0" bec="0" bev="0" fileid="2" />
                <SequencePoint vc="0" uspid="4824" ordinal="0" offset="17" sl="58" sc="0" el="58" ec="0" bec="0" bev="0" fileid="2" />
                <SequencePoint vc="0" uspid="4825" ordinal="0" offset="18" sl="59" sc="0" el="59" ec="0" bec="0" bev="0" fileid="2" />
                <SequencePoint vc="0" uspid="4826" ordinal="0" offset="30" sl="60" sc="0" el="60" ec="0" bec="0" bev="0" fileid="2" />
                <SequencePoint vc="0" uspid="4827" ordinal="0" offset="41" sl="61" sc="0" el="61" ec="0" bec="0" bev="0" fileid="2" />
                <SequencePoint vc="0" uspid="4828" ordinal="0" offset="48" sl="62" sc="0" el="62" ec="0" bec="0" bev="0" fileid="2" />
                <SequencePoint vc="0" uspid="4829" ordinal="0" offset="49" sl="63" sc="0" el="63" ec="0" bec="0" bev="0" fileid="2" />
              </SequencePoints>
              <BranchPoints />
            </Method>
            <Method visited="false" cyclomaticComplexity="5" nPathComplexity="0" sequenceCoverage="0.0" branchCoverage="0" crapScore="30" isConstructor="false" isStatic="false" isGetter="false" isSetter="false">
              <Summary numSequencePoints="32" visitedSequencePoints="0" numBranchPoints="0" visitedBranchPoints="0" sequenceCoverage="0.0" branchCoverage="0" maxCyclomaticComplexity="5" minCyclomaticComplexity="5" maxCrapScore="30" minCrapScore="30" visitedClasses="0" numClasses="0" visitedMethods="0" numMethods="1" />
              <MetadataToken>100663306</MetadataToken>
              <Name>System.Void Collision::ReadPositionsFromFile()</Name>
              <FileRef uid="2" />
              <SequencePoints>
                <SequencePoint vc="0" uspid="4830" ordinal="0" offset="0" sl="81" sc="0" el="81" ec="0" bec="0" bev="0" fileid="2" />
                <SequencePoint vc="0" uspid="4831" ordinal="0" offset="1" sl="82" sc="0" el="82" ec="0" bec="0" bev="0" fileid="2" />
                <SequencePoint vc="0" uspid="4832" ordinal="0" offset="19" sl="83" sc="0" el="83" ec="0" bec="0" bev="0" fileid="2" />
                <SequencePoint vc="0" uspid="4833" ordinal="0" offset="20" sl="84" sc="0" el="84" ec="0" bec="0" bev="0" fileid="2" />
                <SequencePoint vc="0" uspid="4834" ordinal="0" offset="42" sl="85" sc="0" el="85" ec="0" bec="0" bev="0" fileid="2" />
                <SequencePoint vc="0" uspid="4835" ordinal="0" offset="47" sl="88" sc="0" el="88" ec="0" bec="0" bev="0" fileid="2" />
                <SequencePoint vc="0" uspid="4836" ordinal="0" offset="59" sl="89" sc="0" el="89" ec="0" bec="0" bev="0" fileid="2" />
                <SequencePoint vc="0" uspid="4837" ordinal="0" offset="65" sl="91" sc="0" el="91" ec="0" bec="0" bev="0" fileid="2" />
                <SequencePoint vc="0" uspid="4838" ordinal="0" offset="66" sl="91" sc="0" el="91" ec="0" bec="0" bev="0" fileid="2" />
                <SequencePoint vc="0" uspid="4839" ordinal="0" offset="76" sl="91" sc="0" el="91" ec="0" bec="0" bev="0" fileid="2" />
                <SequencePoint vc="0" uspid="4840" ordinal="0" offset="82" sl="92" sc="0" el="92" ec="0" bec="0" bev="0" fileid="2" />
                <SequencePoint vc="0" uspid="4841" ordinal="0" offset="83" sl="93" sc="0" el="93" ec="0" bec="0" bev="0" fileid="2" />
                <SequencePoint vc="0" uspid="4842" ordinal="0" offset="93" sl="94" sc="0" el="94" ec="0" bec="0" bev="0" fileid="2" />
                <SequencePoint vc="0" uspid="4843" ordinal="0" offset="109" sl="95" sc="0" el="95" ec="0" bec="0" bev="0" fileid="2" />
                <SequencePoint vc="0" uspid="4844" ordinal="0" offset="110" sl="96" sc="0" el="96" ec="0" bec="0" bev="0" fileid="2" />
                <SequencePoint vc="0" uspid="4845" ordinal="0" offset="138" sl="97" sc="0" el="97" ec="0" bec="0" bev="0" fileid="2" />
                <SequencePoint vc="0" uspid="4846" ordinal="0" offset="151" sl="98" sc="0" el="98" ec="0" bec="0" bev="0" fileid="2" />
                <SequencePoint vc="0" uspid="4847" ordinal="0" offset="152" sl="100" sc="0" el="100" ec="0" bec="0" bev="0" fileid="2" />
                <SequencePoint vc="0" uspid="4848" ordinal="0" offset="153" sl="101" sc="0" el="101" ec="0" bec="0" bev="0" fileid="2" />
                <SequencePoint vc="0" uspid="4849" ordinal="0" offset="174" sl="102" sc="0" el="102" ec="0" bec="0" bev="0" fileid="2" />
                <SequencePoint vc="0" uspid="4850" ordinal="0" offset="195" sl="103" sc="0" el="103" ec="0" bec="0" bev="0" fileid="2" />
                <SequencePoint vc="0" uspid="4851" ordinal="0" offset="216" sl="104" sc="0" el="104" ec="0" bec="0" bev="0" fileid="2" />
                <SequencePoint vc="0" uspid="4852" ordinal="0" offset="239" sl="105" sc="0" el="105" ec="0" bec="0" bev="0" fileid="2" />
                <SequencePoint vc="0" uspid="4853" ordinal="0" offset="242" sl="106" sc="0" el="106" ec="0" bec="0" bev="0" fileid="2" />
                <SequencePoint vc="0" uspid="4854" ordinal="0" offset="244" sl="107" sc="0" el="107" ec="0" bec="0" bev="0" fileid="2" />
                <SequencePoint vc="0" uspid="4855" ordinal="0" offset="245" sl="108" sc="0" el="108" ec="0" bec="0" bev="0" fileid="2" />
                <SequencePoint vc="0" uspid="4856" ordinal="0" offset="268" sl="109" sc="0" el="109" ec="0" bec="0" bev="0" fileid="2" />
                <SequencePoint vc="0" uspid="4857" ordinal="0" offset="271" sl="110" sc="0" el="110" ec="0" bec="0" bev="0" fileid="2" />
                <SequencePoint vc="0" uspid="4858" ordinal="0" offset="272" sl="111" sc="0" el="111" ec="0" bec="0" bev="0" fileid="2" />
                <SequencePoint vc="0" uspid="4859" ordinal="0" offset="273" sl="112" sc="0" el="112" ec="0" bec="0" bev="0" fileid="2" />
                <SequencePoint vc="0" uspid="4860" ordinal="0" offset="280" sl="91" sc="0" el="91" ec="0" bec="0" bev="0" fileid="2" />
                <SequencePoint vc="0" uspid="4861" ordinal="0" offset="290" sl="113" sc="0" el="113" ec="0" bec="0" bev="0" fileid="2" />
              </SequencePoints>
              <BranchPoints />
            </Method>
            <Method visited="false" cyclomaticComplexity="1" nPathComplexity="0" sequenceCoverage="0.0" branchCoverage="0" crapScore="2" isConstructor="true" isStatic="false" isGetter="false" isSetter="false">
              <Summary numSequencePoints="5" visitedSequencePoints="0" numBranchPoints="0" visitedBranchPoints="0" sequenceCoverage="0.0" branchCoverage="0" maxCyclomaticComplexity="1" minCyclomaticComplexity="1" maxCrapScore="2" minCrapScore="2" visitedClasses="0" numClasses="0" visitedMethods="0" numMethods="1" />
              <MetadataToken>100663307</MetadataToken>
              <Name>Collision::Collision()</Name>
              <FileRef uid="2" />
              <SequencePoints>
                <SequencePoint vc="0" uspid="4862" ordinal="0" offset="0" sl="13" sc="0" el="13" ec="0" bec="0" bev="0" fileid="2" />
                <SequencePoint vc="0" uspid="4863" ordinal="0" offset="11" sl="14" sc="0" el="14" ec="0" bec="0" bev="0" fileid="2" />
                <SequencePoint vc="0" uspid="4864" ordinal="0" offset="18" sl="15" sc="0" el="15" ec="0" bec="0" bev="0" fileid="2" />
                <SequencePoint vc="0" uspid="4865" ordinal="0" offset="29" sl="16" sc="0" el="16" ec="0" bec="0" bev="0" fileid="2" />
                <SequencePoint vc="0" uspid="4866" ordinal="0" offset="40" sl="17" sc="0" el="17" ec="0" bec="0" bev="0" fileid="2" />
              </SequencePoints>
              <BranchPoints />
            </Method>
          </Methods>
        </Class>
        <Class>
          <Summary numSequencePoints="94" visitedSequencePoints="0" numBranchPoints="0" visitedBranchPoints="0" sequenceCoverage="0.0" branchCoverage="0.0" maxCyclomaticComplexity="6" minCyclomaticComplexity="1" maxCrapScore="42" minCrapScore="2" visitedClasses="0" numClasses="1" visitedMethods="0" numMethods="5" />
          <FullName>SelectAndMoveToOrigin</FullName>
          <Methods>
            <Method visited="false" cyclomaticComplexity="3" nPathComplexity="0" sequenceCoverage="0.0" branchCoverage="0" crapScore="12" isConstructor="false" isStatic="false" isGetter="false" isSetter="false">
              <Summary numSequencePoints="16" visitedSequencePoints="0" numBranchPoints="0" visitedBranchPoints="0" sequenceCoverage="0.0" branchCoverage="0" maxCyclomaticComplexity="3" minCyclomaticComplexity="3" maxCrapScore="12" minCrapScore="12" visitedClasses="0" numClasses="0" visitedMethods="0" numMethods="1" />
              <MetadataToken>100663308</MetadataToken>
              <Name>System.Void SelectAndMoveToOrigin::Start()</Name>
              <FileRef uid="3" />
              <SequencePoints>
                <SequencePoint vc="0" uspid="4867" ordinal="0" offset="0" sl="23" sc="0" el="23" ec="0" bec="0" bev="0" fileid="3" />
                <SequencePoint vc="0" uspid="4868" ordinal="0" offset="1" sl="24" sc="0" el="24" ec="0" bec="0" bev="0" fileid="3" />
                <SequencePoint vc="0" uspid="4869" ordinal="0" offset="13" sl="25" sc="0" el="25" ec="0" bec="0" bev="0" fileid="3" />
                <SequencePoint vc="0" uspid="4870" ordinal="0" offset="20" sl="27" sc="0" el="27" ec="0" bec="0" bev="0" fileid="3" />
                <SequencePoint vc="0" uspid="4871" ordinal="0" offset="38" sl="28" sc="0" el="28" ec="0" bec="0" bev="0" fileid="3" />
                <SequencePoint vc="0" uspid="4872" ordinal="0" offset="39" sl="29" sc="0" el="29" ec="0" bec="0" bev="0" fileid="3" />
                <SequencePoint vc="0" uspid="4873" ordinal="0" offset="52" sl="30" sc="0" el="30" ec="0" bec="0" bev="0" fileid="3" />
                <SequencePoint vc="0" uspid="4874" ordinal="0" offset="55" sl="32" sc="0" el="32" ec="0" bec="0" bev="0" fileid="3" />
                <SequencePoint vc="0" uspid="4875" ordinal="0" offset="56" sl="33" sc="0" el="33" ec="0" bec="0" bev="0" fileid="3" />
                <SequencePoint vc="0" uspid="4876" ordinal="0" offset="67" sl="34" sc="0" el="34" ec="0" bec="0" bev="0" fileid="3" />
                <SequencePoint vc="0" uspid="4877" ordinal="0" offset="68" sl="36" sc="0" el="36" ec="0" bec="0" bev="0" fileid="3" />
                <SequencePoint vc="0" uspid="4878" ordinal="0" offset="85" sl="37" sc="0" el="37" ec="0" bec="0" bev="0" fileid="3" />
                <SequencePoint vc="0" uspid="4879" ordinal="0" offset="101" sl="38" sc="0" el="38" ec="0" bec="0" bev="0" fileid="3" />
                <SequencePoint vc="0" uspid="4880" ordinal="0" offset="102" sl="39" sc="0" el="39" ec="0" bec="0" bev="0" fileid="3" />
                <SequencePoint vc="0" uspid="4881" ordinal="0" offset="113" sl="40" sc="0" el="40" ec="0" bec="0" bev="0" fileid="3" />
                <SequencePoint vc="0" uspid="4882" ordinal="0" offset="114" sl="41" sc="0" el="41" ec="0" bec="0" bev="0" fileid="3" />
              </SequencePoints>
              <BranchPoints />
            </Method>
            <Method visited="false" cyclomaticComplexity="5" nPathComplexity="0" sequenceCoverage="0.0" branchCoverage="0" crapScore="30" isConstructor="false" isStatic="false" isGetter="false" isSetter="false">
              <Summary numSequencePoints="35" visitedSequencePoints="0" numBranchPoints="0" visitedBranchPoints="0" sequenceCoverage="0.0" branchCoverage="0" maxCyclomaticComplexity="5" minCyclomaticComplexity="5" maxCrapScore="30" minCrapScore="30" visitedClasses="0" numClasses="0" visitedMethods="0" numMethods="1" />
              <MetadataToken>100663309</MetadataToken>
              <Name>System.Void SelectAndMoveToOrigin::ReadPositionsFromFile()</Name>
              <FileRef uid="3" />
              <SequencePoints>
                <SequencePoint vc="0" uspid="4883" ordinal="0" offset="0" sl="44" sc="0" el="44" ec="0" bec="0" bev="0" fileid="3" />
                <SequencePoint vc="0" uspid="4884" ordinal="0" offset="1" sl="45" sc="0" el="45" ec="0" bec="0" bev="0" fileid="3" />
                <SequencePoint vc="0" uspid="4885" ordinal="0" offset="19" sl="46" sc="0" el="46" ec="0" bec="0" bev="0" fileid="3" />
                <SequencePoint vc="0" uspid="4886" ordinal="0" offset="20" sl="47" sc="0" el="47" ec="0" bec="0" bev="0" fileid="3" />
                <SequencePoint vc="0" uspid="4887" ordinal="0" offset="32" sl="48" sc="0" el="48" ec="0" bec="0" bev="0" fileid="3" />
                <SequencePoint vc="0" uspid="4888" ordinal="0" offset="38" sl="50" sc="0" el="50" ec="0" bec="0" bev="0" fileid="3" />
                <SequencePoint vc="0" uspid="4889" ordinal="0" offset="39" sl="50" sc="0" el="50" ec="0" bec="0" bev="0" fileid="3" />
                <SequencePoint vc="0" uspid="4890" ordinal="0" offset="49" sl="50" sc="0" el="50" ec="0" bec="0" bev="0" fileid="3" />
                <SequencePoint vc="0" uspid="4891" ordinal="0" offset="55" sl="51" sc="0" el="51" ec="0" bec="0" bev="0" fileid="3" />
                <SequencePoint vc="0" uspid="4892" ordinal="0" offset="56" sl="52" sc="0" el="52" ec="0" bec="0" bev="0" fileid="3" />
                <SequencePoint vc="0" uspid="4893" ordinal="0" offset="66" sl="53" sc="0" el="53" ec="0" bec="0" bev="0" fileid="3" />
                <SequencePoint vc="0" uspid="4894" ordinal="0" offset="82" sl="54" sc="0" el="54" ec="0" bec="0" bev="0" fileid="3" />
                <SequencePoint vc="0" uspid="4895" ordinal="0" offset="83" sl="55" sc="0" el="55" ec="0" bec="0" bev="0" fileid="3" />
                <SequencePoint vc="0" uspid="4896" ordinal="0" offset="111" sl="57" sc="0" el="57" ec="0" bec="0" bev="0" fileid="3" />
                <SequencePoint vc="0" uspid="4897" ordinal="0" offset="124" sl="58" sc="0" el="58" ec="0" bec="0" bev="0" fileid="3" />
                <SequencePoint vc="0" uspid="4898" ordinal="0" offset="125" sl="60" sc="0" el="60" ec="0" bec="0" bev="0" fileid="3" />
                <SequencePoint vc="0" uspid="4899" ordinal="0" offset="126" sl="61" sc="0" el="61" ec="0" bec="0" bev="0" fileid="3" />
                <SequencePoint vc="0" uspid="4900" ordinal="0" offset="147" sl="62" sc="0" el="62" ec="0" bec="0" bev="0" fileid="3" />
                <SequencePoint vc="0" uspid="4901" ordinal="0" offset="168" sl="63" sc="0" el="63" ec="0" bec="0" bev="0" fileid="3" />
                <SequencePoint vc="0" uspid="4902" ordinal="0" offset="189" sl="65" sc="0" el="65" ec="0" bec="0" bev="0" fileid="3" />
                <SequencePoint vc="0" uspid="4903" ordinal="0" offset="212" sl="66" sc="0" el="66" ec="0" bec="0" bev="0" fileid="3" />
                <SequencePoint vc="0" uspid="4904" ordinal="0" offset="215" sl="67" sc="0" el="67" ec="0" bec="0" bev="0" fileid="3" />
                <SequencePoint vc="0" uspid="4905" ordinal="0" offset="217" sl="68" sc="0" el="68" ec="0" bec="0" bev="0" fileid="3" />
                <SequencePoint vc="0" uspid="4906" ordinal="0" offset="218" sl="69" sc="0" el="69" ec="0" bec="0" bev="0" fileid="3" />
                <SequencePoint vc="0" uspid="4907" ordinal="0" offset="241" sl="70" sc="0" el="70" ec="0" bec="0" bev="0" fileid="3" />
                <SequencePoint vc="0" uspid="4908" ordinal="0" offset="244" sl="71" sc="0" el="71" ec="0" bec="0" bev="0" fileid="3" />
                <SequencePoint vc="0" uspid="4909" ordinal="0" offset="245" sl="72" sc="0" el="72" ec="0" bec="0" bev="0" fileid="3" />
                <SequencePoint vc="0" uspid="4910" ordinal="0" offset="246" sl="73" sc="0" el="73" ec="0" bec="0" bev="0" fileid="3" />
                <SequencePoint vc="0" uspid="4911" ordinal="0" offset="253" sl="50" sc="0" el="50" ec="0" bec="0" bev="0" fileid="3" />
                <SequencePoint vc="0" uspid="4912" ordinal="0" offset="263" sl="74" sc="0" el="74" ec="0" bec="0" bev="0" fileid="3" />
                <SequencePoint vc="0" uspid="4913" ordinal="0" offset="299" sl="75" sc="0" el="75" ec="0" bec="0" bev="0" fileid="3" />
                <SequencePoint vc="0" uspid="4914" ordinal="0" offset="302" sl="77" sc="0" el="77" ec="0" bec="0" bev="0" fileid="3" />
                <SequencePoint vc="0" uspid="4915" ordinal="0" offset="303" sl="78" sc="0" el="78" ec="0" bec="0" bev="0" fileid="3" />
                <SequencePoint vc="0" uspid="4916" ordinal="0" offset="325" sl="79" sc="0" el="79" ec="0" bec="0" bev="0" fileid="3" />
                <SequencePoint vc="0" uspid="4917" ordinal="0" offset="326" sl="80" sc="0" el="80" ec="0" bec="0" bev="0" fileid="3" />
              </SequencePoints>
              <BranchPoints />
            </Method>
            <Method visited="false" cyclomaticComplexity="5" nPathComplexity="0" sequenceCoverage="0.0" branchCoverage="0" crapScore="30" isConstructor="false" isStatic="false" isGetter="false" isSetter="false">
              <Summary numSequencePoints="24" visitedSequencePoints="0" numBranchPoints="0" visitedBranchPoints="0" sequenceCoverage="0.0" branchCoverage="0" maxCyclomaticComplexity="5" minCyclomaticComplexity="5" maxCrapScore="30" minCrapScore="30" visitedClasses="0" numClasses="0" visitedMethods="0" numMethods="1" />
              <MetadataToken>100663311</MetadataToken>
              <Name>System.Void SelectAndMoveToOrigin::OnTriggerEnter(UnityEngine.Collider)</Name>
              <FileRef uid="3" />
              <SequencePoints>
                <SequencePoint vc="0" uspid="4918" ordinal="0" offset="0" sl="95" sc="0" el="95" ec="0" bec="0" bev="0" fileid="3" />
                <SequencePoint vc="0" uspid="4919" ordinal="0" offset="1" sl="96" sc="0" el="96" ec="0" bec="0" bev="0" fileid="3" />
                <SequencePoint vc="0" uspid="4920" ordinal="0" offset="15" sl="97" sc="0" el="97" ec="0" bec="0" bev="0" fileid="3" />
                <SequencePoint vc="0" uspid="4921" ordinal="0" offset="16" sl="98" sc="0" el="98" ec="0" bec="0" bev="0" fileid="3" />
                <SequencePoint vc="0" uspid="4922" ordinal="0" offset="38" sl="100" sc="0" el="100" ec="0" bec="0" bev="0" fileid="3" />
                <SequencePoint vc="0" uspid="4923" ordinal="0" offset="71" sl="101" sc="0" el="101" ec="0" bec="0" bev="0" fileid="3" />
                <SequencePoint vc="0" uspid="4924" ordinal="0" offset="72" sl="102" sc="0" el="102" ec="0" bec="0" bev="0" fileid="3" />
                <SequencePoint vc="0" uspid="4925" ordinal="0" offset="79" sl="104" sc="0" el="104" ec="0" bec="0" bev="0" fileid="3" />
                <SequencePoint vc="0" uspid="4926" ordinal="0" offset="90" sl="105" sc="0" el="105" ec="0" bec="0" bev="0" fileid="3" />
                <SequencePoint vc="0" uspid="4927" ordinal="0" offset="91" sl="106" sc="0" el="106" ec="0" bec="0" bev="0" fileid="3" />
                <SequencePoint vc="0" uspid="4928" ordinal="0" offset="110" sl="107" sc="0" el="107" ec="0" bec="0" bev="0" fileid="3" />
                <SequencePoint vc="0" uspid="4929" ordinal="0" offset="123" sl="109" sc="0" el="109" ec="0" bec="0" bev="0" fileid="3" />
                <SequencePoint vc="0" uspid="4930" ordinal="0" offset="145" sl="111" sc="0" el="111" ec="0" bec="0" bev="0" fileid="3" />
                <SequencePoint vc="0" uspid="4931" ordinal="0" offset="152" sl="112" sc="0" el="112" ec="0" bec="0" bev="0" fileid="3" />
                <SequencePoint vc="0" uspid="4932" ordinal="0" offset="165" sl="113" sc="0" el="113" ec="0" bec="0" bev="0" fileid="3" />
                <SequencePoint vc="0" uspid="4933" ordinal="0" offset="168" sl="115" sc="0" el="115" ec="0" bec="0" bev="0" fileid="3" />
                <SequencePoint vc="0" uspid="4934" ordinal="0" offset="169" sl="116" sc="0" el="116" ec="0" bec="0" bev="0" fileid="3" />
                <SequencePoint vc="0" uspid="4935" ordinal="0" offset="180" sl="117" sc="0" el="117" ec="0" bec="0" bev="0" fileid="3" />
                <SequencePoint vc="0" uspid="4936" ordinal="0" offset="181" sl="118" sc="0" el="118" ec="0" bec="0" bev="0" fileid="3" />
                <SequencePoint vc="0" uspid="4937" ordinal="0" offset="184" sl="120" sc="0" el="120" ec="0" bec="0" bev="0" fileid="3" />
                <SequencePoint vc="0" uspid="4938" ordinal="0" offset="185" sl="121" sc="0" el="121" ec="0" bec="0" bev="0" fileid="3" />
                <SequencePoint vc="0" uspid="4939" ordinal="0" offset="196" sl="122" sc="0" el="122" ec="0" bec="0" bev="0" fileid="3" />
                <SequencePoint vc="0" uspid="4940" ordinal="0" offset="197" sl="123" sc="0" el="123" ec="0" bec="0" bev="0" fileid="3" />
                <SequencePoint vc="0" uspid="4941" ordinal="0" offset="198" sl="124" sc="0" el="124" ec="0" bec="0" bev="0" fileid="3" />
              </SequencePoints>
              <BranchPoints />
            </Method>
            <Method visited="false" cyclomaticComplexity="6" nPathComplexity="0" sequenceCoverage="0.0" branchCoverage="0" crapScore="42" isConstructor="false" isStatic="false" isGetter="false" isSetter="false">
              <Summary numSequencePoints="15" visitedSequencePoints="0" numBranchPoints="0" visitedBranchPoints="0" sequenceCoverage="0.0" branchCoverage="0" maxCyclomaticComplexity="6" minCyclomaticComplexity="6" maxCrapScore="42" minCrapScore="42" visitedClasses="0" numClasses="0" visitedMethods="0" numMethods="1" />
              <MetadataToken>100663312</MetadataToken>
              <Name>System.Void SelectAndMoveToOrigin::OnTriggerExit(UnityEngine.Collider)</Name>
              <FileRef uid="3" />
              <SequencePoints>
                <SequencePoint vc="0" uspid="4942" ordinal="0" offset="0" sl="127" sc="0" el="127" ec="0" bec="0" bev="0" fileid="3" />
                <SequencePoint vc="0" uspid="4943" ordinal="0" offset="1" sl="128" sc="0" el="128" ec="0" bec="0" bev="0" fileid="3" />
                <SequencePoint vc="0" uspid="4944" ordinal="0" offset="53" sl="129" sc="0" el="129" ec="0" bec="0" bev="0" fileid="3" />
                <SequencePoint vc="0" uspid="4945" ordinal="0" offset="54" sl="130" sc="0" el="130" ec="0" bec="0" bev="0" fileid="3" />
                <SequencePoint vc="0" uspid="4946" ordinal="0" offset="76" sl="132" sc="0" el="132" ec="0" bec="0" bev="0" fileid="3" />
                <SequencePoint vc="0" uspid="4947" ordinal="0" offset="109" sl="133" sc="0" el="133" ec="0" bec="0" bev="0" fileid="3" />
                <SequencePoint vc="0" uspid="4948" ordinal="0" offset="110" sl="134" sc="0" el="134" ec="0" bec="0" bev="0" fileid="3" />
                <SequencePoint vc="0" uspid="4949" ordinal="0" offset="122" sl="135" sc="0" el="135" ec="0" bec="0" bev="0" fileid="3" />
                <SequencePoint vc="0" uspid="4950" ordinal="0" offset="146" sl="136" sc="0" el="136" ec="0" bec="0" bev="0" fileid="3" />
                <SequencePoint vc="0" uspid="4951" ordinal="0" offset="153" sl="137" sc="0" el="137" ec="0" bec="0" bev="0" fileid="3" />
                <SequencePoint vc="0" uspid="4952" ordinal="0" offset="156" sl="139" sc="0" el="139" ec="0" bec="0" bev="0" fileid="3" />
                <SequencePoint vc="0" uspid="4953" ordinal="0" offset="157" sl="140" sc="0" el="140" ec="0" bec="0" bev="0" fileid="3" />
                <SequencePoint vc="0" uspid="4954" ordinal="0" offset="168" sl="141" sc="0" el="141" ec="0" bec="0" bev="0" fileid="3" />
                <SequencePoint vc="0" uspid="4955" ordinal="0" offset="169" sl="142" sc="0" el="142" ec="0" bec="0" bev="0" fileid="3" />
                <SequencePoint vc="0" uspid="4956" ordinal="0" offset="170" sl="143" sc="0" el="143" ec="0" bec="0" bev="0" fileid="3" />
              </SequencePoints>
              <BranchPoints />
            </Method>
            <Method visited="false" cyclomaticComplexity="1" nPathComplexity="0" sequenceCoverage="0.0" branchCoverage="0" crapScore="2" isConstructor="true" isStatic="false" isGetter="false" isSetter="false">
              <Summary numSequencePoints="4" visitedSequencePoints="0" numBranchPoints="0" visitedBranchPoints="0" sequenceCoverage="0.0" branchCoverage="0" maxCyclomaticComplexity="1" minCyclomaticComplexity="1" maxCrapScore="2" minCrapScore="2" visitedClasses="0" numClasses="0" visitedMethods="0" numMethods="1" />
              <MetadataToken>100663314</MetadataToken>
              <Name>SelectAndMoveToOrigin::SelectAndMoveToOrigin()</Name>
              <FileRef uid="3" />
              <SequencePoints>
                <SequencePoint vc="0" uspid="4957" ordinal="0" offset="0" sl="12" sc="0" el="12" ec="0" bec="0" bev="0" fileid="3" />
                <SequencePoint vc="0" uspid="4958" ordinal="0" offset="11" sl="13" sc="0" el="13" ec="0" bec="0" bev="0" fileid="3" />
                <SequencePoint vc="0" uspid="4959" ordinal="0" offset="18" sl="15" sc="0" el="15" ec="0" bec="0" bev="0" fileid="3" />
                <SequencePoint vc="0" uspid="4960" ordinal="0" offset="29" sl="16" sc="0" el="16" ec="0" bec="0" bev="0" fileid="3" />
              </SequencePoints>
              <BranchPoints />
            </Method>
          </Methods>
        </Class>
        <Class>
          <Summary numSequencePoints="55" visitedSequencePoints="0" numBranchPoints="0" visitedBranchPoints="0" sequenceCoverage="0.0" branchCoverage="0.0" maxCyclomaticComplexity="3" minCyclomaticComplexity="1" maxCrapScore="12" minCrapScore="2" visitedClasses="0" numClasses="1" visitedMethods="0" numMethods="5" />
          <FullName>TeleportAtObject</FullName>
          <Methods>
            <Method visited="false" cyclomaticComplexity="2" nPathComplexity="0" sequenceCoverage="0.0" branchCoverage="0" crapScore="6" isConstructor="false" isStatic="false" isGetter="false" isSetter="false">
              <Summary numSequencePoints="10" visitedSequencePoints="0" numBranchPoints="0" visitedBranchPoints="0" sequenceCoverage="0.0" branchCoverage="0" maxCyclomaticComplexity="2" minCyclomaticComplexity="2" maxCrapScore="6" minCrapScore="6" visitedClasses="0" numClasses="0" visitedMethods="0" numMethods="1" />
              <MetadataToken>100663317</MetadataToken>
              <Name>System.Void TeleportAtObject::Start()</Name>
              <FileRef uid="4" />
              <SequencePoints>
                <SequencePoint vc="0" uspid="4961" ordinal="0" offset="0" sl="31" sc="5" el="31" ec="5" bec="0" bev="0" fileid="4" />
                <SequencePoint vc="0" uspid="4962" ordinal="0" offset="1" sl="33" sc="9" el="33" ec="9" bec="0" bev="0" fileid="4" />
                <SequencePoint vc="0" uspid="4963" ordinal="0" offset="8" sl="36" sc="9" el="36" ec="9" bec="0" bev="0" fileid="4" />
                <SequencePoint vc="0" uspid="4964" ordinal="0" offset="26" sl="37" sc="9" el="37" ec="9" bec="0" bev="0" fileid="4" />
                <SequencePoint vc="0" uspid="4965" ordinal="0" offset="27" sl="38" sc="13" el="38" ec="13" bec="0" bev="0" fileid="4" />
                <SequencePoint vc="0" uspid="4966" ordinal="0" offset="40" sl="39" sc="9" el="39" ec="9" bec="0" bev="0" fileid="4" />
                <SequencePoint vc="0" uspid="4967" ordinal="0" offset="43" sl="41" sc="9" el="41" ec="9" bec="0" bev="0" fileid="4" />
                <SequencePoint vc="0" uspid="4968" ordinal="0" offset="44" sl="42" sc="13" el="42" ec="13" bec="0" bev="0" fileid="4" />
                <SequencePoint vc="0" uspid="4969" ordinal="0" offset="55" sl="43" sc="9" el="43" ec="9" bec="0" bev="0" fileid="4" />
                <SequencePoint vc="0" uspid="4970" ordinal="0" offset="56" sl="44" sc="5" el="44" ec="5" bec="0" bev="0" fileid="4" />
              </SequencePoints>
              <BranchPoints />
            </Method>
            <Method visited="false" cyclomaticComplexity="3" nPathComplexity="0" sequenceCoverage="0.0" branchCoverage="0" crapScore="12" isConstructor="false" isStatic="false" isGetter="false" isSetter="false">
              <Summary numSequencePoints="16" visitedSequencePoints="0" numBranchPoints="0" visitedBranchPoints="0" sequenceCoverage="0.0" branchCoverage="0" maxCyclomaticComplexity="3" minCyclomaticComplexity="3" maxCrapScore="12" minCrapScore="12" visitedClasses="0" numClasses="0" visitedMethods="0" numMethods="1" />
              <MetadataToken>100663318</MetadataToken>
              <Name>System.Void TeleportAtObject::ReadPositionsFromFile()</Name>
              <FileRef uid="4" />
              <SequencePoints>
                <SequencePoint vc="0" uspid="4971" ordinal="0" offset="0" sl="50" sc="5" el="50" ec="5" bec="0" bev="0" fileid="4" />
                <SequencePoint vc="0" uspid="4972" ordinal="0" offset="1" sl="51" sc="9" el="51" ec="9" bec="0" bev="0" fileid="4" />
                <SequencePoint vc="0" uspid="4973" ordinal="0" offset="19" sl="52" sc="9" el="52" ec="9" bec="0" bev="0" fileid="4" />
                <SequencePoint vc="0" uspid="4974" ordinal="0" offset="20" sl="53" sc="13" el="53" ec="13" bec="0" bev="0" fileid="4" />
                <SequencePoint vc="0" uspid="4975" ordinal="0" offset="42" sl="54" sc="13" el="54" ec="13" bec="0" bev="0" fileid="4" />
                <SequencePoint vc="0" uspid="4976" ordinal="0" offset="44" sl="57" sc="9" el="57" ec="9" bec="0" bev="0" fileid="4" />
                <SequencePoint vc="0" uspid="4977" ordinal="0" offset="56" sl="58" sc="9" el="58" ec="9" bec="0" bev="0" fileid="4" />
                <SequencePoint vc="0" uspid="4978" ordinal="0" offset="62" sl="60" sc="9" el="60" ec="9" bec="0" bev="0" fileid="4" />
                <SequencePoint vc="0" uspid="4979" ordinal="0" offset="63" sl="60" sc="33" el="60" ec="33" bec="0" bev="0" fileid="4" />
                <SequencePoint vc="0" uspid="4980" ordinal="0" offset="70" sl="60" sc="18" el="60" ec="18" bec="0" bev="0" fileid="4" />
                <SequencePoint vc="0" uspid="4981" ordinal="0" offset="76" sl="61" sc="9" el="61" ec="9" bec="0" bev="0" fileid="4" />
                <SequencePoint vc="0" uspid="4982" ordinal="0" offset="77" sl="62" sc="13" el="62" ec="13" bec="0" bev="0" fileid="4" />
                <SequencePoint vc="0" uspid="4983" ordinal="0" offset="87" sl="63" sc="9" el="63" ec="9" bec="0" bev="0" fileid="4" />
                <SequencePoint vc="0" uspid="4984" ordinal="0" offset="94" sl="60" sc="30" el="60" ec="30" bec="0" bev="0" fileid="4" />
                <SequencePoint vc="0" uspid="4985" ordinal="0" offset="101" sl="65" sc="9" el="65" ec="9" bec="0" bev="0" fileid="4" />
                <SequencePoint vc="0" uspid="4986" ordinal="0" offset="137" sl="66" sc="5" el="66" ec="5" bec="0" bev="0" fileid="4" />
              </SequencePoints>
              <BranchPoints />
            </Method>
            <Method visited="false" cyclomaticComplexity="3" nPathComplexity="0" sequenceCoverage="0.0" branchCoverage="0" crapScore="12" isConstructor="false" isStatic="false" isGetter="false" isSetter="false">
              <Summary numSequencePoints="13" visitedSequencePoints="0" numBranchPoints="0" visitedBranchPoints="0" sequenceCoverage="0.0" branchCoverage="0" maxCyclomaticComplexity="3" minCyclomaticComplexity="3" maxCrapScore="12" minCrapScore="12" visitedClasses="0" numClasses="0" visitedMethods="0" numMethods="1" />
              <MetadataToken>100663319</MetadataToken>
              <Name>System.Void TeleportAtObject::ProcessLine(System.String, System.String)</Name>
              <FileRef uid="4" />
              <SequencePoints>
                <SequencePoint vc="0" uspid="4987" ordinal="0" offset="0" sl="76" sc="5" el="76" ec="5" bec="0" bev="0" fileid="4" />
                <SequencePoint vc="0" uspid="4988" ordinal="0" offset="1" sl="77" sc="9" el="77" ec="9" bec="0" bev="0" fileid="4" />
                <SequencePoint vc="0" uspid="4989" ordinal="0" offset="9" sl="78" sc="9" el="78" ec="9" bec="0" bev="0" fileid="4" />
                <SequencePoint vc="0" uspid="4990" ordinal="0" offset="22" sl="79" sc="9" el="79" ec="9" bec="0" bev="0" fileid="4" />
                <SequencePoint vc="0" uspid="4991" ordinal="0" offset="23" sl="80" sc="13" el="80" ec="13" bec="0" bev="0" fileid="4" />
                <SequencePoint vc="0" uspid="4992" ordinal="0" offset="40" sl="81" sc="13" el="81" ec="13" bec="0" bev="0" fileid="4" />
                <SequencePoint vc="0" uspid="4993" ordinal="0" offset="42" sl="84" sc="9" el="84" ec="9" bec="0" bev="0" fileid="4" />
                <SequencePoint vc="0" uspid="4994" ordinal="0" offset="68" sl="85" sc="9" el="85" ec="9" bec="0" bev="0" fileid="4" />
                <SequencePoint vc="0" uspid="4995" ordinal="0" offset="81" sl="86" sc="9" el="86" ec="9" bec="0" bev="0" fileid="4" />
                <SequencePoint vc="0" uspid="4996" ordinal="0" offset="82" sl="87" sc="13" el="87" ec="13" bec="0" bev="0" fileid="4" />
                <SequencePoint vc="0" uspid="4997" ordinal="0" offset="99" sl="88" sc="13" el="88" ec="13" bec="0" bev="0" fileid="4" />
                <SequencePoint vc="0" uspid="4998" ordinal="0" offset="101" sl="91" sc="9" el="91" ec="9" bec="0" bev="0" fileid="4" />
                <SequencePoint vc="0" uspid="4999" ordinal="0" offset="110" sl="92" sc="5" el="92" ec="5" bec="0" bev="0" fileid="4" />
              </SequencePoints>
              <BranchPoints />
            </Method>
            <Method visited="false" cyclomaticComplexity="1" nPathComplexity="0" sequenceCoverage="0.0" branchCoverage="0" crapScore="2" isConstructor="false" isStatic="false" isGetter="false" isSetter="false">
              <Summary numSequencePoints="12" visitedSequencePoints="0" numBranchPoints="0" visitedBranchPoints="0" sequenceCoverage="0.0" branchCoverage="0" maxCyclomaticComplexity="1" minCyclomaticComplexity="1" maxCrapScore="2" minCrapScore="2" visitedClasses="0" numClasses="0" visitedMethods="0" numMethods="1" />
              <MetadataToken>100663320</MetadataToken>
              <Name>System.Void TeleportAtObject::TryAddPosition(System.String[], System.String)</Name>
              <FileRef uid="4" />
              <SequencePoints>
                <SequencePoint vc="0" uspid="5000" ordinal="0" offset="0" sl="101" sc="5" el="101" ec="5" bec="0" bev="0" fileid="4" />
                <SequencePoint vc="0" uspid="5001" ordinal="0" offset="1" sl="103" sc="9" el="103" ec="9" bec="0" bev="0" fileid="4" />
                <SequencePoint vc="0" uspid="5002" ordinal="0" offset="2" sl="104" sc="13" el="104" ec="13" bec="0" bev="0" fileid="4" />
                <SequencePoint vc="0" uspid="5003" ordinal="0" offset="26" sl="105" sc="13" el="105" ec="13" bec="0" bev="0" fileid="4" />
                <SequencePoint vc="0" uspid="5004" ordinal="0" offset="50" sl="106" sc="13" el="106" ec="13" bec="0" bev="0" fileid="4" />
                <SequencePoint vc="0" uspid="5005" ordinal="0" offset="74" sl="108" sc="13" el="108" ec="13" bec="0" bev="0" fileid="4" />
                <SequencePoint vc="0" uspid="5006" ordinal="0" offset="94" sl="109" sc="9" el="109" ec="9" bec="0" bev="0" fileid="4" />
                <SequencePoint vc="0" uspid="5007" ordinal="0" offset="97" sl="110" sc="9" el="110" ec="9" bec="0" bev="0" fileid="4" />
                <SequencePoint vc="0" uspid="5008" ordinal="0" offset="98" sl="111" sc="9" el="111" ec="9" bec="0" bev="0" fileid="4" />
                <SequencePoint vc="0" uspid="5009" ordinal="0" offset="99" sl="112" sc="13" el="112" ec="13" bec="0" bev="0" fileid="4" />
                <SequencePoint vc="0" uspid="5010" ordinal="0" offset="127" sl="113" sc="9" el="113" ec="9" bec="0" bev="0" fileid="4" />
                <SequencePoint vc="0" uspid="5011" ordinal="0" offset="130" sl="114" sc="5" el="114" ec="5" bec="0" bev="0" fileid="4" />
              </SequencePoints>
              <BranchPoints />
            </Method>
            <Method visited="false" cyclomaticComplexity="1" nPathComplexity="0" sequenceCoverage="0.0" branchCoverage="0" crapScore="2" isConstructor="true" isStatic="false" isGetter="false" isSetter="false">
              <Summary numSequencePoints="4" visitedSequencePoints="0" numBranchPoints="0" visitedBranchPoints="0" sequenceCoverage="0.0" branchCoverage="0" maxCyclomaticComplexity="1" minCyclomaticComplexity="1" maxCrapScore="2" minCrapScore="2" visitedClasses="0" numClasses="0" visitedMethods="0" numMethods="1" />
              <MetadataToken>100663322</MetadataToken>
              <Name>TeleportAtObject::TeleportAtObject()</Name>
              <FileRef uid="4" />
              <SequencePoints>
                <SequencePoint vc="0" uspid="5012" ordinal="0" offset="0" sl="14" sc="5" el="14" ec="5" bec="0" bev="0" fileid="4" />
                <SequencePoint vc="0" uspid="5013" ordinal="0" offset="11" sl="17" sc="5" el="17" ec="5" bec="0" bev="0" fileid="4" />
                <SequencePoint vc="0" uspid="5014" ordinal="0" offset="18" sl="21" sc="5" el="21" ec="5" bec="0" bev="0" fileid="4" />
                <SequencePoint vc="0" uspid="5015" ordinal="0" offset="29" sl="24" sc="5" el="24" ec="5" bec="0" bev="0" fileid="4" />
              </SequencePoints>
              <BranchPoints />
            </Method>
          </Methods>
        </Class>
        <Class>
          <Summary numSequencePoints="27" visitedSequencePoints="0" numBranchPoints="0" visitedBranchPoints="0" sequenceCoverage="0.0" branchCoverage="0.0" maxCyclomaticComplexity="2" minCyclomaticComplexity="1" maxCrapScore="6" minCrapScore="2" visitedClasses="0" numClasses="1" visitedMethods="0" numMethods="4" />
          <FullName>TeleportPlayer</FullName>
          <Methods>
            <Method visited="false" cyclomaticComplexity="2" nPathComplexity="0" sequenceCoverage="0.0" branchCoverage="0" crapScore="6" isConstructor="false" isStatic="false" isGetter="false" isSetter="false">
              <Summary numSequencePoints="12" visitedSequencePoints="0" numBranchPoints="0" visitedBranchPoints="0" sequenceCoverage="0.0" branchCoverage="0" maxCyclomaticComplexity="2" minCyclomaticComplexity="2" maxCrapScore="6" minCrapScore="6" visitedClasses="0" numClasses="0" visitedMethods="0" numMethods="1" />
              <MetadataToken>100663323</MetadataToken>
              <Name>System.Void TeleportPlayer::Start()</Name>
              <FileRef uid="5" />
              <SequencePoints>
                <SequencePoint vc="0" uspid="5016" ordinal="0" offset="0" sl="32" sc="5" el="32" ec="5" bec="0" bev="0" fileid="5" />
                <SequencePoint vc="0" uspid="5017" ordinal="0" offset="1" sl="35" sc="9" el="35" ec="9" bec="0" bev="0" fileid="5" />
                <SequencePoint vc="0" uspid="5018" ordinal="0" offset="21" sl="36" sc="9" el="36" ec="9" bec="0" bev="0" fileid="5" />
                <SequencePoint vc="0" uspid="5019" ordinal="0" offset="41" sl="38" sc="9" el="38" ec="9" bec="0" bev="0" fileid="5" />
                <SequencePoint vc="0" uspid="5020" ordinal="0" offset="47" sl="40" sc="9" el="40" ec="9" bec="0" bev="0" fileid="5" />
                <SequencePoint vc="0" uspid="5021" ordinal="0" offset="62" sl="41" sc="9" el="41" ec="9" bec="0" bev="0" fileid="5" />
                <SequencePoint vc="0" uspid="5022" ordinal="0" offset="63" sl="42" sc="13" el="42" ec="13" bec="0" bev="0" fileid="5" />
                <SequencePoint vc="0" uspid="5023" ordinal="0" offset="70" sl="43" sc="9" el="43" ec="9" bec="0" bev="0" fileid="5" />
                <SequencePoint vc="0" uspid="5024" ordinal="0" offset="71" sl="45" sc="9" el="45" ec="9" bec="0" bev="0" fileid="5" />
                <SequencePoint vc="0" uspid="5025" ordinal="0" offset="126" sl="47" sc="9" el="47" ec="9" bec="0" bev="0" fileid="5" />
                <SequencePoint vc="0" uspid="5026" ordinal="0" offset="137" sl="48" sc="9" el="48" ec="9" bec="0" bev="0" fileid="5" />
                <SequencePoint vc="0" uspid="5027" ordinal="0" offset="150" sl="49" sc="5" el="49" ec="5" bec="0" bev="0" fileid="5" />
              </SequencePoints>
              <BranchPoints />
            </Method>
            <Method visited="false" cyclomaticComplexity="1" nPathComplexity="0" sequenceCoverage="0.0" branchCoverage="0" crapScore="2" isConstructor="false" isStatic="false" isGetter="false" isSetter="false">
              <Summary numSequencePoints="8" visitedSequencePoints="0" numBranchPoints="0" visitedBranchPoints="0" sequenceCoverage="0.0" branchCoverage="0" maxCyclomaticComplexity="1" minCyclomaticComplexity="1" maxCrapScore="2" minCrapScore="2" visitedClasses="0" numClasses="0" visitedMethods="0" numMethods="1" />
              <MetadataToken>100663325</MetadataToken>
              <Name>System.Void TeleportPlayer::TeleportToRandomPosition()</Name>
              <FileRef uid="5" />
              <SequencePoints>
                <SequencePoint vc="0" uspid="5028" ordinal="0" offset="0" sl="71" sc="5" el="71" ec="5" bec="0" bev="0" fileid="5" />
                <SequencePoint vc="0" uspid="5029" ordinal="0" offset="1" sl="72" sc="9" el="72" ec="9" bec="0" bev="0" fileid="5" />
                <SequencePoint vc="0" uspid="5030" ordinal="0" offset="30" sl="73" sc="9" el="73" ec="9" bec="0" bev="0" fileid="5" />
                <SequencePoint vc="0" uspid="5031" ordinal="0" offset="59" sl="74" sc="9" el="74" ec="9" bec="0" bev="0" fileid="5" />
                <SequencePoint vc="0" uspid="5032" ordinal="0" offset="84" sl="76" sc="9" el="76" ec="9" bec="0" bev="0" fileid="5" />
                <SequencePoint vc="0" uspid="5033" ordinal="0" offset="115" sl="77" sc="9" el="77" ec="9" bec="0" bev="0" fileid="5" />
                <SequencePoint vc="0" uspid="5034" ordinal="0" offset="123" sl="78" sc="9" el="78" ec="9" bec="0" bev="0" fileid="5" />
                <SequencePoint vc="0" uspid="5035" ordinal="0" offset="136" sl="80" sc="5" el="80" ec="5" bec="0" bev="0" fileid="5" />
              </SequencePoints>
              <BranchPoints />
            </Method>
            <Method visited="false" cyclomaticComplexity="1" nPathComplexity="0" sequenceCoverage="0.0" branchCoverage="0" crapScore="2" isConstructor="false" isStatic="false" isGetter="false" isSetter="false">
              <Summary numSequencePoints="4" visitedSequencePoints="0" numBranchPoints="0" visitedBranchPoints="0" sequenceCoverage="0.0" branchCoverage="0" maxCyclomaticComplexity="1" minCyclomaticComplexity="1" maxCrapScore="2" minCrapScore="2" visitedClasses="0" numClasses="0" visitedMethods="0" numMethods="1" />
              <MetadataToken>100663326</MetadataToken>
              <Name>System.Void TeleportPlayer::LogTeleportation(UnityEngine.Vector3)</Name>
              <FileRef uid="5" />
              <SequencePoints>
                <SequencePoint vc="0" uspid="5036" ordinal="0" offset="0" sl="88" sc="5" el="88" ec="5" bec="0" bev="0" fileid="5" />
                <SequencePoint vc="0" uspid="5037" ordinal="0" offset="1" sl="89" sc="9" el="89" ec="9" bec="0" bev="0" fileid="5" />
                <SequencePoint vc="0" uspid="5038" ordinal="0" offset="45" sl="90" sc="9" el="90" ec="9" bec="0" bev="0" fileid="5" />
                <SequencePoint vc="0" uspid="5039" ordinal="0" offset="58" sl="91" sc="5" el="91" ec="5" bec="0" bev="0" fileid="5" />
              </SequencePoints>
              <BranchPoints />
            </Method>
            <Method visited="false" cyclomaticComplexity="1" nPathComplexity="0" sequenceCoverage="0.0" branchCoverage="0" crapScore="2" isConstructor="true" isStatic="false" isGetter="false" isSetter="false">
              <Summary numSequencePoints="3" visitedSequencePoints="0" numBranchPoints="0" visitedBranchPoints="0" sequenceCoverage="0.0" branchCoverage="0" maxCyclomaticComplexity="1" minCyclomaticComplexity="1" maxCrapScore="2" minCrapScore="2" visitedClasses="0" numClasses="0" visitedMethods="0" numMethods="1" />
              <MetadataToken>100663327</MetadataToken>
              <Name>TeleportPlayer::TeleportPlayer()</Name>
              <FileRef uid="5" />
              <SequencePoints>
                <SequencePoint vc="0" uspid="5040" ordinal="0" offset="0" sl="18" sc="5" el="18" ec="5" bec="0" bev="0" fileid="5" />
                <SequencePoint vc="0" uspid="5041" ordinal="0" offset="8" sl="20" sc="5" el="20" ec="5" bec="0" bev="0" fileid="5" />
                <SequencePoint vc="0" uspid="5042" ordinal="0" offset="29" sl="22" sc="5" el="22" ec="5" bec="0" bev="0" fileid="5" />
              </SequencePoints>
              <BranchPoints />
            </Method>
          </Methods>
        </Class>
        <Class>
          <Summary numSequencePoints="36" visitedSequencePoints="0" numBranchPoints="0" visitedBranchPoints="0" sequenceCoverage="0.0" branchCoverage="0.0" maxCyclomaticComplexity="5" minCyclomaticComplexity="1" maxCrapScore="30" minCrapScore="2" visitedClasses="0" numClasses="1" visitedMethods="0" numMethods="3" />
          <FullName>LogToFile</FullName>
          <Methods>
            <Method visited="false" cyclomaticComplexity="5" nPathComplexity="0" sequenceCoverage="0.0" branchCoverage="0" crapScore="30" isConstructor="false" isStatic="false" isGetter="false" isSetter="false">
              <Summary numSequencePoints="23" visitedSequencePoints="0" numBranchPoints="0" visitedBranchPoints="0" sequenceCoverage="0.0" branchCoverage="0" maxCyclomaticComplexity="5" minCyclomaticComplexity="5" maxCrapScore="30" minCrapScore="30" visitedClasses="0" numClasses="0" visitedMethods="0" numMethods="1" />
              <MetadataToken>100663328</MetadataToken>
              <Name>System.Void LogToFile::Awake()</Name>
              <FileRef uid="6" />
              <SequencePoints>
                <SequencePoint vc="0" uspid="5043" ordinal="0" offset="0" sl="10" sc="5" el="10" ec="5" bec="0" bev="0" fileid="6" />
                <SequencePoint vc="0" uspid="5044" ordinal="0" offset="1" sl="12" sc="9" el="12" ec="9" bec="0" bev="0" fileid="6" />
                <SequencePoint vc="0" uspid="5045" ordinal="0" offset="27" sl="15" sc="9" el="15" ec="9" bec="0" bev="0" fileid="6" />
                <SequencePoint vc="0" uspid="5046" ordinal="0" offset="39" sl="16" sc="9" el="16" ec="9" bec="0" bev="0" fileid="6" />
                <SequencePoint vc="0" uspid="5047" ordinal="0" offset="52" sl="17" sc="9" el="17" ec="9" bec="0" bev="0" fileid="6" />
                <SequencePoint vc="0" uspid="5048" ordinal="0" offset="53" sl="18" sc="13" el="18" ec="13" bec="0" bev="0" fileid="6" />
                <SequencePoint vc="0" uspid="5049" ordinal="0" offset="60" sl="19" sc="9" el="19" ec="9" bec="0" bev="0" fileid="6" />
                <SequencePoint vc="0" uspid="5050" ordinal="0" offset="61" sl="22" sc="9" el="22" ec="9" bec="0" bev="0" fileid="6" />
                <SequencePoint vc="0" uspid="5051" ordinal="0" offset="76" sl="23" sc="9" el="23" ec="9" bec="0" bev="0" fileid="6" />
                <SequencePoint vc="0" uspid="5052" ordinal="0" offset="77" sl="24" sc="13" el="24" ec="13" bec="0" bev="0" fileid="6" />
                <SequencePoint vc="0" uspid="5053" ordinal="0" offset="94" sl="25" sc="9" el="25" ec="9" bec="0" bev="0" fileid="6" />
                <SequencePoint vc="0" uspid="5054" ordinal="0" offset="97" sl="27" sc="9" el="27" ec="9" bec="0" bev="0" fileid="6" />
                <SequencePoint vc="0" uspid="5055" ordinal="0" offset="98" sl="29" sc="20" el="29" ec="20" bec="0" bev="0" fileid="6" />
                <SequencePoint vc="0" uspid="5056" ordinal="0" offset="110" sl="30" sc="13" el="30" ec="13" bec="0" bev="0" fileid="6" />
                <SequencePoint vc="0" uspid="5057" ordinal="0" offset="111" sl="31" sc="17" el="31" ec="17" bec="0" bev="0" fileid="6" />
                <SequencePoint vc="0" uspid="5058" ordinal="0" offset="123" sl="32" sc="13" el="32" ec="13" bec="0" bev="0" fileid="6" />
                <SequencePoint vc="0" uspid="5059" ordinal="0" offset="137" sl="33" sc="9" el="33" ec="9" bec="0" bev="0" fileid="6" />
                <SequencePoint vc="0" uspid="5060" ordinal="0" offset="138" sl="36" sc="16" el="36" ec="16" bec="0" bev="0" fileid="6" />
                <SequencePoint vc="0" uspid="5061" ordinal="0" offset="152" sl="37" sc="9" el="37" ec="9" bec="0" bev="0" fileid="6" />
                <SequencePoint vc="0" uspid="5062" ordinal="0" offset="153" sl="38" sc="13" el="38" ec="13" bec="0" bev="0" fileid="6" />
                <SequencePoint vc="0" uspid="5063" ordinal="0" offset="166" sl="39" sc="9" el="39" ec="9" bec="0" bev="0" fileid="6" />
                <SequencePoint vc="0" uspid="5064" ordinal="0" offset="182" sl="42" sc="9" el="42" ec="9" bec="0" bev="0" fileid="6" />
                <SequencePoint vc="0" uspid="5065" ordinal="0" offset="200" sl="43" sc="5" el="43" ec="5" bec="0" bev="0" fileid="6" />
              </SequencePoints>
              <BranchPoints />
            </Method>
            <Method visited="false" cyclomaticComplexity="1" nPathComplexity="0" sequenceCoverage="0.0" branchCoverage="0" crapScore="2" isConstructor="false" isStatic="false" isGetter="false" isSetter="false">
              <Summary numSequencePoints="3" visitedSequencePoints="0" numBranchPoints="0" visitedBranchPoints="0" sequenceCoverage="0.0" branchCoverage="0" maxCyclomaticComplexity="1" minCyclomaticComplexity="1" maxCrapScore="2" minCrapScore="2" visitedClasses="0" numClasses="0" visitedMethods="0" numMethods="1" />
              <MetadataToken>100663329</MetadataToken>
              <Name>System.Void LogToFile::OnDestroy()</Name>
              <FileRef uid="6" />
              <SequencePoints>
                <SequencePoint vc="0" uspid="5066" ordinal="0" offset="0" sl="46" sc="5" el="46" ec="5" bec="0" bev="0" fileid="6" />
                <SequencePoint vc="0" uspid="5067" ordinal="0" offset="1" sl="47" sc="9" el="47" ec="9" bec="0" bev="0" fileid="6" />
                <SequencePoint vc="0" uspid="5068" ordinal="0" offset="19" sl="48" sc="5" el="48" ec="5" bec="0" bev="0" fileid="6" />
              </SequencePoints>
              <BranchPoints />
            </Method>
            <Method visited="false" cyclomaticComplexity="4" nPathComplexity="0" sequenceCoverage="0.0" branchCoverage="0" crapScore="20" isConstructor="false" isStatic="false" isGetter="false" isSetter="false">
              <Summary numSequencePoints="10" visitedSequencePoints="0" numBranchPoints="0" visitedBranchPoints="0" sequenceCoverage="0.0" branchCoverage="0" maxCyclomaticComplexity="4" minCyclomaticComplexity="4" maxCrapScore="20" minCrapScore="20" visitedClasses="0" numClasses="0" visitedMethods="0" numMethods="1" />
              <MetadataToken>100663330</MetadataToken>
              <Name>System.Void LogToFile::LogToFileMethod(System.String, System.String, UnityEngine.LogType)</Name>
              <FileRef uid="6" />
              <SequencePoints>
                <SequencePoint vc="0" uspid="5069" ordinal="0" offset="0" sl="51" sc="5" el="51" ec="5" bec="0" bev="0" fileid="6" />
                <SequencePoint vc="0" uspid="5070" ordinal="0" offset="1" sl="52" sc="16" el="52" ec="16" bec="0" bev="0" fileid="6" />
                <SequencePoint vc="0" uspid="5071" ordinal="0" offset="14" sl="53" sc="9" el="53" ec="9" bec="0" bev="0" fileid="6" />
                <SequencePoint vc="0" uspid="5072" ordinal="0" offset="15" sl="54" sc="13" el="54" ec="13" bec="0" bev="0" fileid="6" />
                <SequencePoint vc="0" uspid="5073" ordinal="0" offset="49" sl="55" sc="13" el="55" ec="13" bec="0" bev="0" fileid="6" />
                <SequencePoint vc="0" uspid="5074" ordinal="0" offset="64" sl="56" sc="13" el="56" ec="13" bec="0" bev="0" fileid="6" />
                <SequencePoint vc="0" uspid="5075" ordinal="0" offset="65" sl="57" sc="17" el="57" ec="17" bec="0" bev="0" fileid="6" />
                <SequencePoint vc="0" uspid="5076" ordinal="0" offset="73" sl="58" sc="13" el="58" ec="13" bec="0" bev="0" fileid="6" />
                <SequencePoint vc="0" uspid="5077" ordinal="0" offset="74" sl="59" sc="9" el="59" ec="9" bec="0" bev="0" fileid="6" />
                <SequencePoint vc="0" uspid="5078" ordinal="0" offset="88" sl="60" sc="5" el="60" ec="5" bec="0" bev="0" fileid="6" />
              </SequencePoints>
              <BranchPoints />
            </Method>
          </Methods>
        </Class>
        <Class>
          <Summary numSequencePoints="18" visitedSequencePoints="0" numBranchPoints="0" visitedBranchPoints="0" sequenceCoverage="0.0" branchCoverage="0.0" maxCyclomaticComplexity="2" minCyclomaticComplexity="1" maxCrapScore="6" minCrapScore="2" visitedClasses="0" numClasses="1" visitedMethods="0" numMethods="4" />
          <FullName>MouseOperations</FullName>
          <Methods>
            <Method visited="false" cyclomaticComplexity="1" nPathComplexity="0" sequenceCoverage="0.0" branchCoverage="0" crapScore="2" isConstructor="false" isStatic="true" isGetter="false" isSetter="false">
              <Summary numSequencePoints="3" visitedSequencePoints="0" numBranchPoints="0" visitedBranchPoints="0" sequenceCoverage="0.0" branchCoverage="0" maxCyclomaticComplexity="1" minCyclomaticComplexity="1" maxCrapScore="2" minCrapScore="2" visitedClasses="0" numClasses="0" visitedMethods="0" numMethods="1" />
              <MetadataToken>100663335</MetadataToken>
              <Name>static System.Void MouseOperations::SetCursorPosition(System.Int32, System.Int32)</Name>
              <FileRef uid="7" />
              <SequencePoints>
                <SequencePoint vc="0" uspid="5079" ordinal="0" offset="0" sl="31" sc="0" el="31" ec="0" bec="0" bev="0" fileid="7" />
                <SequencePoint vc="0" uspid="5080" ordinal="0" offset="1" sl="32" sc="0" el="32" ec="0" bec="0" bev="0" fileid="7" />
                <SequencePoint vc="0" uspid="5081" ordinal="0" offset="9" sl="33" sc="0" el="33" ec="0" bec="0" bev="0" fileid="7" />
              </SequencePoints>
              <BranchPoints />
            </Method>
            <Method visited="false" cyclomaticComplexity="1" nPathComplexity="0" sequenceCoverage="0.0" branchCoverage="0" crapScore="2" isConstructor="false" isStatic="true" isGetter="false" isSetter="false">
              <Summary numSequencePoints="3" visitedSequencePoints="0" numBranchPoints="0" visitedBranchPoints="0" sequenceCoverage="0.0" branchCoverage="0" maxCyclomaticComplexity="1" minCyclomaticComplexity="1" maxCrapScore="2" minCrapScore="2" visitedClasses="0" numClasses="0" visitedMethods="0" numMethods="1" />
              <MetadataToken>100663336</MetadataToken>
              <Name>static System.Void MouseOperations::SetCursorPosition(MouseOperations/MousePoint)</Name>
              <FileRef uid="7" />
              <SequencePoints>
                <SequencePoint vc="0" uspid="5082" ordinal="0" offset="0" sl="36" sc="0" el="36" ec="0" bec="0" bev="0" fileid="7" />
                <SequencePoint vc="0" uspid="5083" ordinal="0" offset="1" sl="37" sc="0" el="37" ec="0" bec="0" bev="0" fileid="7" />
                <SequencePoint vc="0" uspid="5084" ordinal="0" offset="19" sl="38" sc="0" el="38" ec="0" bec="0" bev="0" fileid="7" />
              </SequencePoints>
              <BranchPoints />
            </Method>
            <Method visited="false" cyclomaticComplexity="2" nPathComplexity="0" sequenceCoverage="0.0" branchCoverage="0" crapScore="6" isConstructor="false" isStatic="true" isGetter="false" isSetter="false">
[...]
              <Summary numSequencePoints="1" visitedSequencePoints="0" numBranchPoints="0" visitedBranchPoints="0" sequenceCoverage="0.0" branchCoverage="0" maxCyclomaticComplexity="1" minCyclomaticComplexity="1" maxCrapScore="2" minCrapScore="2" visitedClasses="0" numClasses="0" visitedMethods="0" numMethods="1" />
              <MetadataToken>100663688</MetadataToken>
              <Name>System.Single Unity.VRTemplate.XRKnob/TrackedRotation::get_totalOffset()</Name>
              <FileRef uid="35" />
              <SequencePoints>
                <SequencePoint vc="0" uspid="7069" ordinal="0" offset="0" sl="40" sc="0" el="40" ec="0" bec="0" bev="0" fileid="35" />
              </SequencePoints>
              <BranchPoints />
            </Method>
            <Method visited="false" cyclomaticComplexity="1" nPathComplexity="0" sequenceCoverage="0.0" branchCoverage="0" crapScore="2" isConstructor="false" isStatic="false" isGetter="false" isSetter="false">
              <Summary numSequencePoints="5" visitedSequencePoints="0" numBranchPoints="0" visitedBranchPoints="0" sequenceCoverage="0.0" branchCoverage="0" maxCyclomaticComplexity="1" minCyclomaticComplexity="1" maxCrapScore="2" minCrapScore="2" visitedClasses="0" numClasses="0" visitedMethods="0" numMethods="1" />
              <MetadataToken>100663689</MetadataToken>
              <Name>System.Void Unity.VRTemplate.XRKnob/TrackedRotation::Reset()</Name>
              <FileRef uid="35" />
              <SequencePoints>
                <SequencePoint vc="0" uspid="7070" ordinal="0" offset="0" sl="46" sc="0" el="46" ec="0" bec="0" bev="0" fileid="35" />
                <SequencePoint vc="0" uspid="7071" ordinal="0" offset="1" sl="47" sc="0" el="47" ec="0" bec="0" bev="0" fileid="35" />
                <SequencePoint vc="0" uspid="7072" ordinal="0" offset="12" sl="48" sc="0" el="48" ec="0" bec="0" bev="0" fileid="35" />
                <SequencePoint vc="0" uspid="7073" ordinal="0" offset="23" sl="49" sc="0" el="49" ec="0" bec="0" bev="0" fileid="35" />
                <SequencePoint vc="0" uspid="7074" ordinal="0" offset="34" sl="50" sc="0" el="50" ec="0" bec="0" bev="0" fileid="35" />
              </SequencePoints>
              <BranchPoints />
            </Method>
            <Method visited="false" cyclomaticComplexity="1" nPathComplexity="0" sequenceCoverage="0.0" branchCoverage="0" crapScore="2" isConstructor="false" isStatic="false" isGetter="false" isSetter="false">
              <Summary numSequencePoints="5" visitedSequencePoints="0" numBranchPoints="0" visitedBranchPoints="0" sequenceCoverage="0.0" branchCoverage="0" maxCyclomaticComplexity="1" minCyclomaticComplexity="1" maxCrapScore="2" minCrapScore="2" visitedClasses="0" numClasses="0" visitedMethods="0" numMethods="1" />
              <MetadataToken>100663690</MetadataToken>
              <Name>System.Void Unity.VRTemplate.XRKnob/TrackedRotation::SetBaseFromVector(UnityEngine.Vector3)</Name>
              <FileRef uid="35" />
              <SequencePoints>
                <SequencePoint vc="0" uspid="7075" ordinal="0" offset="0" sl="57" sc="0" el="57" ec="0" bec="0" bev="0" fileid="35" />
                <SequencePoint vc="0" uspid="7076" ordinal="0" offset="1" sl="59" sc="0" el="59" ec="0" bec="0" bev="0" fileid="35" />
                <SequencePoint vc="0" uspid="7077" ordinal="0" offset="20" sl="62" sc="0" el="62" ec="0" bec="0" bev="0" fileid="35" />
                <SequencePoint vc="0" uspid="7078" ordinal="0" offset="49" sl="63" sc="0" el="63" ec="0" bec="0" bev="0" fileid="35" />
                <SequencePoint vc="0" uspid="7079" ordinal="0" offset="60" sl="64" sc="0" el="64" ec="0" bec="0" bev="0" fileid="35" />
              </SequencePoints>
              <BranchPoints />
            </Method>
            <Method visited="false" cyclomaticComplexity="2" nPathComplexity="0" sequenceCoverage="0.0" branchCoverage="0" crapScore="6" isConstructor="false" isStatic="false" isGetter="false" isSetter="false">
              <Summary numSequencePoints="10" visitedSequencePoints="0" numBranchPoints="0" visitedBranchPoints="0" sequenceCoverage="0.0" branchCoverage="0" maxCyclomaticComplexity="2" minCyclomaticComplexity="2" maxCrapScore="6" minCrapScore="6" visitedClasses="0" numClasses="0" visitedMethods="0" numMethods="1" />
              <MetadataToken>100663691</MetadataToken>
              <Name>System.Void Unity.VRTemplate.XRKnob/TrackedRotation::SetTargetFromVector(UnityEngine.Vector3)</Name>
              <FileRef uid="35" />
              <SequencePoints>
                <SequencePoint vc="0" uspid="7080" ordinal="0" offset="0" sl="71" sc="0" el="71" ec="0" bec="0" bev="0" fileid="35" />
                <SequencePoint vc="0" uspid="7081" ordinal="0" offset="1" sl="73" sc="0" el="73" ec="0" bec="0" bev="0" fileid="35" />
                <SequencePoint vc="0" uspid="7082" ordinal="0" offset="25" sl="76" sc="0" el="76" ec="0" bec="0" bev="0" fileid="35" />
                <SequencePoint vc="0" uspid="7083" ordinal="0" offset="48" sl="79" sc="0" el="79" ec="0" bec="0" bev="0" fileid="35" />
                <SequencePoint vc="0" uspid="7084" ordinal="0" offset="70" sl="80" sc="0" el="80" ec="0" bec="0" bev="0" fileid="35" />
                <SequencePoint vc="0" uspid="7085" ordinal="0" offset="71" sl="81" sc="0" el="81" ec="0" bec="0" bev="0" fileid="35" />
                <SequencePoint vc="0" uspid="7086" ordinal="0" offset="78" sl="82" sc="0" el="82" ec="0" bec="0" bev="0" fileid="35" />
                <SequencePoint vc="0" uspid="7087" ordinal="0" offset="97" sl="83" sc="0" el="83" ec="0" bec="0" bev="0" fileid="35" />
                <SequencePoint vc="0" uspid="7088" ordinal="0" offset="108" sl="84" sc="0" el="84" ec="0" bec="0" bev="0" fileid="35" />
                <SequencePoint vc="0" uspid="7089" ordinal="0" offset="109" sl="85" sc="0" el="85" ec="0" bec="0" bev="0" fileid="35" />
              </SequencePoints>
              <BranchPoints />
            </Method>
          </Methods>
        </Class>
        <Class>
          <Summary numSequencePoints="1" visitedSequencePoints="0" numBranchPoints="0" visitedBranchPoints="0" sequenceCoverage="0.0" branchCoverage="0.0" maxCyclomaticComplexity="1" minCyclomaticComplexity="1" maxCrapScore="2" minCrapScore="2" visitedClasses="0" numClasses="1" visitedMethods="0" numMethods="1" />
          <FullName>GenerateReportSpace.GenerateReport/&lt;&gt;c</FullName>
          <Methods>
            <Method visited="false" cyclomaticComplexity="1" nPathComplexity="0" sequenceCoverage="0.0" branchCoverage="0" crapScore="2" isConstructor="false" isStatic="false" isGetter="false" isSetter="false">
              <Summary numSequencePoints="1" visitedSequencePoints="0" numBranchPoints="0" visitedBranchPoints="0" sequenceCoverage="0.0" branchCoverage="0" maxCyclomaticComplexity="1" minCyclomaticComplexity="1" maxCrapScore="2" minCrapScore="2" visitedClasses="0" numClasses="0" visitedMethods="0" numMethods="1" />
              <MetadataToken>100663695</MetadataToken>
              <Name>System.Boolean GenerateReportSpace.GenerateReport/&lt;&gt;c::&lt;CountTestGeneratedLogs&gt;b__1_0(System.String)</Name>
              <FileRef uid="38" />
              <SequencePoints>
                <SequencePoint vc="0" uspid="7090" ordinal="0" offset="0" sl="31" sc="0" el="31" ec="0" bec="0" bev="0" fileid="38" />
              </SequencePoints>
              <BranchPoints />
            </Method>
          </Methods>
        </Class>
        <Class>
          <Summary numSequencePoints="6" visitedSequencePoints="0" numBranchPoints="0" visitedBranchPoints="0" sequenceCoverage="0.0" branchCoverage="0.0" maxCyclomaticComplexity="3" minCyclomaticComplexity="3" maxCrapScore="12" minCrapScore="12" visitedClasses="0" numClasses="1" visitedMethods="0" numMethods="1" />
          <FullName>ChildBahaviorSpace.ChildBehavior/&lt;ExecuteAction&gt;d__3</FullName>
          <Methods>
            <Method visited="false" cyclomaticComplexity="3" nPathComplexity="0" sequenceCoverage="0.0" branchCoverage="0" crapScore="12" isConstructor="false" isStatic="false" isGetter="false" isSetter="false">
              <Summary numSequencePoints="6" visitedSequencePoints="0" numBranchPoints="0" visitedBranchPoints="0" sequenceCoverage="0.0" branchCoverage="0" maxCyclomaticComplexity="3" minCyclomaticComplexity="3" maxCrapScore="12" minCrapScore="12" visitedClasses="0" numClasses="0" visitedMethods="0" numMethods="1" />
              <MetadataToken>100663698</MetadataToken>
              <Name>System.Boolean ChildBahaviorSpace.ChildBehavior/&lt;ExecuteAction&gt;d__3::MoveNext()</Name>
              <FileRef uid="39" />
              <SequencePoints>
                <SequencePoint vc="0" uspid="7091" ordinal="0" offset="31" sl="50" sc="9" el="50" ec="9" bec="0" bev="0" fileid="39" />
                <SequencePoint vc="0" uspid="7092" ordinal="0" offset="32" sl="51" sc="13" el="51" ec="13" bec="0" bev="0" fileid="39" />
                <SequencePoint vc="0" uspid="7093" ordinal="0" offset="69" sl="54" sc="13" el="54" ec="13" bec="0" bev="0" fileid="39" />
                <SequencePoint vc="0" uspid="7094" ordinal="0" offset="107" sl="56" sc="13" el="56" ec="13" bec="0" bev="0" fileid="39" />
                <SequencePoint vc="0" uspid="7095" ordinal="0" offset="144" sl="59" sc="13" el="59" ec="13" bec="0" bev="0" fileid="39" />
                <SequencePoint vc="0" uspid="7096" ordinal="0" offset="161" sl="60" sc="9" el="60" ec="9" bec="0" bev="0" fileid="39" />
              </SequencePoints>
              <BranchPoints />
            </Method>
          </Methods>
        </Class>
        <Class>
          <Summary numSequencePoints="4" visitedSequencePoints="0" numBranchPoints="0" visitedBranchPoints="0" sequenceCoverage="0.0" branchCoverage="0.0" maxCyclomaticComplexity="3" minCyclomaticComplexity="3" maxCrapScore="12" minCrapScore="12" visitedClasses="0" numClasses="1" visitedMethods="0" numMethods="1" />
          <FullName>SizeSceneSpace.SizeScene/&lt;CalculateSceneBoundsDeferred&gt;d__10</FullName>
          <Methods>
            <Method visited="false" cyclomaticComplexity="3" nPathComplexity="0" sequenceCoverage="0.0" branchCoverage="0" crapScore="12" isConstructor="false" isStatic="false" isGetter="false" isSetter="false">
              <Summary numSequencePoints="4" visitedSequencePoints="0" numBranchPoints="0" visitedBranchPoints="0" sequenceCoverage="0.0" branchCoverage="0" maxCyclomaticComplexity="3" minCyclomaticComplexity="3" maxCrapScore="12" minCrapScore="12" visitedClasses="0" numClasses="0" visitedMethods="0" numMethods="1" />
              <MetadataToken>100663704</MetadataToken>
              <Name>System.Boolean SizeSceneSpace.SizeScene/&lt;CalculateSceneBoundsDeferred&gt;d__10::MoveNext()</Name>
              <FileRef uid="41" />
              <SequencePoints>
                <SequencePoint vc="0" uspid="7097" ordinal="0" offset="31" sl="71" sc="9" el="71" ec="9" bec="0" bev="0" fileid="41" />
                <SequencePoint vc="0" uspid="7098" ordinal="0" offset="32" sl="72" sc="13" el="72" ec="13" bec="0" bev="0" fileid="41" />
                <SequencePoint vc="0" uspid="7099" ordinal="0" offset="59" sl="73" sc="13" el="73" ec="13" bec="0" bev="0" fileid="41" />
                <SequencePoint vc="0" uspid="7100" ordinal="0" offset="71" sl="74" sc="9" el="74" ec="9" bec="0" bev="0" fileid="41" />
              </SequencePoints>
              <BranchPoints />
            </Method>
          </Methods>
        </Class>
        <Class>
          <Summary numSequencePoints="5" visitedSequencePoints="0" numBranchPoints="0" visitedBranchPoints="0" sequenceCoverage="0.0" branchCoverage="0.0" maxCyclomaticComplexity="5" minCyclomaticComplexity="5" maxCrapScore="30" minCrapScore="30" visitedClasses="0" numClasses="1" visitedMethods="0" numMethods="1" />
          <FullName>SizeSceneSpace.SizeScene/&lt;SetupAndTeleport&gt;d__9</FullName>
          <Methods>
            <Method visited="false" cyclomaticComplexity="5" nPathComplexity="0" sequenceCoverage="0.0" branchCoverage="0" crapScore="30" isConstructor="false" isStatic="false" isGetter="false" isSetter="false">
              <Summary numSequencePoints="5" visitedSequencePoints="0" numBranchPoints="0" visitedBranchPoints="0" sequenceCoverage="0.0" branchCoverage="0" maxCyclomaticComplexity="5" minCyclomaticComplexity="5" maxCrapScore="30" minCrapScore="30" visitedClasses="0" numClasses="0" visitedMethods="0" numMethods="1" />
              <MetadataToken>100663710</MetadataToken>
              <Name>System.Boolean SizeSceneSpace.SizeScene/&lt;SetupAndTeleport&gt;d__9::MoveNext()</Name>
              <FileRef uid="41" />
              <SequencePoints>
                <SequencePoint vc="0" uspid="7101" ordinal="0" offset="42" sl="55" sc="9" el="55" ec="9" bec="0" bev="0" fileid="41" />
                <SequencePoint vc="0" uspid="7102" ordinal="0" offset="43" sl="56" sc="13" el="56" ec="13" bec="0" bev="0" fileid="41" />
                <SequencePoint vc="0" uspid="7103" ordinal="0" offset="87" sl="58" sc="13" el="58" ec="13" bec="0" bev="0" fileid="41" />
                <SequencePoint vc="0" uspid="7104" ordinal="0" offset="131" sl="61" sc="13" el="61" ec="13" bec="0" bev="0" fileid="41" />
                <SequencePoint vc="0" uspid="7105" ordinal="0" offset="143" sl="62" sc="9" el="62" ec="9" bec="0" bev="0" fileid="41" />
              </SequencePoints>
              <BranchPoints />
            </Method>
          </Methods>
        </Class>
        <Class>
          <Summary numSequencePoints="11" visitedSequencePoints="0" numBranchPoints="0" visitedBranchPoints="0" sequenceCoverage="0.0" branchCoverage="0.0" maxCyclomaticComplexity="4" minCyclomaticComplexity="4" maxCrapScore="20" minCrapScore="20" visitedClasses="0" numClasses="1" visitedMethods="0" numMethods="1" />
          <FullName>SizeSceneSpace.SizeScene/&lt;TeleportOutOfBounds&gt;d__12</FullName>
          <Methods>
            <Method visited="false" cyclomaticComplexity="4" nPathComplexity="0" sequenceCoverage="0.0" branchCoverage="0" crapScore="20" isConstructor="false" isStatic="false" isGetter="false" isSetter="false">
              <Summary numSequencePoints="11" visitedSequencePoints="0" numBranchPoints="0" visitedBranchPoints="0" sequenceCoverage="0.0" branchCoverage="0" maxCyclomaticComplexity="4" minCyclomaticComplexity="4" maxCrapScore="20" minCrapScore="20" visitedClasses="0" numClasses="0" visitedMethods="0" numMethods="1" />
              <MetadataToken>100663716</MetadataToken>
              <Name>System.Boolean SizeSceneSpace.SizeScene/&lt;TeleportOutOfBounds&gt;d__12::MoveNext()</Name>
              <FileRef uid="41" />
              <SequencePoints>
                <SequencePoint vc="0" uspid="7106" ordinal="0" offset="31" sl="99" sc="9" el="99" ec="9" bec="0" bev="0" fileid="41" />
                <SequencePoint vc="0" uspid="7107" ordinal="0" offset="32" sl="100" sc="18" el="100" ec="18" bec="0" bev="0" fileid="41" />
                <SequencePoint vc="0" uspid="7108" ordinal="0" offset="41" sl="101" sc="13" el="101" ec="13" bec="0" bev="0" fileid="41" />
                <SequencePoint vc="0" uspid="7109" ordinal="0" offset="42" sl="102" sc="17" el="102" ec="17" bec="0" bev="0" fileid="41" />
                <SequencePoint vc="0" uspid="7110" ordinal="0" offset="59" sl="103" sc="17" el="103" ec="17" bec="0" bev="0" fileid="41" />
                <SequencePoint vc="0" uspid="7111" ordinal="0" offset="77" sl="104" sc="17" el="104" ec="17" bec="0" bev="0" fileid="41" />
                <SequencePoint vc="0" uspid="7112" ordinal="0" offset="95" sl="106" sc="17" el="106" ec="17" bec="0" bev="0" fileid="41" />
                <SequencePoint vc="0" uspid="7113" ordinal="0" offset="133" sl="107" sc="13" el="107" ec="13" bec="0" bev="0" fileid="41" />
                <SequencePoint vc="0" uspid="7114" ordinal="0" offset="146" sl="100" sc="48" el="100" ec="48" bec="0" bev="0" fileid="41" />
                <SequencePoint vc="0" uspid="7115" ordinal="0" offset="162" sl="100" sc="29" el="100" ec="29" bec="0" bev="0" fileid="41" />
                <SequencePoint vc="0" uspid="7116" ordinal="0" offset="188" sl="108" sc="9" el="108" ec="9" bec="0" bev="0" fileid="41" />
              </SequencePoints>
              <BranchPoints />
            </Method>
          </Methods>
        </Class>
        <Class>
          <Summary numSequencePoints="12" visitedSequencePoints="0" numBranchPoints="0" visitedBranchPoints="0" sequenceCoverage="0.0" branchCoverage="0.0" maxCyclomaticComplexity="6" minCyclomaticComplexity="6" maxCrapScore="42" minCrapScore="42" visitedClasses="0" numClasses="1" visitedMethods="0" numMethods="1" />
          <FullName>MoveObjectToOriginEffectorSpace.MoveObjectToOriginEffector/&lt;GetAllInteractablesExceptVirtualHand&gt;d__8</FullName>
          <Methods>
            <Method visited="false" cyclomaticComplexity="6" nPathComplexity="0" sequenceCoverage="0.0" branchCoverage="0" crapScore="42" isConstructor="false" isStatic="false" isGetter="false" isSetter="false">
              <Summary numSequencePoints="12" visitedSequencePoints="0" numBranchPoints="0" visitedBranchPoints="0" sequenceCoverage="0.0" branchCoverage="0" maxCyclomaticComplexity="6" minCyclomaticComplexity="6" maxCrapScore="42" minCrapScore="42" visitedClasses="0" numClasses="0" visitedMethods="0" numMethods="1" />
              <MetadataToken>100663722</MetadataToken>
              <Name>System.Boolean MoveObjectToOriginEffectorSpace.MoveObjectToOriginEffector/&lt;GetAllInteractablesExceptVirtualHand&gt;d__8::MoveNext()</Name>
              <FileRef uid="44" />
              <SequencePoints>
                <SequencePoint vc="0" uspid="7117" ordinal="0" offset="31" sl="107" sc="9" el="107" ec="9" bec="0" bev="0" fileid="44" />
                <SequencePoint vc="0" uspid="7118" ordinal="0" offset="32" sl="108" sc="13" el="108" ec="13" bec="0" bev="0" fileid="44" />
                <SequencePoint vc="0" uspid="7119" ordinal="0" offset="33" sl="108" sc="42" el="108" ec="42" bec="0" bev="0" fileid="44" />
                <SequencePoint vc="0" uspid="7120" ordinal="0" offset="54" sl="108" sc="22" el="108" ec="22" bec="0" bev="0" fileid="44" />
                <SequencePoint vc="0" uspid="7121" ordinal="0" offset="73" sl="109" sc="13" el="109" ec="13" bec="0" bev="0" fileid="44" />
                <SequencePoint vc="0" uspid="7122" ordinal="0" offset="74" sl="110" sc="17" el="110" ec="17" bec="0" bev="0" fileid="44" />
                <SequencePoint vc="0" uspid="7123" ordinal="0" offset="124" sl="111" sc="17" el="111" ec="17" bec="0" bev="0" fileid="44" />
                <SequencePoint vc="0" uspid="7124" ordinal="0" offset="125" sl="112" sc="21" el="112" ec="21" bec="0" bev="0" fileid="44" />
                <SequencePoint vc="0" uspid="7125" ordinal="0" offset="153" sl="113" sc="17" el="113" ec="17" bec="0" bev="0" fileid="44" />
                <SequencePoint vc="0" uspid="7126" ordinal="0" offset="154" sl="114" sc="13" el="114" ec="13" bec="0" bev="0" fileid="44" />
                <SequencePoint vc="0" uspid="7127" ordinal="0" offset="176" sl="108" sc="39" el="108" ec="39" bec="0" bev="0" fileid="44" />
                <SequencePoint vc="0" uspid="7128" ordinal="0" offset="202" sl="115" sc="9" el="115" ec="9" bec="0" bev="0" fileid="44" />
              </SequencePoints>
              <BranchPoints />
            </Method>
          </Methods>
        </Class>
      </Classes>
    </Module>
  </Modules>
</CoverageSession>