<?xml version="1.0" encoding="utf-8"?>
<!DOCTYPE coverage SYSTEM "http://cobertura.sourceforge.net/xml/coverage-04.dtd">
<coverage line-rate="0.513255106475445" branch-rate="1" lines-covered="1181" lines-valid="2301" branches-covered="0" branches-valid="0" complexity="15" version="0" timestamp="1776346962">
  <sources />
  <packages>
    <package name="Assembly-CSharp" line-rate="0.513255106475445" branch-rate="1" complexity="15">
      <classes>
        <class name="ChildBahaviorSpace.ChildBehavior" filename="C:/Users/glongfil/Documents/GitHub/UltraInstinctVR/CodeBase/Assets/Scripts/Utils/ChildBehavior.cs" line-rate="0.8125" branch-rate="1" complexity="0">
          <methods>
            <method name="Initialize" signature="(ParentController)" line-rate="0.666666666666667" branch-rate="1" complexity="NaN">
              <lines>
                <line number="31" hits="21" branch="false" />
                <line number="32" hits="21" branch="false" />
                <line number="33" hits="0" branch="false" />
                <line number="34" hits="0" branch="false" />
                <line number="35" hits="0" branch="false" />
                <line number="38" hits="21" branch="false" />
                <line number="39" hits="21" branch="false" />
                <line number="40" hits="21" branch="false" />
                <line number="41" hits="21" branch="false" />
              </lines>
            </method>
            <method name="ChildBehavior" signature="()" line-rate="1" branch-rate="1" complexity="0">
              <lines>
                <line number="21" hits="74" branch="false" />
              </lines>
            </method>
            <method name="ExecuteAction" signature="()" line-rate="1" branch-rate="1" complexity="0">
              <lines>
                <line number="50" hits="21" branch="false" />
                <line number="51" hits="21" branch="false" />
                <line number="54" hits="21" branch="false" />
                <line number="56" hits="21" branch="false" />
                <line number="59" hits="21" branch="false" />
                <line number="60" hits="21" branch="false" />
              </lines>
            </method>
          </methods>
          <lines>
            <line number="21" hits="74" branch="false" />
            <line number="31" hits="21" branch="false" />
            <line number="32" hits="21" branch="false" />
            <line number="33" hits="0" branch="false" />
            <line number="34" hits="0" branch="false" />
            <line number="35" hits="0" branch="false" />
            <line number="38" hits="21" branch="false" />
            <line number="39" hits="21" branch="false" />
            <line number="40" hits="21" branch="false" />
            <line number="41" hits="21" branch="false" />
            <line number="50" hits="21" branch="false" />
            <line number="51" hits="21" branch="false" />
            <line number="54" hits="21" branch="false" />
            <line number="56" hits="21" branch="false" />
            <line number="59" hits="21" branch="false" />
            <line number="60" hits="21" branch="false" />
          </lines>
        </class>
        <class name="ColissionEffectorSpace.CollisionEffector" filename="C:/Users/glongfil/Documents/GitHub/UltraInstinctVR/CodeBase/Assets/Scripts/Effector/CollisionEffector.cs" line-rate="0.791666666666667" branch-rate="1" complexity="0">
          <methods>
            <method name="SafeEffectorUpdate" signature="()" line-rate="1" branch-rate="1" complexity="0">
              <lines>
                <line number="52" hits="10" branch="false" />
                <line number="53" hits="10" branch="false" />
                <line number="54" hits="10" branch="false" />
                <line number="55" hits="10" branch="false" />
              </lines>
            </method>
            <method name="DetectCollision" signature="()" line-rate="0.705882352941177" branch-rate="1" complexity="0">
              <lines>
                <line number="62" hits="10" branch="false" />
                <line number="64" hits="10" branch="false" />
                <line number="67" hits="10" branch="false" />
                <line number="68" hits="10" branch="false" />
                <line number="69" hits="60" branch="false" />
                <line number="70" hits="20" branch="false" />
                <line number="72" hits="20" branch="false" />
                <line number="73" hits="10" branch="false" />
                <line number="75" hits="10" branch="false" />
                <line number="79" hits="10" branch="false" />
                <line number="81" hits="10" branch="false" />
                <line number="84" hits="0" branch="false" />
                <line number="86" hits="0" branch="false" />
                <line number="88" hits="0" branch="false" />
                <line number="90" hits="0" branch="false" />
                <line number="92" hits="0" branch="false" />
                <line number="93" hits="10" branch="false" />
              </lines>
            </method>
            <method name="CollisionEffector" signature="(Xareus.Scenarios.Event, System.Collections.Generic.Dictionary[String,Parameter], Xareus.Scenarios.Context.IContext, Xareus.Scenarios.Context.IContext, Xareus.Scenarios.Context.IContext, Xareus.Scenarios.Context.IContext)" line-rate="1" branch-rate="1" complexity="NaN">
              <lines>
                <line number="25" hits="3" branch="false" />
                <line number="44" hits="3" branch="false" />
                <line number="46" hits="6" branch="false" />
              </lines>
            </method>
          </methods>
          <lines>
            <line number="25" hits="3" branch="false" />
            <line number="44" hits="3" branch="false" />
            <line number="46" hits="6" branch="false" />
            <line number="52" hits="10" branch="false" />
            <line number="53" hits="10" branch="false" />
            <line number="54" hits="10" branch="false" />
            <line number="55" hits="10" branch="false" />
            <line number="62" hits="10" branch="false" />
            <line number="64" hits="10" branch="false" />
            <line number="67" hits="10" branch="false" />
            <line number="68" hits="10" branch="false" />
            <line number="69" hits="60" branch="false" />
            <line number="70" hits="20" branch="false" />
            <line number="72" hits="20" branch="false" />
            <line number="73" hits="10" branch="false" />
            <line number="75" hits="10" branch="false" />
            <line number="79" hits="10" branch="false" />
            <line number="81" hits="10" branch="false" />
            <line number="84" hits="0" branch="false" />
            <line number="86" hits="0" branch="false" />
            <line number="88" hits="0" branch="false" />
            <line number="90" hits="0" branch="false" />
            <line number="92" hits="0" branch="false" />
            <line number="93" hits="10" branch="false" />
          </lines>
        </class>
        <class name="Collision" filename="C:/Users/glongfil/Documents/GitHub/UltraInstinctVR/CodeBase/Assets/Scripts/Interaction/GameObjectMovement/Collision.cs" line-rate="0" branch-rate="1" complexity="0">
          <methods>
            <method name="Start" signature="()" line-rate="0" branch-rate="1" complexity="0">
              <lines>
                <line number="20" hits="0" branch="false" />
                <line number="21" hits="0" branch="false" />
                <line number="22" hits="0" branch="false" />
                <line number="23" hits="0" branch="false" />
                <line number="24" hits="0" branch="false" />
                <line number="25" hits="0" branch="false" />
                <line number="27" hits="0" branch="false" />
                <line number="28" hits="0" branch="false" />
              </lines>
            </method>
            <method name="OnTriggerEnter" signature="(UnityEngine.Collider)" line-rate="0" branch-rate="1" complexity="NaN">
              <lines>
                <line number="31" hits="0" branch="false" />
                <line number="32" hits="0" branch="false" />
                <line number="33" hits="0" branch="false" />
                <line number="34" hits="0" branch="false" />
                <line number="36" hits="0" branch="false" />
                <line number="37" hits="0" branch="false" />
                <line number="38" hits="0" branch="false" />
                <line number="39" hits="0" branch="false" />
                <line number="40" hits="0" branch="false" />
                <line number="41" hits="0" branch="false" />
                <line number="42" hits="0" branch="false" />
                <line number="43" hits="0" branch="false" />
              </lines>
            </method>
            <method name="StartGrab" signature="(UnityEngine.XR.Interaction.Toolkit.Interactables.XRGrabInteractable)" line-rate="0" branch-rate="1" complexity="NaN">
              <lines>
                <line number="46" hits="0" branch="false" />
                <line number="47" hits="0" branch="false" />
                <line number="48" hits="0" branch="false" />
                <line number="49" hits="0" branch="false" />
                <line number="50" hits="0" branch="false" />
                <line number="51" hits="0" branch="false" />
                <line number="52" hits="0" branch="false" />
                <line number="53" hits="0" branch="false" />
              </lines>
            </method>
            <method name="EndGrab" signature="()" line-rate="0" branch-rate="1" complexity="0">
              <lines>
                <line number="56" hits="0" branch="false" />
                <line number="57" hits="0" branch="false" />
                <line number="58" hits="0" branch="false" />
                <line number="59" hits="0" branch="false" />
                <line number="60" hits="0" branch="false" />
                <line number="61" hits="0" branch="false" />
                <line number="62" hits="0" branch="false" />
                <line number="63" hits="0" branch="false" />
              </lines>
            </method>
            <method name="ReadPositionsFromFile" signature="()" line-rate="0" branch-rate="1" complexity="0">
              <lines>
                <line number="81" hits="0" branch="false" />
                <line number="82" hits="0" branch="false" />
                <line number="83" hits="0" branch="false" />
                <line number="84" hits="0" branch="false" />
                <line number="85" hits="0" branch="false" />
                <line number="88" hits="0" branch="false" />
                <line number="89" hits="0" branch="false" />
                <line number="91" hits="0" branch="false" />
                <line number="92" hits="0" branch="false" />
                <line number="93" hits="0" branch="false" />
                <line number="94" hits="0" branch="false" />
                <line number="95" hits="0" branch="false" />
                <line number="96" hits="0" branch="false" />
                <line number="97" hits="0" branch="false" />
                <line number="98" hits="0" branch="false" />
                <line number="100" hits="0" branch="false" />
                <line number="101" hits="0" branch="false" />
                <line number="102" hits="0" branch="false" />
                <line number="103" hits="0" branch="false" />
                <line number="104" hits="0" branch="false" />
                <line number="105" hits="0" branch="false" />
                <line number="106" hits="0" branch="false" />
                <line number="107" hits="0" branch="false" />
                <line number="108" hits="0" branch="false" />
                <line number="109" hits="0" branch="false" />
                <line number="110" hits="0" branch="false" />
                <line number="111" hits="0" branch="false" />
                <line number="112" hits="0" branch="false" />
                <line number="113" hits="0" branch="false" />
              </lines>
            </method>
            <method name="Collision" signature="()" line-rate="0" branch-rate="1" complexity="0">
              <lines>
                <line number="13" hits="0" branch="false" />
                <line number="14" hits="0" branch="false" />
                <line number="15" hits="0" branch="false" />
                <line number="16" hits="0" branch="false" />
                <line number="17" hits="0" branch="false" />
              </lines>
            </method>
            <method name="TeleportWithObject" signature="()" line-rate="0" branch-rate="1" complexity="0">
              <lines>
                <line number="66" hits="0" branch="false" />
                <line number="67" hits="0" branch="false" />
                <line number="69" hits="0" branch="false" />
                <line number="70" hits="0" branch="false" />
                <line number="71" hits="0" branch="false" />
                <line number="72" hits="0" branch="false" />
                <line number="73" hits="0" branch="false" />
                <line number="74" hits="0" branch="false" />
                <line number="75" hits="0" branch="false" />
                <line number="77" hits="0" branch="false" />
                <line number="78" hits="0" branch="false" />
              </lines>
            </method>
          </methods>
          <lines>
            <line number="13" hits="0" branch="false" />
            <line number="14" hits="0" branch="false" />
            <line number="15" hits="0" branch="false" />
            <line number="16" hits="0" branch="false" />
            <line number="17" hits="0" branch="false" />
            <line number="20" hits="0" branch="false" />
            <line number="21" hits="0" branch="false" />
            <line number="22" hits="0" branch="false" />
            <line number="23" hits="0" branch="false" />
            <line number="24" hits="0" branch="false" />
            <line number="25" hits="0" branch="false" />
            <line number="27" hits="0" branch="false" />
            <line number="28" hits="0" branch="false" />
            <line number="31" hits="0" branch="false" />
            <line number="32" hits="0" branch="false" />
            <line number="33" hits="0" branch="false" />
            <line number="34" hits="0" branch="false" />
            <line number="36" hits="0" branch="false" />
            <line number="37" hits="0" branch="false" />
            <line number="38" hits="0" branch="false" />
            <line number="39" hits="0" branch="false" />
            <line number="40" hits="0" branch="false" />
            <line number="41" hits="0" branch="false" />
            <line number="42" hits="0" branch="false" />
            <line number="43" hits="0" branch="false" />
            <line number="46" hits="0" branch="false" />
            <line number="47" hits="0" branch="false" />
            <line number="48" hits="0" branch="false" />
            <line number="49" hits="0" branch="false" />
            <line number="50" hits="0" branch="false" />
            <line number="51" hits="0" branch="false" />
            <line number="52" hits="0" branch="false" />
            <line number="53" hits="0" branch="false" />
            <line number="56" hits="0" branch="false" />
            <line number="57" hits="0" branch="false" />
            <line number="58" hits="0" branch="false" />
            <line number="59" hits="0" branch="false" />
            <line number="60" hits="0" branch="false" />
            <line number="61" hits="0" branch="false" />
            <line number="62" hits="0" branch="false" />
            <line number="63" hits="0" branch="false" />
            <line number="66" hits="0" branch="false" />
            <line number="67" hits="0" branch="false" />
            <line number="69" hits="0" branch="false" />
            <line number="70" hits="0" branch="false" />
            <line number="71" hits="0" branch="false" />
            <line number="72" hits="0" branch="false" />
            <line number="73" hits="0" branch="false" />
            <line number="74" hits="0" branch="false" />
            <line number="75" hits="0" branch="false" />
            <line number="77" hits="0" branch="false" />
            <line number="78" hits="0" branch="false" />
            <line number="81" hits="0" branch="false" />
            <line number="82" hits="0" branch="false" />
            <line number="83" hits="0" branch="false" />
            <line number="84" hits="0" branch="false" />
            <line number="85" hits="0" branch="false" />
            <line number="88" hits="0" branch="false" />
            <line number="89" hits="0" branch="false" />
            <line number="91" hits="0" branch="false" />
            <line number="92" hits="0" branch="false" />
            <line number="93" hits="0" branch="false" />
            <line number="94" hits="0" branch="false" />
            <line number="95" hits="0" branch="false" />
            <line number="96" hits="0" branch="false" />
            <line number="97" hits="0" branch="false" />
            <line number="98" hits="0" branch="false" />
            <line number="100" hits="0" branch="false" />
            <line number="101" hits="0" branch="false" />
            <line number="102" hits="0" branch="false" />
            <line number="103" hits="0" branch="false" />
            <line number="104" hits="0" branch="false" />
            <line number="105" hits="0" branch="false" />
            <line number="106" hits="0" branch="false" />
            <line number="107" hits="0" branch="false" />
            <line number="108" hits="0" branch="false" />
            <line number="109" hits="0" branch="false" />
            <line number="110" hits="0" branch="false" />
            <line number="111" hits="0" branch="false" />
            <line number="112" hits="0" branch="false" />
            <line number="113" hits="0" branch="false" />
          </lines>
        </class>
        <class name="CountInteractablesObject" filename="C:/Users/glongfil/Documents/GitHub/UltraInstinctVR/CodeBase/Assets/Scripts/Utils/CountInteractableObject.cs" line-rate="1" branch-rate="1" complexity="0">
          <methods>
            <method name="Start" signature="()" line-rate="1" branch-rate="1" complexity="0">
              <lines>
                <line number="8" hits="3" branch="false" />
                <line number="9" hits="3" branch="false" />
                <line number="10" hits="3" branch="false" />
              </lines>
            </method>
            <method name="CountAllInteractables" signature="()" line-rate="1" branch-rate="1" complexity="0">
              <lines>
                <line number="13" hits="3" branch="false" />
                <line number="14" hits="3" branch="false" />
                <line number="19" hits="3" branch="false" />
                <line number="21" hits="3" branch="false" />
                <line number="24" hits="3" branch="false" />
                <line number="25" hits="3" branch="false" />
              </lines>
            </method>
          </methods>
          <lines>
            <line number="8" hits="3" branch="false" />
            <line number="9" hits="3" branch="false" />
            <line number="10" hits="3" branch="false" />
            <line number="13" hits="3" branch="false" />
            <line number="14" hits="3" branch="false" />
            <line number="19" hits="3" branch="false" />
            <line number="21" hits="3" branch="false" />
            <line number="24" hits="3" branch="false" />
            <line number="25" hits="3" branch="false" />
          </lines>
        </class>
        <class name="CoverageToCSV" filename="C:/Users/glongfil/Documents/GitHub/UltraInstinctVR/CodeBase/Assets/Scripts/Utils/CoverageToCSV.cs" line-rate="0" branch-rate="1" complexity="0">
          <methods>
            <method name="Export" signature="()" line-rate="0" branch-rate="1" complexity="0">
              <lines>
                <line number="10" hits="0" branch="false" />
                <line number="11" hits="0" branch="false" />
                <line number="14" hits="0" branch="false" />
                <line number="15" hits="0" branch="false" />
                <line number="18" hits="0" branch="false" />
                <line number="19" hits="0" branch="false" />
                <line number="20" hits="0" branch="false" />
                <line number="21" hits="0" branch="false" />
                <line number="22" hits="0" branch="false" />
                <line number="24" hits="0" branch="false" />
                <line number="25" hits="0" branch="false" />
                <line number="26" hits="0" branch="false" />
                <line number="27" hits="0" branch="false" />
                <line number="30" hits="0" branch="false" />
                <line number="31" hits="0" branch="false" />
                <line number="33" hits="0" branch="false" />
                <line number="35" hits="0" branch="false" />
                <line number="36" hits="0" branch="false" />
                <line number="37" hits="0" branch="false" />
                <line number="38" hits="0" branch="false" />
                <line number="41" hits="0" branch="false" />
                <line number="42" hits="0" branch="false" />
                <line number="43" hits="0" branch="false" />
                <line number="44" hits="0" branch="false" />
                <line number="46" hits="0" branch="false" />
                <line number="47" hits="0" branch="false" />
                <line number="48" hits="0" branch="false" />
                <line number="49" hits="0" branch="false" />
                <line number="50" hits="0" branch="false" />
                <line number="52" hits="0" branch="false" />
                <line number="53" hits="0" branch="false" />
              </lines>
            </method>
          </methods>
          <lines>
            <line number="10" hits="0" branch="false" />
            <line number="11" hits="0" branch="false" />
            <line number="14" hits="0" branch="false" />
            <line number="15" hits="0" branch="false" />
            <line number="18" hits="0" branch="false" />
            <line number="19" hits="0" branch="false" />
            <line number="20" hits="0" branch="false" />
            <line number="21" hits="0" branch="false" />
            <line number="22" hits="0" branch="false" />
            <line number="24" hits="0" branch="false" />
            <line number="25" hits="0" branch="false" />
            <line number="26" hits="0" branch="false" />
            <line number="27" hits="0" branch="false" />
            <line number="30" hits="0" branch="false" />
            <line number="31" hits="0" branch="false" />
            <line number="33" hits="0" branch="false" />
            <line number="35" hits="0" branch="false" />
            <line number="36" hits="0" branch="false" />
            <line number="37" hits="0" branch="false" />
            <line number="38" hits="0" branch="false" />
            <line number="41" hits="0" branch="false" />
            <line number="42" hits="0" branch="false" />
            <line number="43" hits="0" branch="false" />
            <line number="44" hits="0" branch="false" />
            <line number="46" hits="0" branch="false" />
            <line number="47" hits="0" branch="false" />
            <line number="48" hits="0" branch="false" />
            <line number="49" hits="0" branch="false" />
            <line number="50" hits="0" branch="false" />
            <line number="52" hits="0" branch="false" />
            <line number="53" hits="0" branch="false" />
          </lines>
        </class>
        <class name="GenerateReportSpace.GenerateReport" filename="C:/Users/glongfil/Documents/GitHub/UltraInstinctVR/CodeBase/Assets/Scripts/Utils/GenerateReport.cs" line-rate="0.481481481481481" branch-rate="1" complexity="7">
          <methods>
            <method name="Start" signature="()" line-rate="1" branch-rate="1" complexity="0">
              <lines>
                <line number="16" hits="3" branch="false" />
                <line number="17" hits="3" branch="false" />
                <line number="18" hits="3" branch="false" />
              </lines>
            </method>
            <method name="CountTestGeneratedLogs" signature="(System.String)" line-rate="0" branch-rate="1" complexity="NaN">
              <lines>
                <line number="21" hits="0" branch="false" />
                <line number="22" hits="0" branch="false" />
                <line number="23" hits="0" branch="false" />
                <line number="24" hits="0" branch="false" />
                <line number="25" hits="0" branch="false" />
                <line number="28" hits="0" branch="false" />
                <line number="29" hits="0" branch="false" />
                <line number="31" hits="0" branch="false" />
                <line number="34" hits="0" branch="false" />
                <line number="35" hits="0" branch="false" />
              </lines>
            </method>
            <method name="Export" signature="()" line-rate="0.55" branch-rate="1" complexity="0">
              <lines>
                <line number="39" hits="3" branch="false" />
                <line number="40" hits="3" branch="false" />
                <line number="42" hits="3" branch="false" />
                <line number="43" hits="3" branch="false" />
                <line number="44" hits="0" branch="false" />
                <line number="45" hits="3" branch="false" />
                <line number="46" hits="0" branch="false" />
                <line number="47" hits="0" branch="false" />
                <line number="48" hits="0" branch="false" />
                <line number="49" hits="0" branch="false" />
                <line number="50" hits="0" branch="false" />
                <line number="51" hits="3" branch="false" />
                <line number="52" hits="0" branch="false" />
                <line number="53" hits="3" branch="false" />
                <line number="54" hits="3" branch="false" />
                <line number="55" hits="3" branch="false" />
                <line number="56" hits="3" branch="false" />
                <line number="57" hits="3" branch="false" />
                <line number="58" hits="0" branch="false" />
                <line number="59" hits="3" branch="false" />
                <line number="60" hits="3" branch="false" />
                <line number="61" hits="0" branch="false" />
                <line number="62" hits="0" branch="false" />
                <line number="64" hits="3" branch="false" />
                <line number="66" hits="0" branch="false" />
                <line number="67" hits="3" branch="false" />
                <line number="68" hits="0" branch="false" />
                <line number="69" hits="0" branch="false" />
                <line number="72" hits="3" branch="false" />
                <line number="73" hits="3" branch="false" />
                <line number="74" hits="3" branch="false" />
                <line number="75" hits="0" branch="false" />
                <line number="76" hits="3" branch="false" />
                <line number="77" hits="0" branch="false" />
                <line number="78" hits="0" branch="false" />
                <line number="79" hits="3" branch="false" />
                <line number="80" hits="3" branch="false" />
                <line number="81" hits="0" branch="false" />
                <line number="83" hits="0" branch="false" />
                <line number="84" hits="3" branch="false" />
              </lines>
            </method>
            <method name="InteractableCoverage" signature="()" line-rate="0.357142857142857" branch-rate="1" complexity="0">
              <lines>
                <line number="89" hits="0" branch="false" />
                <line number="90" hits="3" branch="false" />
                <line number="91" hits="0" branch="false" />
                <line number="92" hits="0" branch="false" />
                <line number="93" hits="0" branch="false" />
                <line number="97" hits="3" branch="false" />
                <line number="98" hits="3" branch="false" />
                <line number="99" hits="3" branch="false" />
                <line number="100" hits="3" branch="false" />
                <line number="101" hits="0" branch="false" />
                <line number="102" hits="0" branch="false" />
                <line number="103" hits="0" branch="false" />
                <line number="104" hits="0" branch="false" />
                <line number="105" hits="0" branch="false" />
              </lines>
            </method>
            <method name="CountLinesInFoundObjects" signature="()" line-rate="0.5" branch-rate="1" complexity="0">
              <lines>
                <line number="109" hits="0" branch="false" />
                <line number="111" hits="3" branch="false" />
                <line number="112" hits="3" branch="false" />
                <line number="113" hits="3" branch="false" />
                <line number="114" hits="3" branch="false" />
                <line number="115" hits="3" branch="false" />
                <line number="116" hits="0" branch="false" />
                <line number="117" hits="0" branch="false" />
                <line number="118" hits="0" branch="false" />
                <line number="122" hits="0" branch="false" />
              </lines>
            </method>
            <method name="GenerateFileName" signature="()" line-rate="1" branch-rate="1" complexity="0">
              <lines />
            </method>
            <method name="Export" signature="()" line-rate="0.636363636363636" branch-rate="1" complexity="3">
              <lines>
                <line number="38" hits="3" branch="false" />
                <line number="39" hits="3" branch="false" />
                <line number="40" hits="3" branch="false" />
                <line number="42" hits="3" branch="false" />
                <line number="43" hits="3" branch="false" />
                <line number="44" hits="0" branch="false" />
                <line number="45" hits="3" branch="false" />
                <line number="46" hits="0" branch="false" />
                <line number="47" hits="0" branch="false" />
                <line number="48" hits="0" branch="false" />
                <line number="49" hits="0" branch="false" />
                <line number="50" hits="0" branch="false" />
                <line number="51" hits="3" branch="false" />
                <line number="52" hits="0" branch="false" />
                <line number="53" hits="3" branch="false" />
                <line number="54" hits="3" branch="false" />
                <line number="55" hits="3" branch="false" />
                <line number="56" hits="3" branch="false" />
                <line number="57" hits="3" branch="false" />
                <line number="58" hits="0" branch="false" />
                <line number="59" hits="3" branch="false" />
                <line number="60" hits="3" branch="false" />
              </lines>
            </method>
            <method name="InteractableCoverage" signature="()" line-rate="0.571428571428571" branch-rate="1" complexity="1">
              <lines>
                <line number="64" hits="3" branch="false" />
                <line number="66" hits="0" branch="false" />
                <line number="67" hits="3" branch="false" />
                <line number="68" hits="0" branch="false" />
                <line number="69" hits="0" branch="false" />
                <line number="72" hits="3" branch="false" />
                <line number="73" hits="3" branch="false" />
                <line number="74" hits="3" branch="false" />
                <line number="75" hits="0" branch="false" />
                <line number="76" hits="3" branch="false" />
                <line number="77" hits="0" branch="false" />
                <line number="78" hits="0" branch="false" />
                <line number="79" hits="3" branch="false" />
                <line number="80" hits="3" branch="false" />
              </lines>
            </method>
            <method name="CountLinesInFoundObjects" signature="()" line-rate="0.5" branch-rate="1" complexity="2">
              <lines>
                <line number="84" hits="3" branch="false" />
                <line number="86" hits="3" branch="false" />
                <line number="88" hits="3" branch="false" />
                <line number="89" hits="0" branch="false" />
                <line number="90" hits="3" branch="false" />
                <line number="91" hits="0" branch="false" />
                <line number="92" hits="0" branch="false" />
                <line number="93" hits="0" branch="false" />
                <line number="97" hits="3" branch="false" />
                <line number="98" hits="3" branch="false" />
                <line number="99" hits="3" branch="false" />
                <line number="100" hits="3" branch="false" />
                <line number="101" hits="0" branch="false" />
                <line number="102" hits="0" branch="false" />
                <line number="103" hits="0" branch="false" />
                <line number="104" hits="0" branch="false" />
                <line number="105" hits="0" branch="false" />
                <line number="107" hits="3" branch="false" />
              </lines>
            </method>
            <method name="GenerateFileName" signature="()" line-rate="1" branch-rate="1" complexity="1">
              <lines>
                <line number="111" hits="3" branch="false" />
                <line number="112" hits="3" branch="false" />
                <line number="113" hits="3" branch="false" />
                <line number="114" hits="3" branch="false" />
                <line number="115" hits="3" branch="false" />
              </lines>
            </method>
          </methods>
          <lines>
            <line number="16" hits="3" branch="false" />
            <line number="17" hits="3" branch="false" />
            <line number="18" hits="3" branch="false" />
            <line number="21" hits="0" branch="false" />
            <line number="22" hits="0" branch="false" />
            <line number="23" hits="0" branch="false" />
            <line number="24" hits="0" branch="false" />
            <line number="25" hits="0" branch="false" />
            <line number="28" hits="0" branch="false" />
            <line number="29" hits="0" branch="false" />
            <line number="31" hits="0" branch="false" />
            <line number="34" hits="0" branch="false" />
            <line number="35" hits="0" branch="false" />
            <line number="38" hits="3" branch="false" />
            <line number="39" hits="3" branch="false" />
            <line number="40" hits="3" branch="false" />
            <line number="42" hits="3" branch="false" />
            <line number="43" hits="3" branch="false" />
            <line number="44" hits="0" branch="false" />
            <line number="45" hits="3" branch="false" />
            <line number="46" hits="0" branch="false" />
            <line number="47" hits="0" branch="false" />
            <line number="48" hits="0" branch="false" />
            <line number="49" hits="0" branch="false" />
            <line number="50" hits="0" branch="false" />
            <line number="51" hits="3" branch="false" />
            <line number="52" hits="0" branch="false" />
            <line number="53" hits="3" branch="false" />
            <line number="54" hits="3" branch="false" />
            <line number="55" hits="3" branch="false" />
            <line number="56" hits="3" branch="false" />
            <line number="57" hits="3" branch="false" />
            <line number="58" hits="0" branch="false" />
            <line number="59" hits="3" branch="false" />
            <line number="60" hits="3" branch="false" />
            <line number="61" hits="0" branch="false" />
            <line number="62" hits="0" branch="false" />
            <line number="64" hits="3" branch="false" />
            <line number="66" hits="0" branch="false" />
            <line number="67" hits="3" branch="false" />
            <line number="68" hits="0" branch="false" />
            <line number="69" hits="0" branch="false" />
            <line number="72" hits="3" branch="false" />
            <line number="73" hits="3" branch="false" />
            <line number="74" hits="3" branch="false" />
            <line number="75" hits="0" branch="false" />
            <line number="76" hits="3" branch="false" />
            <line number="77" hits="0" branch="false" />
            <line number="78" hits="0" branch="false" />
            <line number="79" hits="3" branch="false" />
            <line number="80" hits="3" branch="false" />
            <line number="81" hits="0" branch="false" />
            <line number="83" hits="0" branch="false" />
            <line number="84" hits="3" branch="false" />
            <line number="86" hits="3" branch="false" />
            <line number="88" hits="3" branch="false" />
            <line number="89" hits="0" branch="false" />
            <line number="90" hits="3" branch="false" />
            <line number="91" hits="0" branch="false" />
            <line number="92" hits="0" branch="false" />
            <line number="93" hits="0" branch="false" />
            <line number="97" hits="3" branch="false" />
            <line number="98" hits="3" branch="false" />
            <line number="99" hits="3" branch="false" />
            <line number="100" hits="3" branch="false" />
            <line number="101" hits="0" branch="false" />
            <line number="102" hits="0" branch="false" />
            <line number="103" hits="0" branch="false" />
            <line number="104" hits="0" branch="false" />
            <line number="105" hits="0" branch="false" />
            <line number="107" hits="3" branch="false" />
            <line number="109" hits="0" branch="false" />
            <line number="111" hits="3" branch="false" />
            <line number="112" hits="3" branch="false" />
            <line number="113" hits="3" branch="false" />
            <line number="114" hits="3" branch="false" />
            <line number="115" hits="3" branch="false" />
            <line number="116" hits="0" branch="false" />
            <line number="117" hits="0" branch="false" />
            <line number="118" hits="0" branch="false" />
            <line number="122" hits="0" branch="false" />
          </lines>
        </class>
        <class name="GetCPUTime" filename="C:/Users/glongfil/Documents/GitHub/UltraInstinctVR/CodeBase/Assets/Scripts/Utils/GetCPUTime.cs" line-rate="0.615384615384615" branch-rate="1" complexity="0">
          <methods>
            <method name="Start" signature="()" line-rate="1" branch-rate="1" complexity="0">
              <lines>
                <line number="10" hits="3" branch="false" />
                <line number="11" hits="3" branch="false" />
                <line number="13" hits="3" branch="false" />
              </lines>
            </method>
            <method name="GetCurrentCPUTime" signature="()" line-rate="1" branch-rate="1" complexity="0">
              <lines>
                <line number="19" hits="3" branch="false" />
                <line number="20" hits="3" branch="false" />
                <line number="21" hits="3" branch="false" />
                <line number="22" hits="3" branch="false" />
                <line number="23" hits="3" branch="false" />
              </lines>
            </method>
            <method name="Generate" signature="()" line-rate="0" branch-rate="1" complexity="0">
              <lines>
                <line number="27" hits="0" branch="false" />
                <line number="28" hits="0" branch="false" />
                <line number="29" hits="0" branch="false" />
                <line number="30" hits="0" branch="false" />
                <line number="31" hits="0" branch="false" />
              </lines>
            </method>
          </methods>
          <lines>
            <line number="10" hits="3" branch="false" />
            <line number="11" hits="3" branch="false" />
            <line number="13" hits="3" branch="false" />
            <line number="19" hits="3" branch="false" />
            <line number="20" hits="3" branch="false" />
            <line number="21" hits="3" branch="false" />
            <line number="22" hits="3" branch="false" />
            <line number="23" hits="3" branch="false" />
            <line number="27" hits="0" branch="false" />
            <line number="28" hits="0" branch="false" />
            <line number="29" hits="0" branch="false" />
            <line number="30" hits="0" branch="false" />
            <line number="31" hits="0" branch="false" />
          </lines>
        </class>
        <class name="GetStartTimeSpace.GetStartTime" filename="C:/Users/glongfil/Documents/GitHub/UltraInstinctVR/CodeBase/Assets/Scripts/Utils/GetStartTime.cs" line-rate="0.625" branch-rate="1" complexity="0">
          <methods>
            <method name="Instance" signature="()" line-rate="1" branch-rate="1" complexity="NaN">
              <lines>
                <line number="10" hits="6" branch="false" />
              </lines>
            </method>
            <method name="Instance" signature="(GetStartTimeSpace.GetStartTime)" line-rate="1" branch-rate="1" complexity="NaN">
              <lines>
                <line number="10" hits="6" branch="false" />
              </lines>
            </method>
            <method name="Awake" signature="()" line-rate="0.666666666666667" branch-rate="1" complexity="0">
              <lines>
                <line number="15" hits="3" branch="false" />
                <line number="16" hits="3" branch="false" />
                <line number="17" hits="3" branch="false" />
                <line number="18" hits="3" branch="false" />
                <line number="19" hits="3" branch="false" />
                <line number="21" hits="0" branch="false" />
                <line number="22" hits="0" branch="false" />
                <line number="23" hits="0" branch="false" />
                <line number="24" hits="3" branch="false" />
              </lines>
            </method>
            <method name="Start" signature="()" line-rate="1" branch-rate="1" complexity="0">
              <lines>
                <line number="27" hits="3" branch="false" />
                <line number="28" hits="3" branch="false" />
                <line number="29" hits="3" branch="false" />
              </lines>
            </method>
            <method name="GetStartTimeValue" signature="()" line-rate="0" branch-rate="1" complexity="0">
              <lines>
                <line number="33" hits="0" branch="false" />
                <line number="34" hits="0" branch="false" />
                <line number="35" hits="0" branch="false" />
              </lines>
            </method>
          </methods>
          <lines>
            <line number="10" hits="6" branch="false" />
            <line number="15" hits="3" branch="false" />
            <line number="16" hits="3" branch="false" />
            <line number="17" hits="3" branch="false" />
            <line number="18" hits="3" branch="false" />
            <line number="19" hits="3" branch="false" />
            <line number="21" hits="0" branch="false" />
            <line number="22" hits="0" branch="false" />
            <line number="23" hits="0" branch="false" />
            <line number="24" hits="3" branch="false" />
            <line number="27" hits="3" branch="false" />
            <line number="28" hits="3" branch="false" />
            <line number="29" hits="3" branch="false" />
            <line number="33" hits="0" branch="false" />
            <line number="34" hits="0" branch="false" />
            <line number="35" hits="0" branch="false" />
          </lines>
        </class>
        <class name="InObjectSceneEffectorSpace.InObjectSceneEffector" filename="C:/Users/glongfil/Documents/GitHub/UltraInstinctVR/CodeBase/Assets/Scripts/Effector/InObjectSceneEffector.cs" line-rate="0.764705882352941" branch-rate="1" complexity="0">
          <methods>
            <method name="SafeReset" signature="()" line-rate="1" branch-rate="1" complexity="0">
              <lines>
                <line number="49" hits="27" branch="false" />
                <line number="50" hits="27" branch="false" />
                <line number="52" hits="27" branch="false" />
                <line number="53" hits="27" branch="false" />
              </lines>
            </method>
            <method name="SafeEffectorUpdate" signature="()" line-rate="0.842105263157895" branch-rate="1" complexity="0">
              <lines>
                <line number="61" hits="27" branch="false" />
                <line number="62" hits="27" branch="false" />
                <line number="65" hits="27" branch="false" />
                <line number="66" hits="27" branch="false" />
                <line number="67" hits="27" branch="false" />
                <line number="68" hits="118" branch="false" />
                <line number="69" hits="32" branch="false" />
                <line number="70" hits="32" branch="false" />
                <line number="72" hits="32" branch="false" />
                <line number="73" hits="27" branch="false" />
                <line number="74" hits="27" branch="false" />
                <line number="75" hits="27" branch="false" />
                <line number="76" hits="27" branch="false" />
                <line number="78" hits="5" branch="false" />
                <line number="80" hits="27" branch="false" />
                <line number="81" hits="0" branch="false" />
                <line number="82" hits="0" branch="false" />
                <line number="83" hits="0" branch="false" />
                <line number="85" hits="27" branch="false" />
              </lines>
            </method>
            <method name="LoadCoveredObjectPositions" signature="()" line-rate="0.75" branch-rate="1" complexity="0">
              <lines>
                <line number="92" hits="27" branch="false" />
                <line number="93" hits="27" branch="false" />
                <line number="94" hits="0" branch="false" />
                <line number="95" hits="0" branch="false" />
                <line number="96" hits="0" branch="false" />
                <line number="99" hits="27" branch="false" />
                <line number="100" hits="27" branch="false" />
                <line number="102" hits="621" branch="false" />
                <line number="103" hits="270" branch="false" />
                <line number="104" hits="270" branch="false" />
                <line number="105" hits="270" branch="false" />
                <line number="106" hits="27" branch="false" />
              </lines>
            </method>
            <method name="ParseAndAddPosition" signature="(System.String, System.String)" line-rate="0.538461538461538" branch-rate="1" complexity="NaN">
              <lines>
                <line number="115" hits="270" branch="false" />
                <line number="116" hits="270" branch="false" />
                <line number="117" hits="270" branch="false" />
                <line number="118" hits="0" branch="false" />
                <line number="119" hits="0" branch="false" />
                <line number="120" hits="0" branch="false" />
                <line number="123" hits="270" branch="false" />
                <line number="124" hits="270" branch="false" />
                <line number="125" hits="0" branch="false" />
                <line number="126" hits="0" branch="false" />
                <line number="127" hits="0" branch="false" />
                <line number="130" hits="270" branch="false" />
                <line number="131" hits="270" branch="false" />
              </lines>
            </method>
            <method name="TryAddPosition" signature="(System.String[], System.String)" line-rate="0.666666666666667" branch-rate="1" complexity="NaN">
              <lines>
                <line number="140" hits="270" branch="false" />
                <line number="142" hits="270" branch="false" />
                <line number="143" hits="270" branch="false" />
                <line number="144" hits="270" branch="false" />
                <line number="145" hits="270" branch="false" />
                <line number="147" hits="270" branch="false" />
                <line number="148" hits="270" branch="false" />
                <line number="149" hits="0" branch="false" />
                <line number="150" hits="0" branch="false" />
                <line number="151" hits="0" branch="false" />
                <line number="152" hits="0" branch="false" />
                <line number="153" hits="270" branch="false" />
              </lines>
            </method>
            <method name="GetPlayerPosition" signature="()" line-rate="1" branch-rate="1" complexity="0">
              <lines>
                <line number="160" hits="54" branch="false" />
                <line number="161" hits="54" branch="false" />
                <line number="162" hits="54" branch="false" />
              </lines>
            </method>
            <method name="InObjectSceneEffector" signature="(Xareus.Scenarios.Event, System.Collections.Generic.Dictionary[String,Parameter], Xareus.Scenarios.Context.IContext, Xareus.Scenarios.Context.IContext, Xareus.Scenarios.Context.IContext, Xareus.Scenarios.Context.IContext)" line-rate="1" branch-rate="1" complexity="NaN">
              <lines>
                <line number="21" hits="3" branch="false" />
                <line number="29" hits="3" branch="false" />
                <line number="31" hits="3" branch="false" />
                <line number="39" hits="3" branch="false" />
                <line number="41" hits="6" branch="false" />
              </lines>
            </method>
          </methods>
          <lines>
            <line number="21" hits="3" branch="false" />
            <line number="29" hits="3" branch="false" />
            <line number="31" hits="3" branch="false" />
            <line number="39" hits="3" branch="false" />
            <line number="41" hits="6" branch="false" />
            <line number="49" hits="27" branch="false" />
            <line number="50" hits="27" branch="false" />
            <line number="52" hits="27" branch="false" />
            <line number="53" hits="27" branch="false" />
            <line number="61" hits="27" branch="false" />
            <line number="62" hits="27" branch="false" />
            <line number="65" hits="27" branch="false" />
            <line number="66" hits="27" branch="false" />
            <line number="67" hits="27" branch="false" />
            <line number="68" hits="118" branch="false" />
            <line number="69" hits="32" branch="false" />
            <line number="70" hits="32" branch="false" />
            <line number="72" hits="32" branch="false" />
            <line number="73" hits="27" branch="false" />
            <line number="74" hits="27" branch="false" />
            <line number="75" hits="27" branch="false" />
            <line number="76" hits="27" branch="false" />
            <line number="78" hits="5" branch="false" />
            <line number="80" hits="27" branch="false" />
            <line number="81" hits="0" branch="false" />
            <line number="82" hits="0" branch="false" />
            <line number="83" hits="0" branch="false" />
            <line number="85" hits="27" branch="false" />
            <line number="92" hits="27" branch="false" />
            <line number="93" hits="27" branch="false" />
            <line number="94" hits="0" branch="false" />
            <line number="95" hits="0" branch="false" />
            <line number="96" hits="0" branch="false" />
            <line number="99" hits="27" branch="false" />
            <line number="100" hits="27" branch="false" />
            <line number="102" hits="621" branch="false" />
            <line number="103" hits="270" branch="false" />
            <line number="104" hits="270" branch="false" />
            <line number="105" hits="270" branch="false" />
            <line number="106" hits="27" branch="false" />
            <line number="115" hits="270" branch="false" />
            <line number="116" hits="270" branch="false" />
            <line number="117" hits="270" branch="false" />
            <line number="118" hits="0" branch="false" />
            <line number="119" hits="0" branch="false" />
            <line number="120" hits="0" branch="false" />
            <line number="123" hits="270" branch="false" />
            <line number="124" hits="270" branch="false" />
            <line number="125" hits="0" branch="false" />
            <line number="126" hits="0" branch="false" />
            <line number="127" hits="0" branch="false" />
            <line number="130" hits="270" branch="false" />
            <line number="131" hits="270" branch="false" />
            <line number="140" hits="270" branch="false" />
            <line number="142" hits="270" branch="false" />
            <line number="143" hits="270" branch="false" />
            <line number="144" hits="270" branch="false" />
            <line number="145" hits="270" branch="false" />
            <line number="147" hits="270" branch="false" />
            <line number="148" hits="270" branch="false" />
            <line number="149" hits="0" branch="false" />
            <line number="150" hits="0" branch="false" />
            <line number="151" hits="0" branch="false" />
            <line number="152" hits="0" branch="false" />
            <line number="153" hits="270" branch="false" />
            <line number="160" hits="54" branch="false" />
            <line number="161" hits="54" branch="false" />
            <line number="162" hits="54" branch="false" />
          </lines>
        </class>
        <class name="LogAnalyzer" filename="C:/Users/glongfil/Documents/GitHub/UltraInstinctVR/CodeBase/Assets/Scripts/Utils/LogAnalyser.cs" line-rate="0.433333333333333" branch-rate="1" complexity="0">
          <methods>
            <method name="Start" signature="()" line-rate="1" branch-rate="1" complexity="0">
              <lines>
                <line number="23" hits="3" branch="false" />
                <line number="24" hits="3" branch="false" />
                <line number="25" hits="3" branch="false" />
              </lines>
            </method>
            <method name="AnalyzeLogs" signature="()" line-rate="0.406976744186047" branch-rate="1" complexity="0">
              <lines>
                <line number="33" hits="3" branch="false" />
                <line number="34" hits="3" branch="false" />
                <line number="35" hits="0" branch="false" />
                <line number="36" hits="0" branch="false" />
                <line number="37" hits="0" branch="false" />
                <line number="40" hits="3" branch="false" />
                <line number="41" hits="3" branch="false" />
                <line number="42" hits="3" branch="false" />
                <line number="43" hits="3" branch="false" />
                <line number="45" hits="9" branch="false" />
                <line number="46" hits="0" branch="false" />
                <line number="47" hits="0" branch="false" />
                <line number="48" hits="0" branch="false" />
                <line number="49" hits="0" branch="false" />
                <line number="51" hits="0" branch="false" />
                <line number="52" hits="0" branch="false" />
                <line number="53" hits="0" branch="false" />
                <line number="54" hits="0" branch="false" />
                <line number="55" hits="0" branch="false" />
                <line number="56" hits="0" branch="false" />
                <line number="57" hits="0" branch="false" />
                <line number="58" hits="0" branch="false" />
                <line number="60" hits="0" branch="false" />
                <line number="61" hits="0" branch="false" />
                <line number="62" hits="0" branch="false" />
                <line number="63" hits="0" branch="false" />
                <line number="64" hits="0" branch="false" />
                <line number="65" hits="0" branch="false" />
                <line number="66" hits="0" branch="false" />
                <line number="67" hits="0" branch="false" />
                <line number="68" hits="0" branch="false" />
                <line number="69" hits="0" branch="false" />
                <line number="70" hits="0" branch="false" />
                <line number="71" hits="0" branch="false" />
                <line number="72" hits="0" branch="false" />
                <line number="73" hits="0" branch="false" />
                <line number="75" hits="3" branch="false" />
                <line number="76" hits="3" branch="false" />
                <line number="77" hits="3" branch="false" />
                <line number="78" hits="3" branch="false" />
                <line number="79" hits="3" branch="false" />
                <line number="80" hits="3" branch="false" />
                <line number="81" hits="3" branch="false" />
                <line number="82" hits="3" branch="false" />
                <line number="83" hits="3" branch="false" />
                <line number="84" hits="3" branch="false" />
                <line number="85" hits="3" branch="false" />
                <line number="86" hits="3" branch="false" />
                <line number="87" hits="3" branch="false" />
                <line number="88" hits="3" branch="false" />
                <line number="89" hits="3" branch="false" />
                <line number="90" hits="3" branch="false" />
                <line number="91" hits="3" branch="false" />
                <line number="92" hits="3" branch="false" />
                <line number="94" hits="3" branch="false" />
                <line number="95" hits="3" branch="false" />
                <line number="96" hits="3" branch="false" />
                <line number="98" hits="9" branch="false" />
                <line number="99" hits="0" branch="false" />
                <line number="100" hits="0" branch="false" />
                <line number="101" hits="0" branch="false" />
                <line number="102" hits="3" branch="false" />
                <line number="104" hits="9" branch="false" />
                <line number="105" hits="0" branch="false" />
                <line number="106" hits="0" branch="false" />
                <line number="107" hits="0" branch="false" />
                <line number="108" hits="0" branch="false" />
                <line number="109" hits="0" branch="false" />
                <line number="110" hits="0" branch="false" />
                <line number="111" hits="0" branch="false" />
                <line number="112" hits="0" branch="false" />
                <line number="113" hits="0" branch="false" />
                <line number="114" hits="0" branch="false" />
                <line number="115" hits="0" branch="false" />
                <line number="116" hits="0" branch="false" />
                <line number="117" hits="0" branch="false" />
                <line number="118" hits="0" branch="false" />
                <line number="119" hits="0" branch="false" />
                <line number="120" hits="0" branch="false" />
                <line number="121" hits="0" branch="false" />
                <line number="122" hits="0" branch="false" />
                <line number="123" hits="0" branch="false" />
                <line number="124" hits="3" branch="false" />
                <line number="126" hits="3" branch="false" />
                <line number="127" hits="3" branch="false" />
                <line number="128" hits="3" branch="false" />
              </lines>
            </method>
            <method name="LogAnalyzer" signature="()" line-rate="1" branch-rate="1" complexity="0">
              <lines>
                <line number="16" hits="8" branch="false" />
              </lines>
            </method>
          </methods>
          <lines>
            <line number="16" hits="8" branch="false" />
            <line number="23" hits="3" branch="false" />
            <line number="24" hits="3" branch="false" />
            <line number="25" hits="3" branch="false" />
            <line number="33" hits="3" branch="false" />
            <line number="34" hits="3" branch="false" />
            <line number="35" hits="0" branch="false" />
            <line number="36" hits="0" branch="false" />
            <line number="37" hits="0" branch="false" />
            <line number="40" hits="3" branch="false" />
            <line number="41" hits="3" branch="false" />
            <line number="42" hits="3" branch="false" />
            <line number="43" hits="3" branch="false" />
            <line number="45" hits="9" branch="false" />
            <line number="46" hits="0" branch="false" />
            <line number="47" hits="0" branch="false" />
            <line number="48" hits="0" branch="false" />
            <line number="49" hits="0" branch="false" />
            <line number="51" hits="0" branch="false" />
            <line number="52" hits="0" branch="false" />
            <line number="53" hits="0" branch="false" />
            <line number="54" hits="0" branch="false" />
            <line number="55" hits="0" branch="false" />
            <line number="56" hits="0" branch="false" />
            <line number="57" hits="0" branch="false" />
            <line number="58" hits="0" branch="false" />
            <line number="60" hits="0" branch="false" />
            <line number="61" hits="0" branch="false" />
            <line number="62" hits="0" branch="false" />
            <line number="63" hits="0" branch="false" />
            <line number="64" hits="0" branch="false" />
            <line number="65" hits="0" branch="false" />
            <line number="66" hits="0" branch="false" />
            <line number="67" hits="0" branch="false" />
            <line number="68" hits="0" branch="false" />
            <line number="69" hits="0" branch="false" />
            <line number="70" hits="0" branch="false" />
            <line number="71" hits="0" branch="false" />
            <line number="72" hits="0" branch="false" />
            <line number="73" hits="0" branch="false" />
            <line number="75" hits="3" branch="false" />
            <line number="76" hits="3" branch="false" />
            <line number="77" hits="3" branch="false" />
            <line number="78" hits="3" branch="false" />
            <line number="79" hits="3" branch="false" />
            <line number="80" hits="3" branch="false" />
            <line number="81" hits="3" branch="false" />
            <line number="82" hits="3" branch="false" />
            <line number="83" hits="3" branch="false" />
            <line number="84" hits="3" branch="false" />
            <line number="85" hits="3" branch="false" />
            <line number="86" hits="3" branch="false" />
            <line number="87" hits="3" branch="false" />
            <line number="88" hits="3" branch="false" />
            <line number="89" hits="3" branch="false" />
            <line number="90" hits="3" branch="false" />
            <line number="91" hits="3" branch="false" />
            <line number="92" hits="3" branch="false" />
            <line number="94" hits="3" branch="false" />
            <line number="95" hits="3" branch="false" />
            <line number="96" hits="3" branch="false" />
            <line number="98" hits="9" branch="false" />
            <line number="99" hits="0" branch="false" />
            <line number="100" hits="0" branch="false" />
            <line number="101" hits="0" branch="false" />
            <line number="102" hits="3" branch="false" />
            <line number="104" hits="9" branch="false" />
            <line number="105" hits="0" branch="false" />
            <line number="106" hits="0" branch="false" />
            <line number="107" hits="0" branch="false" />
            <line number="108" hits="0" branch="false" />
            <line number="109" hits="0" branch="false" />
            <line number="110" hits="0" branch="false" />
            <line number="111" hits="0" branch="false" />
            <line number="112" hits="0" branch="false" />
            <line number="113" hits="0" branch="false" />
            <line number="114" hits="0" branch="false" />
            <line number="115" hits="0" branch="false" />
            <line number="116" hits="0" branch="false" />
            <line number="117" hits="0" branch="false" />
            <line number="118" hits="0" branch="false" />
            <line number="119" hits="0" branch="false" />
            <line number="120" hits="0" branch="false" />
            <line number="121" hits="0" branch="false" />
            <line number="122" hits="0" branch="false" />
            <line number="123" hits="0" branch="false" />
            <line number="124" hits="3" branch="false" />
            <line number="126" hits="3" branch="false" />
            <line number="127" hits="3" branch="false" />
            <line number="128" hits="3" branch="false" />
          </lines>
        </class>
        <class name="LogPerformance" filename="C:/Users/glongfil/Documents/GitHub/UltraInstinctVR/CodeBase/Assets/Scripts/Utils/LogPerformance.cs" line-rate="0.857142857142857" branch-rate="1" complexity="0">
          <methods>
            <method name="Awake" signature="()" line-rate="0.8125" branch-rate="1" complexity="0">
              <lines>
                <line number="13" hits="3" branch="false" />
                <line number="15" hits="3" branch="false" />
                <line number="18" hits="3" branch="false" />
                <line number="19" hits="3" branch="false" />
                <line number="22" hits="3" branch="false" />
                <line number="23" hits="0" branch="false" />
                <line number="24" hits="0" branch="false" />
                <line number="25" hits="0" branch="false" />
                <line number="28" hits="3" branch="false" />
                <line number="29" hits="3" branch="false" />
                <line number="32" hits="3" branch="false" />
                <line number="33" hits="3" branch="false" />
                <line number="34" hits="3" branch="false" />
                <line number="35" hits="3" branch="false" />
                <line number="38" hits="3" branch="false" />
                <line number="39" hits="3" branch="false" />
              </lines>
            </method>
            <method name="OnDestroy" signature="()" line-rate="1" branch-rate="1" complexity="0">
              <lines>
                <line number="42" hits="1" branch="false" />
                <line number="43" hits="1" branch="false" />
                <line number="44" hits="1" branch="false" />
              </lines>
            </method>
            <method name="LogToCsvMethod" signature="(System.String, System.String, UnityEngine.LogType)" line-rate="0.823529411764706" branch-rate="1" complexity="NaN">
              <lines>
                <line number="47" hits="582" branch="false" />
                <line number="49" hits="582" branch="false" />
                <line number="51" hits="77" branch="false" />
                <line number="53" hits="77" branch="false" />
                <line number="54" hits="0" branch="false" />
                <line number="55" hits="0" branch="false" />
                <line number="56" hits="0" branch="false" />
                <line number="59" hits="77" branch="false" />
                <line number="60" hits="77" branch="false" />
                <line number="63" hits="77" branch="false" />
                <line number="64" hits="77" branch="false" />
                <line number="67" hits="77" branch="false" />
                <line number="68" hits="77" branch="false" />
                <line number="69" hits="77" branch="false" />
                <line number="70" hits="77" branch="false" />
                <line number="71" hits="77" branch="false" />
                <line number="72" hits="582" branch="false" />
              </lines>
            </method>
            <method name="GenerateFileName" signature="()" line-rate="1" branch-rate="1" complexity="0">
              <lines>
                <line number="75" hits="3" branch="false" />
                <line number="76" hits="3" branch="false" />
                <line number="77" hits="3" branch="false" />
                <line number="78" hits="3" branch="false" />
                <line number="79" hits="3" branch="false" />
              </lines>
            </method>
            <method name="LogPerformance" signature="()" line-rate="1" branch-rate="1" complexity="0">
              <lines>
                <line number="9" hits="10" branch="false" />
              </lines>
            </method>
          </methods>
          <lines>
            <line number="9" hits="10" branch="false" />
            <line number="13" hits="3" branch="false" />
            <line number="15" hits="3" branch="false" />
            <line number="18" hits="3" branch="false" />
            <line number="19" hits="3" branch="false" />
            <line number="22" hits="3" branch="false" />
            <line number="23" hits="0" branch="false" />
            <line number="24" hits="0" branch="false" />
            <line number="25" hits="0" branch="false" />
            <line number="28" hits="3" branch="false" />
            <line number="29" hits="3" branch="false" />
            <line number="32" hits="3" branch="false" />
            <line number="33" hits="3" branch="false" />
            <line number="34" hits="3" branch="false" />
            <line number="35" hits="3" branch="false" />
            <line number="38" hits="3" branch="false" />
            <line number="39" hits="3" branch="false" />
            <line number="42" hits="1" branch="false" />
            <line number="43" hits="1" branch="false" />
            <line number="44" hits="1" branch="false" />
            <line number="47" hits="582" branch="false" />
            <line number="49" hits="582" branch="false" />
            <line number="51" hits="77" branch="false" />
            <line number="53" hits="77" branch="false" />
            <line number="54" hits="0" branch="false" />
            <line number="55" hits="0" branch="false" />
            <line number="56" hits="0" branch="false" />
            <line number="59" hits="77" branch="false" />
            <line number="60" hits="77" branch="false" />
            <line number="63" hits="77" branch="false" />
            <line number="64" hits="77" branch="false" />
            <line number="67" hits="77" branch="false" />
            <line number="68" hits="77" branch="false" />
            <line number="69" hits="77" branch="false" />
            <line number="70" hits="77" branch="false" />
            <line number="71" hits="77" branch="false" />
            <line number="72" hits="582" branch="false" />
            <line number="75" hits="3" branch="false" />
            <line number="76" hits="3" branch="false" />
            <line number="77" hits="3" branch="false" />
            <line number="78" hits="3" branch="false" />
            <line number="79" hits="3" branch="false" />
          </lines>
        </class>
        <class name="LogToFile" filename="C:/Users/glongfil/Documents/GitHub/UltraInstinctVR/CodeBase/Assets/Scripts/Interaction/VRTest/Logs.cs" line-rate="0.673469387755102" branch-rate="1" complexity="1">
          <methods>
            <method name="Awake" signature="()" line-rate="0.606060606060606" branch-rate="1" complexity="0">
              <lines>
                <line number="10" hits="3" branch="false" />
                <line number="12" hits="3" branch="false" />
                <line number="14" hits="0" branch="false" />
                <line number="15" hits="3" branch="false" />
                <line number="16" hits="3" branch="false" />
                <line number="17" hits="0" branch="false" />
                <line number="18" hits="0" branch="false" />
                <line number="19" hits="0" branch="false" />
                <line number="20" hits="0" branch="false" />
                <line number="21" hits="0" branch="false" />
                <line number="22" hits="3" branch="false" />
                <line number="23" hits="2" branch="false" />
                <line number="24" hits="2" branch="false" />
                <line number="25" hits="2" branch="false" />
                <line number="26" hits="0" branch="false" />
                <line number="27" hits="1" branch="false" />
                <line number="29" hits="1" branch="false" />
                <line number="30" hits="1" branch="false" />
                <line number="31" hits="1" branch="false" />
                <line number="32" hits="1" branch="false" />
                <line number="33" hits="1" branch="false" />
                <line number="34" hits="0" branch="false" />
                <line number="35" hits="0" branch="false" />
                <line number="36" hits="3" branch="false" />
                <line number="37" hits="3" branch="false" />
                <line number="38" hits="3" branch="false" />
                <line number="39" hits="3" branch="false" />
                <line number="40" hits="0" branch="false" />
                <line number="41" hits="0" branch="false" />
                <line number="42" hits="3" branch="false" />
                <line number="43" hits="3" branch="false" />
                <line number="44" hits="0" branch="false" />
                <line number="45" hits="0" branch="false" />
              </lines>
            </method>
            <method name="OnDestroy" signature="()" line-rate="0.333333333333333" branch-rate="1" complexity="0">
              <lines>
                <line number="48" hits="1" branch="false" />
                <line number="49" hits="0" branch="false" />
                <line number="50" hits="0" branch="false" />
              </lines>
            </method>
            <method name="LogToFileMethod" signature="(System.String, System.String, UnityEngine.LogType)" line-rate="0.888888888888889" branch-rate="1" complexity="NaN">
              <lines>
                <line number="53" hits="582" branch="false" />
                <line number="54" hits="582" branch="false" />
                <line number="55" hits="582" branch="false" />
                <line number="56" hits="77" branch="false" />
                <line number="57" hits="77" branch="false" />
                <line number="58" hits="77" branch="false" />
                <line number="59" hits="582" branch="false" />
                <line number="60" hits="582" branch="false" />
                <line number="61" hits="0" branch="false" />
              </lines>
            </method>
            <method name="OnDestroy" signature="()" line-rate="1" branch-rate="1" complexity="1">
              <lines>
                <line number="46" hits="1" branch="false" />
                <line number="47" hits="1" branch="false" />
                <line number="48" hits="1" branch="false" />
              </lines>
            </method>
            <method name="LogToFileMethod" signature="(System.String, System.String, UnityEngine.LogType)" line-rate="1" branch-rate="1" complexity="NaN">
              <lines>
                <line number="51" hits="582" branch="false" />
                <line number="52" hits="582" branch="false" />
                <line number="53" hits="582" branch="false" />
                <line number="54" hits="582" branch="false" />
                <line number="55" hits="582" branch="false" />
                <line number="56" hits="77" branch="false" />
                <line number="57" hits="77" branch="false" />
                <line number="58" hits="77" branch="false" />
                <line number="59" hits="582" branch="false" />
                <line number="60" hits="582" branch="false" />
              </lines>
            </method>
          </methods>
          <lines>
            <line number="10" hits="3" branch="false" />
            <line number="12" hits="3" branch="false" />
            <line number="14" hits="0" branch="false" />
            <line number="15" hits="3" branch="false" />
            <line number="16" hits="3" branch="false" />
            <line number="17" hits="0" branch="false" />
            <line number="18" hits="0" branch="false" />
            <line number="19" hits="0" branch="false" />
            <line number="20" hits="0" branch="false" />
            <line number="21" hits="0" branch="false" />
            <line number="22" hits="3" branch="false" />
            <line number="23" hits="2" branch="false" />
            <line number="24" hits="2" branch="false" />
            <line number="25" hits="2" branch="false" />
            <line number="26" hits="0" branch="false" />
            <line number="27" hits="1" branch="false" />
            <line number="29" hits="1" branch="false" />
            <line number="30" hits="1" branch="false" />
            <line number="31" hits="1" branch="false" />
            <line number="32" hits="1" branch="false" />
            <line number="33" hits="1" branch="false" />
            <line number="34" hits="0" branch="false" />
            <line number="35" hits="0" branch="false" />
[...]
                <line number="107" hits="0" branch="false" />
                <line number="109" hits="18006" branch="false" />
                <line number="110" hits="18006" branch="false" />
                <line number="111" hits="18006" branch="false" />
                <line number="113" hits="18006" branch="false" />
                <line number="114" hits="64" branch="false" />
                <line number="115" hits="64" branch="false" />
                <line number="116" hits="64" branch="false" />
                <line number="117" hits="64" branch="false" />
                <line number="118" hits="64" branch="false" />
                <line number="119" hits="18006" branch="false" />
                <line number="121" hits="18006" branch="false" />
                <line number="122" hits="18006" branch="false" />
                <line number="123" hits="6" branch="false" />
                <line number="124" hits="6" branch="false" />
                <line number="125" hits="6" branch="false" />
                <line number="127" hits="6" branch="false" />
                <line number="128" hits="3" branch="false" />
                <line number="129" hits="3" branch="false" />
                <line number="130" hits="3" branch="false" />
                <line number="131" hits="3" branch="false" />
                <line number="133" hits="6" branch="false" />
                <line number="134" hits="6" branch="false" />
                <line number="135" hits="6" branch="false" />
                <line number="136" hits="18078" branch="false" />
              </lines>
            </method>
            <method name="Move" signature="()" line-rate="0" branch-rate="1" complexity="0">
              <lines>
                <line number="143" hits="0" branch="false" />
              </lines>
            </method>
            <method name="Movable" signature="(UnityEngine.Vector3, System.Int32)" line-rate="0" branch-rate="1" complexity="NaN">
              <lines>
                <line number="151" hits="0" branch="false" />
              </lines>
            </method>
            <method name="Turn" signature="()" line-rate="0" branch-rate="1" complexity="0">
              <lines>
                <line number="157" hits="0" branch="false" />
              </lines>
            </method>
            <method name="Turnable" signature="(UnityEngine.Vector3, System.Int32)" line-rate="0" branch-rate="1" complexity="NaN">
              <lines>
                <line number="166" hits="0" branch="false" />
              </lines>
            </method>
            <method name="UpdateMoves" signature="()" line-rate="1" branch-rate="1" complexity="0">
              <lines>
                <line number="172" hits="85" branch="false" />
              </lines>
            </method>
            <method name="UpdateTurns" signature="()" line-rate="1" branch-rate="1" complexity="0">
              <lines>
                <line number="177" hits="64" branch="false" />
              </lines>
            </method>
            <method name="Trigger" signature="()" line-rate="1" branch-rate="1" complexity="0">
              <lines>
                <line number="184" hits="64" branch="false" />
                <line number="185" hits="64" branch="false" />
                <line number="186" hits="64" branch="false" />
                <line number="187" hits="64" branch="false" />
              </lines>
            </method>
            <method name="UpdateTrigger" signature="()" line-rate="0" branch-rate="1" complexity="0">
              <lines>
                <line number="193" hits="0" branch="false" />
                <line number="194" hits="0" branch="false" />
                <line number="195" hits="0" branch="false" />
                <line number="196" hits="0" branch="false" />
                <line number="197" hits="0" branch="false" />
                <line number="198" hits="0" branch="false" />
                <line number="199" hits="0" branch="false" />
              </lines>
            </method>
            <method name="pointClick" signature="(UnityEngine.GameObject)" line-rate="0" branch-rate="1" complexity="NaN">
              <lines>
                <line number="207" hits="0" branch="false" />
                <line number="208" hits="0" branch="false" />
                <line number="209" hits="0" branch="false" />
                <line number="210" hits="0" branch="false" />
                <line number="211" hits="0" branch="false" />
              </lines>
            </method>
            <method name="VRTest" signature="()" line-rate="1" branch-rate="1" complexity="0">
              <lines>
                <line number="19" hits="14" branch="false" />
                <line number="20" hits="14" branch="false" />
                <line number="21" hits="14" branch="false" />
                <line number="22" hits="14" branch="false" />
                <line number="23" hits="14" branch="false" />
                <line number="24" hits="14" branch="false" />
                <line number="25" hits="14" branch="false" />
                <line number="26" hits="14" branch="false" />
                <line number="27" hits="14" branch="false" />
                <line number="28" hits="14" branch="false" />
                <line number="29" hits="14" branch="false" />
                <line number="33" hits="14" branch="false" />
                <line number="34" hits="14" branch="false" />
                <line number="40" hits="14" branch="false" />
                <line number="41" hits="14" branch="false" />
                <line number="42" hits="14" branch="false" />
                <line number="43" hits="14" branch="false" />
              </lines>
            </method>
            <method name="VRTest" signature="()" line-rate="0" branch-rate="1" complexity="0">
              <lines>
                <line number="12" hits="0" branch="false" />
              </lines>
            </method>
            <method name="getObject" signature="()" line-rate="1" branch-rate="1" complexity="0">
              <lines>
                <line number="223" hits="430" branch="false" />
              </lines>
            </method>
            <method name="getTriggered" signature="()" line-rate="1" branch-rate="1" complexity="0">
              <lines>
                <line number="224" hits="430" branch="false" />
              </lines>
            </method>
            <method name="SetTrigger" signature="()" line-rate="0" branch-rate="1" complexity="0">
              <lines>
                <line number="225" hits="0" branch="false" />
              </lines>
            </method>
            <method name="ControlInfo" signature="(UnityEngine.GameObject)" line-rate="1" branch-rate="1" complexity="NaN">
              <lines>
                <line number="222" hits="150" branch="false" />
              </lines>
            </method>
          </methods>
          <lines>
            <line number="12" hits="0" branch="false" />
            <line number="19" hits="14" branch="false" />
            <line number="20" hits="14" branch="false" />
            <line number="21" hits="14" branch="false" />
            <line number="22" hits="14" branch="false" />
            <line number="23" hits="14" branch="false" />
            <line number="24" hits="14" branch="false" />
            <line number="25" hits="14" branch="false" />
            <line number="26" hits="14" branch="false" />
            <line number="27" hits="14" branch="false" />
            <line number="28" hits="14" branch="false" />
            <line number="29" hits="14" branch="false" />
            <line number="33" hits="14" branch="false" />
            <line number="34" hits="14" branch="false" />
            <line number="40" hits="14" branch="false" />
            <line number="41" hits="14" branch="false" />
            <line number="42" hits="14" branch="false" />
            <line number="43" hits="14" branch="false" />
            <line number="58" hits="3" branch="false" />
            <line number="59" hits="3" branch="false" />
            <line number="61" hits="3" branch="false" />
            <line number="62" hits="3" branch="false" />
            <line number="63" hits="3" branch="false" />
            <line number="65" hits="3" branch="false" />
            <line number="66" hits="3" branch="false" />
            <line number="67" hits="3" branch="false" />
            <line number="68" hits="3" branch="false" />
            <line number="69" hits="3" branch="false" />
            <line number="71" hits="3" branch="false" />
            <line number="72" hits="3" branch="false" />
            <line number="74" hits="3" branch="false" />
            <line number="76" hits="3" branch="false" />
            <line number="77" hits="3" branch="false" />
            <line number="78" hits="3" branch="false" />
            <line number="86" hits="3" branch="false" />
            <line number="87" hits="3" branch="false" />
            <line number="88" hits="3" branch="false" />
            <line number="96" hits="18078" branch="false" />
            <line number="97" hits="18150" branch="false" />
            <line number="99" hits="18006" branch="false" />
            <line number="100" hits="0" branch="false" />
            <line number="101" hits="0" branch="false" />
            <line number="102" hits="0" branch="false" />
            <line number="103" hits="0" branch="false" />
            <line number="104" hits="0" branch="false" />
            <line number="105" hits="0" branch="false" />
            <line number="106" hits="0" branch="false" />
            <line number="107" hits="0" branch="false" />
            <line number="109" hits="18006" branch="false" />
            <line number="110" hits="18006" branch="false" />
            <line number="111" hits="18006" branch="false" />
            <line number="113" hits="18006" branch="false" />
            <line number="114" hits="64" branch="false" />
            <line number="115" hits="64" branch="false" />
            <line number="116" hits="64" branch="false" />
            <line number="117" hits="64" branch="false" />
            <line number="118" hits="64" branch="false" />
            <line number="119" hits="18006" branch="false" />
            <line number="121" hits="18006" branch="false" />
            <line number="122" hits="18006" branch="false" />
            <line number="123" hits="6" branch="false" />
            <line number="124" hits="6" branch="false" />
            <line number="125" hits="6" branch="false" />
            <line number="127" hits="6" branch="false" />
            <line number="128" hits="3" branch="false" />
            <line number="129" hits="3" branch="false" />
            <line number="130" hits="3" branch="false" />
            <line number="131" hits="3" branch="false" />
            <line number="133" hits="6" branch="false" />
            <line number="134" hits="6" branch="false" />
            <line number="135" hits="6" branch="false" />
            <line number="136" hits="18078" branch="false" />
            <line number="143" hits="0" branch="false" />
            <line number="151" hits="0" branch="false" />
            <line number="157" hits="0" branch="false" />
            <line number="166" hits="0" branch="false" />
            <line number="172" hits="85" branch="false" />
            <line number="177" hits="64" branch="false" />
            <line number="184" hits="64" branch="false" />
            <line number="185" hits="64" branch="false" />
            <line number="186" hits="64" branch="false" />
            <line number="187" hits="64" branch="false" />
            <line number="193" hits="0" branch="false" />
            <line number="194" hits="0" branch="false" />
            <line number="195" hits="0" branch="false" />
            <line number="196" hits="0" branch="false" />
            <line number="197" hits="0" branch="false" />
            <line number="198" hits="0" branch="false" />
            <line number="199" hits="0" branch="false" />
            <line number="207" hits="0" branch="false" />
            <line number="208" hits="0" branch="false" />
            <line number="209" hits="0" branch="false" />
            <line number="210" hits="0" branch="false" />
            <line number="211" hits="0" branch="false" />
            <line number="222" hits="150" branch="false" />
            <line number="223" hits="430" branch="false" />
            <line number="224" hits="430" branch="false" />
            <line number="225" hits="0" branch="false" />
          </lines>
        </class>
        <class name="VRTriggerHandler" filename="C:/Users/glongfil/Documents/GitHub/UltraInstinctVR/CodeBase/Assets/Scripts/Interaction/VRTest/VRTriggerHandler.cs" line-rate="0.977777777777778" branch-rate="1" complexity="0">
          <methods>
            <method name="FetchControls" signature="(System.Int32&amp;, System.Single&amp;)" line-rate="1" branch-rate="1" complexity="NaN">
              <lines>
                <line number="36" hits="3" branch="false" />
                <line number="37" hits="3" branch="false" />
                <line number="38" hits="3" branch="false" />
                <line number="40" hits="3" branch="false" />
                <line number="41" hits="3" branch="false" />
                <line number="43" hits="3" branch="false" />
                <line number="44" hits="3" branch="false" />
                <line number="45" hits="3" branch="false" />
                <line number="46" hits="1491" branch="false" />
                <line number="47" hits="741" branch="false" />
                <line number="48" hits="741" branch="false" />
                <line number="49" hits="741" branch="false" />
                <line number="50" hits="3" branch="false" />
                <line number="51" hits="3" branch="false" />
              </lines>
            </method>
            <method name="EnsureDirectoryExists" signature="(System.String)" line-rate="0.75" branch-rate="1" complexity="NaN">
              <lines>
                <line number="58" hits="6" branch="false" />
                <line number="59" hits="6" branch="false" />
                <line number="60" hits="0" branch="false" />
                <line number="61" hits="6" branch="false" />
              </lines>
            </method>
            <method name="GetReplayFilePath" signature="()" line-rate="1" branch-rate="1" complexity="0">
              <lines>
                <line number="69" hits="3" branch="false" />
                <line number="70" hits="3" branch="false" />
                <line number="71" hits="3" branch="false" />
                <line number="72" hits="3" branch="false" />
                <line number="73" hits="3" branch="false" />
                <line number="74" hits="3" branch="false" />
              </lines>
            </method>
            <method name="ProcessGameObject" signature="(UnityEngine.GameObject, System.IO.StreamWriter, System.IO.StreamWriter, System.Int32&amp;, System.Single&amp;)" line-rate="1" branch-rate="1" complexity="NaN">
              <lines>
                <line number="86" hits="741" branch="false" />
                <line number="87" hits="741" branch="false" />
                <line number="88" hits="741" branch="false" />
                <line number="89" hits="711" branch="false" />
                <line number="91" hits="30" branch="false" />
                <line number="92" hits="30" branch="false" />
                <line number="93" hits="30" branch="false" />
                <line number="94" hits="30" branch="false" />
                <line number="95" hits="30" branch="false" />
                <line number="96" hits="30" branch="false" />
                <line number="98" hits="30" branch="false" />
                <line number="99" hits="30" branch="false" />
                <line number="103" hits="30" branch="false" />
                <line number="104" hits="30" branch="false" />
                <line number="106" hits="30" branch="false" />
                <line number="107" hits="741" branch="false" />
              </lines>
            </method>
            <method name="VRTriggerHandler" signature="(UnityEngine.Transform, System.Collections.Generic.Dictionary[GameObject,ControlInfo])" line-rate="1" branch-rate="1" complexity="NaN">
              <lines>
                <line number="23" hits="3" branch="false" />
                <line number="24" hits="3" branch="false" />
                <line number="25" hits="3" branch="false" />
                <line number="26" hits="3" branch="false" />
                <line number="27" hits="3" branch="false" />
              </lines>
            </method>
          </methods>
          <lines>
            <line number="23" hits="3" branch="false" />
            <line number="24" hits="3" branch="false" />
            <line number="25" hits="3" branch="false" />
            <line number="26" hits="3" branch="false" />
            <line number="27" hits="3" branch="false" />
            <line number="36" hits="3" branch="false" />
            <line number="37" hits="3" branch="false" />
            <line number="38" hits="3" branch="false" />
            <line number="40" hits="3" branch="false" />
            <line number="41" hits="3" branch="false" />
            <line number="43" hits="3" branch="false" />
            <line number="44" hits="3" branch="false" />
            <line number="45" hits="3" branch="false" />
            <line number="46" hits="1491" branch="false" />
            <line number="47" hits="741" branch="false" />
            <line number="48" hits="741" branch="false" />
            <line number="49" hits="741" branch="false" />
            <line number="50" hits="3" branch="false" />
            <line number="51" hits="3" branch="false" />
            <line number="58" hits="6" branch="false" />
            <line number="59" hits="6" branch="false" />
            <line number="60" hits="0" branch="false" />
            <line number="61" hits="6" branch="false" />
            <line number="69" hits="3" branch="false" />
            <line number="70" hits="3" branch="false" />
            <line number="71" hits="3" branch="false" />
            <line number="72" hits="3" branch="false" />
            <line number="73" hits="3" branch="false" />
            <line number="74" hits="3" branch="false" />
            <line number="86" hits="741" branch="false" />
            <line number="87" hits="741" branch="false" />
            <line number="88" hits="741" branch="false" />
            <line number="89" hits="711" branch="false" />
            <line number="91" hits="30" branch="false" />
            <line number="92" hits="30" branch="false" />
            <line number="93" hits="30" branch="false" />
            <line number="94" hits="30" branch="false" />
            <line number="95" hits="30" branch="false" />
            <line number="96" hits="30" branch="false" />
            <line number="98" hits="30" branch="false" />
            <line number="99" hits="30" branch="false" />
            <line number="103" hits="30" branch="false" />
            <line number="104" hits="30" branch="false" />
            <line number="106" hits="30" branch="false" />
            <line number="107" hits="741" branch="false" />
          </lines>
        </class>
      </classes>
    </package>
  </packages>
</coverage>