TN:
SF:C:/Users/glongfil/Documents/GitHub/UltraInstinctVR/CodeBase/Assets/Scripts/Utils/ChildBehavior.cs
FN:31,Initialize(ParentController)
FN:21,ChildBehavior()
FN:50,ExecuteAction()
FNDA:21,Initialize(ParentController)
FNDA:74,ChildBehavior()
FNDA:21,ExecuteAction()
FNF:3
FNH:3
BRF:0
BRH:0
DA:21,74
DA:31,21
DA:32,21
DA:33,0
DA:34,0
DA:35,0
DA:38,21
DA:39,21
DA:40,21
DA:41,21
DA:50,21
DA:51,21
DA:54,21
DA:56,21
DA:59,21
DA:60,21
LH:13
LF:16
end_of_record
SF:C:/Users/glongfil/Documents/GitHub/UltraInstinctVR/CodeBase/Assets/Scripts/Effector/CollisionEffector.cs
FN:52,SafeEffectorUpdate()
FN:62,DetectCollision()
FN:25,CollisionEffector(Xareus.Scenarios.Event, System.Collections.Generic.Dictionary[String,Parameter], Xareus.Scenarios.Context.IContext, Xareus.Scenarios.Context.IContext, Xareus.Scenarios.Context.IContext, Xareus.Scenarios.Context.IContext)
FNDA:10,SafeEffectorUpdate()
FNDA:10,DetectCollision()
FNDA:3,CollisionEffector(Xareus.Scenarios.Event, System.Collections.Generic.Dictionary[String,Parameter], Xareus.Scenarios.Context.IContext, Xareus.Scenarios.Context.IContext, Xareus.Scenarios.Context.IContext, Xareus.Scenarios.Context.IContext)
FNF:3
FNH:3
BRF:0
BRH:0
DA:25,3
DA:44,3
DA:46,6
DA:52,10
DA:53,10
DA:54,10
DA:55,10
DA:62,10
DA:64,10
DA:67,10
DA:68,10
DA:69,60
DA:70,20
DA:72,20
DA:73,10
DA:75,10
DA:79,10
DA:81,10
DA:84,0
DA:86,0
DA:88,0
DA:90,0
DA:92,0
DA:93,10
LH:19
LF:24
end_of_record
SF:C:/Users/glongfil/Documents/GitHub/UltraInstinctVR/CodeBase/Assets/Scripts/Interaction/GameObjectMovement/Collision.cs
FN:20,Start()
FN:31,OnTriggerEnter(UnityEngine.Collider)
FN:46,StartGrab(UnityEngine.XR.Interaction.Toolkit.Interactables.XRGrabInteractable)
FN:56,EndGrab()
FN:81,ReadPositionsFromFile()
FN:13,Collision()
FN:66,TeleportWithObject()
FNDA:0,Start()
FNDA:0,OnTriggerEnter(UnityEngine.Collider)
FNDA:0,StartGrab(UnityEngine.XR.Interaction.Toolkit.Interactables.XRGrabInteractable)
FNDA:0,EndGrab()
FNDA:0,ReadPositionsFromFile()
FNDA:0,Collision()
FNDA:0,TeleportWithObject()
FNF:7
FNH:0
BRF:0
BRH:0
DA:13,0
DA:14,0
DA:15,0
DA:16,0
DA:17,0
DA:20,0
DA:21,0
DA:22,0
DA:23,0
DA:24,0
DA:25,0
DA:27,0
DA:28,0
DA:31,0
DA:32,0
DA:33,0
DA:34,0
DA:36,0
DA:37,0
DA:38,0
DA:39,0
DA:40,0
DA:41,0
DA:42,0
DA:43,0
DA:46,0
DA:47,0
DA:48,0
DA:49,0
DA:50,0
DA:51,0
DA:52,0
DA:53,0
DA:56,0
DA:57,0
DA:58,0
DA:59,0
DA:60,0
DA:61,0
DA:62,0
DA:63,0
DA:66,0
DA:67,0
DA:69,0
DA:70,0
DA:71,0
DA:72,0
DA:73,0
DA:74,0
DA:75,0
DA:77,0
DA:78,0
DA:81,0
DA:82,0
DA:83,0
DA:84,0
DA:85,0
DA:88,0
DA:89,0
DA:91,0
DA:92,0
DA:93,0
DA:94,0
DA:95,0
DA:96,0
DA:97,0
DA:98,0
DA:100,0
DA:101,0
DA:102,0
DA:103,0
DA:104,0
DA:105,0
DA:106,0
DA:107,0
DA:108,0
DA:109,0
DA:110,0
DA:111,0
DA:112,0
DA:113,0
LH:0
LF:81
end_of_record
SF:C:/Users/glongfil/Documents/GitHub/UltraInstinctVR/CodeBase/Assets/Scripts/Utils/CountInteractableObject.cs
FN:8,Start()
FN:13,CountAllInteractables()
FNDA:3,Start()
FNDA:3,CountAllInteractables()
FNF:2
FNH:2
BRF:0
BRH:0
DA:8,3
DA:9,3
DA:10,3
DA:13,3
DA:14,3
DA:19,3
DA:21,3
DA:24,3
DA:25,3
LH:9
LF:9
end_of_record
SF:C:/Users/glongfil/Documents/GitHub/UltraInstinctVR/CodeBase/Assets/Scripts/Utils/CoverageToCSV.cs
FN:10,Export()
FNDA:0,Export()
FNF:1
FNH:0
BRF:0
BRH:0
DA:10,0
DA:11,0
DA:14,0
DA:15,0
DA:18,0
DA:19,0
DA:20,0
DA:21,0
DA:22,0
DA:24,0
DA:25,0
DA:26,0
DA:27,0
DA:30,0
DA:31,0
DA:33,0
DA:35,0
DA:36,0
DA:37,0
DA:38,0
DA:41,0
DA:42,0
DA:43,0
DA:44,0
DA:46,0
DA:47,0
DA:48,0
DA:49,0
DA:50,0
DA:52,0
DA:53,0
LH:0
LF:31
end_of_record
SF:C:/Users/glongfil/Documents/GitHub/UltraInstinctVR/CodeBase/Assets/Scripts/Utils/GenerateReport.cs
FN:16,Start()
FN:21,CountTestGeneratedLogs(System.String)
FN:39,Export()
FN:89,InteractableCoverage()
FN:109,CountLinesInFoundObjects()
FN:136,GenerateFileName()
FN:38,Export()
FN:64,InteractableCoverage()
FN:84,CountLinesInFoundObjects()
FN:111,GenerateFileName()
FNDA:3,Start()
FNDA:0,CountTestGeneratedLogs(System.String)
FNDA:3,Export()
FNDA:0,InteractableCoverage()
FNDA:0,CountLinesInFoundObjects()
FNDA:0,GenerateFileName()
FNDA:3,Export()
FNDA:3,InteractableCoverage()
FNDA:3,CountLinesInFoundObjects()
FNDA:3,GenerateFileName()
FNF:10
FNH:8
BRF:0
BRH:0
DA:16,3
DA:17,3
DA:18,3
DA:21,0
DA:22,0
DA:23,0
DA:24,0
DA:25,0
DA:28,0
DA:29,0
DA:31,0
DA:34,0
DA:35,0
DA:38,3
DA:39,3
DA:40,3
DA:42,3
DA:43,3
DA:44,0
DA:45,3
DA:46,0
DA:47,0
DA:48,0
DA:49,0
DA:50,0
DA:51,3
DA:52,0
DA:53,3
DA:54,3
DA:55,3
DA:56,3
DA:57,3
DA:58,0
DA:59,3
DA:60,3
DA:61,0
DA:62,0
DA:64,3
DA:66,0
DA:67,3
DA:68,0
DA:69,0
DA:72,3
DA:73,3
DA:74,3
DA:75,0
DA:76,3
DA:77,0
DA:78,0
DA:79,3
DA:80,3
DA:81,0
DA:83,0
DA:84,3
DA:86,3
DA:88,3
DA:89,0
DA:90,3
DA:91,0
DA:92,0
DA:93,0
DA:97,3
DA:98,3
DA:99,3
DA:100,3
DA:101,0
DA:102,0
DA:103,0
DA:104,0
DA:105,0
DA:107,3
DA:109,0
DA:111,3
DA:112,3
DA:113,3
DA:114,3
DA:115,3
DA:116,0
DA:117,0
DA:118,0
DA:122,0
DA:123,0
DA:124,0
DA:125,0
DA:127,0
DA:128,0
DA:129,0
DA:130,0
DA:132,0
DA:136,0
DA:137,0
DA:138,0
DA:139,0
DA:140,0
LH:39
LF:94
end_of_record
SF:C:/Users/glongfil/Documents/GitHub/UltraInstinctVR/CodeBase/Assets/Scripts/Utils/GetCPUTime.cs
FN:10,Start()
FN:19,GetCurrentCPUTime()
FN:27,Generate()
FNDA:3,Start()
FNDA:3,GetCurrentCPUTime()
FNDA:0,Generate()
FNF:3
FNH:2
BRF:0
BRH:0
DA:10,3
DA:11,3
DA:13,3
DA:19,3
DA:20,3
DA:21,3
DA:22,3
DA:23,3
DA:27,0
DA:28,0
DA:29,0
DA:30,0
DA:31,0
LH:8
LF:13
end_of_record
SF:C:/Users/glongfil/Documents/GitHub/UltraInstinctVR/CodeBase/Assets/Scripts/Utils/GetStartTime.cs
FN:10,Instance()
FN:10,Instance(GetStartTimeSpace.GetStartTime)
FN:15,Awake()
FN:27,Start()
FN:33,GetStartTimeValue()
FNDA:6,Instance()
FNDA:6,Instance(GetStartTimeSpace.GetStartTime)
FNDA:3,Awake()
FNDA:3,Start()
FNDA:0,GetStartTimeValue()
FNF:5
FNH:4
BRF:0
BRH:0
DA:10,6
DA:15,3
DA:16,3
DA:17,3
DA:18,3
DA:19,3
DA:21,0
DA:22,0
DA:23,0
DA:24,3
DA:27,3
DA:28,3
DA:29,3
DA:33,0
DA:34,0
DA:35,0
LH:10
LF:16
end_of_record
SF:C:/Users/glongfil/Documents/GitHub/UltraInstinctVR/CodeBase/Assets/Scripts/Effector/InObjectSceneEffector.cs
FN:49,SafeReset()
FN:61,SafeEffectorUpdate()
FN:92,LoadCoveredObjectPositions()
FN:115,ParseAndAddPosition(System.String, System.String)
FN:140,TryAddPosition(System.String[], System.String)
FN:160,GetPlayerPosition()
FN:21,InObjectSceneEffector(Xareus.Scenarios.Event, System.Collections.Generic.Dictionary[String,Parameter], Xareus.Scenarios.Context.IContext, Xareus.Scenarios.Context.IContext, Xareus.Scenarios.Context.IContext, Xareus.Scenarios.Context.IContext)
FNDA:27,SafeReset()
FNDA:27,SafeEffectorUpdate()
FNDA:27,LoadCoveredObjectPositions()
FNDA:270,ParseAndAddPosition(System.String, System.String)
FNDA:270,TryAddPosition(System.String[], System.String)
FNDA:54,GetPlayerPosition()
FNDA:3,InObjectSceneEffector(Xareus.Scenarios.Event, System.Collections.Generic.Dictionary[String,Parameter], Xareus.Scenarios.Context.IContext, Xareus.Scenarios.Context.IContext, Xareus.Scenarios.Context.IContext, Xareus.Scenarios.Context.IContext)
FNF:7
FNH:7
BRF:0
BRH:0
DA:21,3
DA:29,3
DA:31,3
DA:39,3
DA:41,6
DA:49,27
DA:50,27
DA:52,27
DA:53,27
DA:61,27
DA:62,27
DA:65,27
DA:66,27
DA:67,27
DA:68,118
DA:69,32
DA:70,32
DA:72,32
DA:73,27
DA:74,27
DA:75,27
DA:76,27
DA:78,5
DA:80,27
DA:81,0
DA:82,0
DA:83,0
DA:85,27
DA:92,27
DA:93,27
DA:94,0
DA:95,0
DA:96,0
DA:99,27
DA:100,27
DA:102,621
DA:103,270
DA:104,270
DA:105,270
DA:106,27
DA:115,270
DA:116,270
DA:117,270
DA:118,0
DA:119,0
DA:120,0
DA:123,270
DA:124,270
DA:125,0
DA:126,0
DA:127,0
DA:130,270
DA:131,270
DA:140,270
DA:142,270
DA:143,270
DA:144,270
DA:145,270
DA:147,270
DA:148,270
DA:149,0
DA:150,0
DA:151,0
DA:152,0
DA:153,270
DA:160,54
DA:161,54
DA:162,54
LH:52
LF:68
end_of_record
SF:C:/Users/glongfil/Documents/GitHub/UltraInstinctVR/CodeBase/Assets/Scripts/Utils/LogAnalyser.cs
FN:23,Start()
FN:33,AnalyzeLogs()
FN:16,LogAnalyzer()
FNDA:3,Start()
FNDA:3,AnalyzeLogs()
FNDA:8,LogAnalyzer()
FNF:3
FNH:3
BRF:0
BRH:0
DA:16,8
DA:23,3
DA:24,3
DA:25,3
DA:33,3
DA:34,3
DA:35,0
DA:36,0
DA:37,0
DA:40,3
DA:41,3
DA:42,3
DA:43,3
DA:45,9
DA:46,0
DA:47,0
DA:48,0
DA:49,0
DA:51,0
DA:52,0
DA:53,0
DA:54,0
DA:55,0
DA:56,0
DA:57,0
DA:58,0
DA:60,0
DA:61,0
DA:62,0
DA:63,0
DA:64,0
DA:65,0
DA:66,0
DA:67,0
DA:68,0
DA:69,0
DA:70,0
DA:71,0
DA:72,0
DA:73,0
DA:75,3
DA:76,3
DA:77,3
DA:78,3
DA:79,3
DA:80,3
DA:81,3
DA:82,3
DA:83,3
DA:84,3
DA:85,3
DA:86,3
DA:87,3
DA:88,3
DA:89,3
DA:90,3
DA:91,3
DA:92,3
DA:94,3
DA:95,3
DA:96,3
DA:98,9
DA:99,0
DA:100,0
DA:101,0
DA:102,3
DA:104,9
DA:105,0
DA:106,0
DA:107,0
DA:108,0
DA:109,0
DA:110,0
DA:111,0
DA:112,0
DA:113,0
DA:114,0
DA:115,0
DA:116,0
DA:117,0
DA:118,0
DA:119,0
DA:120,0
DA:121,0
DA:122,0
DA:123,0
DA:124,3
DA:126,3
DA:127,3
DA:128,3
LH:39
LF:90
end_of_record
SF:C:/Users/glongfil/Documents/GitHub/UltraInstinctVR/CodeBase/Assets/Scripts/Utils/LogPerformance.cs
FN:13,Awake()
FN:42,OnDestroy()
FN:47,LogToCsvMethod(System.String, System.String, UnityEngine.LogType)
FN:75,GenerateFileName()
FN:9,LogPerformance()
FNDA:3,Awake()
FNDA:1,OnDestroy()
FNDA:582,LogToCsvMethod(System.String, System.String, UnityEngine.LogType)
FNDA:3,GenerateFileName()
FNDA:10,LogPerformance()
FNF:5
FNH:5
BRF:0
BRH:0
DA:9,10
DA:13,3
DA:15,3
DA:18,3
DA:19,3
DA:22,3
DA:23,0
DA:24,0
DA:25,0
DA:28,3
DA:29,3
DA:32,3
DA:33,3
DA:34,3
DA:35,3
DA:38,3
DA:39,3
DA:42,1
DA:43,1
DA:44,1
DA:47,582
DA:49,582
DA:51,77
DA:53,77
DA:54,0
DA:55,0
DA:56,0
DA:59,77
DA:60,77
DA:63,77
DA:64,77
DA:67,77
DA:68,77
DA:69,77
DA:70,77
DA:71,77
DA:72,582
DA:75,3
DA:76,3
DA:77,3
DA:78,3
DA:79,3
LH:36
LF:42
end_of_record
SF:C:/Users/glongfil/Documents/GitHub/UltraInstinctVR/CodeBase/Assets/Scripts/Interaction/VRTest/Logs.cs
FN:10,Awake()
FN:48,OnDestroy()
FN:53,LogToFileMethod(System.String, System.String, UnityEngine.LogType)
FN:46,OnDestroy()
FN:51,LogToFileMethod(System.String, System.String, UnityEngine.LogType)
FNDA:3,Awake()
FNDA:1,OnDestroy()
FNDA:582,LogToFileMethod(System.String, System.String, UnityEngine.LogType)
FNDA:1,OnDestroy()
FNDA:582,LogToFileMethod(System.String, System.String, UnityEngine.LogType)
FNF:5
FNH:5
BRF:0
BRH:0
DA:10,3
DA:12,3
DA:14,0
DA:15,3
DA:16,3
DA:17,0
DA:18,0
DA:19,0
DA:20,0
DA:21,0
DA:22,3
DA:23,2
DA:24,2
DA:25,2
DA:26,0
DA:27,1
DA:29,1
DA:30,1
DA:31,1
DA:32,1
DA:33,1
DA:34,0
DA:35,0
DA:36,3
DA:37,3
DA:38,3
DA:39,3
DA:40,0
DA:41,0
DA:42,3
DA:43,3
DA:44,0
DA:45,0
DA:46,1
DA:47,1
DA:48,1
DA:49,0
DA:50,0
DA:51,582
DA:52,582
DA:53,582
DA:54,582
DA:55,582
DA:56,77
DA:57,77
DA:58,77
DA:59,582
DA:60,582
DA:61,0
DA:62,0
LH:33
LF:50
end_of_record
SF:C:/Users/glongfil/Documents/GitHub/UltraInstinctVR/CodeBase/Assets/Scripts/Interaction/VRTest/MouseOperation.cs
FN:31,SetCursorPosition(System.Int32, System.Int32)
FN:36,SetCursorPosition(MouseOperations/MousePoint)
FN:41,GetCursorPosition()
FN:49,MouseEvent(MouseOperations/MouseEventFlags)
FN:68,MousePoint(System.Int32, System.Int32)
FNDA:0,SetCursorPosition(System.Int32, System.Int32)
FNDA:0,SetCursorPosition(MouseOperations/MousePoint)
FNDA:0,GetCursorPosition()
FNDA:0,MouseEvent(MouseOperations/MouseEventFlags)
FNDA:0,MousePoint(System.Int32, System.Int32)
FNF:5
FNH:0
BRF:0
BRH:0
DA:31,0
DA:32,0
DA:33,0
DA:36,0
DA:37,0
DA:38,0
DA:41,0
DA:43,0
DA:44,0
DA:45,0
DA:46,0
DA:49,0
DA:50,0
DA:52,0
DA:59,0
DA:68,0
DA:69,0
DA:70,0
DA:71,0
LH:0
LF:19
end_of_record
SF:C:/Users/glongfil/Documents/GitHub/UltraInstinctVR/CodeBase/Assets/Scripts/Effector/MoveObjectToOriginEffector.cs
FN:44,SafeReset()
FN:53,SafeEffectorUpdate()
FN:78,ValidateVirtualHand()
FN:124,TryMoveInteractableToOrigin(UnityEngine.XR.Interaction.Toolkit.Interactables.XRGrabInteractable)
FN:152,SelectInteractable(UnityEngine.XR.Interaction.Toolkit.Interactables.XRGrabInteractable)
FN:172,MoveInteractable(UnityEngine.XR.Interaction.Toolkit.Interactables.XRGrabInteractable)
FN:177,VerifyMovement(UnityEngine.XR.Interaction.Toolkit.Interactables.XRGrabInteractable)
FN:193,DeselectInteractable(UnityEngine.XR.Interaction.Toolkit.Interactables.XRGrabInteractable)
FN:36,MoveObjectToOriginEffector(Xareus.Scenarios.Event, System.Collections.Generic.Dictionary[String,Parameter], Xareus.Scenarios.Context.IContext, Xareus.Scenarios.Context.IContext, Xareus.Scenarios.Context.IContext, Xareus.Scenarios.Context.IContext)
FN:107,GetAllInteractablesExceptVirtualHand()
FNDA:3,SafeReset()
FNDA:3,SafeEffectorUpdate()
FNDA:3,ValidateVirtualHand()
FNDA:3,TryMoveInteractableToOrigin(UnityEngine.XR.Interaction.Toolkit.Interactables.XRGrabInteractable)
FNDA:3,SelectInteractable(UnityEngine.XR.Interaction.Toolkit.Interactables.XRGrabInteractable)
FNDA:3,MoveInteractable(UnityEngine.XR.Interaction.Toolkit.Interactables.XRGrabInteractable)
FNDA:3,VerifyMovement(UnityEngine.XR.Interaction.Toolkit.Interactables.XRGrabInteractable)
FNDA:3,DeselectInteractable(UnityEngine.XR.Interaction.Toolkit.Interactables.XRGrabInteractable)
FNDA:3,MoveObjectToOriginEffector(Xareus.Scenarios.Event, System.Collections.Generic.Dictionary[String,Parameter], Xareus.Scenarios.Context.IContext, Xareus.Scenarios.Context.IContext, Xareus.Scenarios.Context.IContext, Xareus.Scenarios.Context.IContext)
FNDA:3,GetAllInteractablesExceptVirtualHand()
FNF:10
FNH:10
BRF:0
BRH:0
DA:36,3
DA:37,6
DA:44,3
DA:46,3
DA:53,3
DA:54,3
DA:56,3
DA:57,0
DA:59,3
DA:60,3
DA:62,3
DA:64,3
DA:65,0
DA:66,0
DA:67,0
DA:68,3
DA:78,3
DA:79,3
DA:80,0
DA:81,0
DA:82,0
DA:85,3
DA:86,0
DA:87,0
DA:88,0
DA:91,3
DA:92,0
DA:93,0
DA:94,0
DA:97,3
DA:98,3
DA:107,3
DA:108,12
DA:109,3
DA:110,3
DA:111,3
DA:112,3
DA:113,0
DA:114,0
DA:115,0
DA:124,3
DA:126,3
DA:127,3
DA:128,3
DA:130,3
DA:131,3
DA:132,3
DA:133,3
DA:136,0
DA:137,0
DA:139,0
DA:140,0
DA:141,0
DA:142,0
DA:144,3
DA:152,3
DA:153,3
DA:158,3
DA:161,3
DA:172,3
DA:173,3
DA:174,3
DA:177,3
DA:178,3
DA:179,3
DA:180,3
DA:181,3
DA:184,0
DA:185,0
DA:186,3
DA:193,3
DA:194,3
DA:195,3
DA:196,3
DA:201,3
DA:204,3
DA:206,0
DA:207,0
DA:208,0
DA:209,3
LH:53
LF:80
end_of_record
SF:C:/Users/glongfil/Documents/GitHub/UltraInstinctVR/CodeBase/Assets/Scripts/Effector/ObjectSelectionEffector.cs
FN:41,SafeEffectorUpdate()
FN:47,DetectCollisionSelection()
FN:17,ObjectSelectionEffector(Xareus.Scenarios.Event, System.Collections.Generic.Dictionary[String,Parameter], Xareus.Scenarios.Context.IContext, Xareus.Scenarios.Context.IContext, Xareus.Scenarios.Context.IContext, Xareus.Scenarios.Context.IContext)
FNDA:0,SafeEffectorUpdate()
FNDA:0,DetectCollisionSelection()
FNDA:0,ObjectSelectionEffector(Xareus.Scenarios.Event, System.Collections.Generic.Dictionary[String,Parameter], Xareus.Scenarios.Context.IContext, Xareus.Scenarios.Context.IContext, Xareus.Scenarios.Context.IContext, Xareus.Scenarios.Context.IContext)
FNF:3
FNH:0
BRF:0
BRH:0
DA:17,0
DA:35,0
DA:37,0
DA:41,0
DA:42,0
DA:43,0
DA:44,0
DA:47,0
DA:48,0
DA:50,0
DA:52,0
DA:53,0
DA:54,0
DA:55,0
DA:57,0
DA:58,0
DA:59,0
DA:61,0
DA:62,0
DA:64,0
DA:65,0
DA:66,0
DA:67,0
DA:68,0
DA:69,0
DA:72,0
DA:74,0
DA:75,0
DA:77,0
DA:78,0
DA:79,0
DA:80,0
DA:81,0
DA:83,0
DA:84,0
DA:85,0
DA:87,0
LH:0
LF:37
end_of_record
SF:C:/Users/glongfil/Documents/GitHub/UltraInstinctVR/CodeBase/Assets/Scripts/Utils/LogAnalyser.cs
FN:137,Count()
FN:137,Count(System.Int32)
FN:138,Passed()
FN:138,Passed(System.Int32)
FN:139,Failed()
FN:139,Failed(System.Int32)
FN:140,LogsPassed()
FN:140,LogsPassed(System.Collections.Generic.List[String])
FN:141,LogsFailed()
FN:141,LogsFailed(System.Collections.Generic.List[String])
FN:137,OracleData()
FNDA:0,Count()
FNDA:0,Count(System.Int32)
FNDA:0,Passed()
FNDA:0,Passed(System.Int32)
FNDA:0,Failed()
FNDA:0,Failed(System.Int32)
FNDA:0,LogsPassed()
FNDA:0,LogsPassed(System.Collections.Generic.List[String])
FNDA:0,LogsFailed()
FNDA:0,LogsFailed(System.Collections.Generic.List[String])
FNDA:0,OracleData()
FNF:11
FNH:0
BRF:0
BRH:0
DA:137,0
DA:138,0
DA:139,0
DA:140,0
DA:141,0
LH:0
LF:5
end_of_record
SF:C:/Users/glongfil/Documents/GitHub/UltraInstinctVR/CodeBase/Assets/Scripts/Effector/OutsideSceneEffector.cs
FN:40,SafeReset()
FN:52,GetSceneBounds()
FN:78,SafeEffectorUpdate()
FN:102,GetPlayerPosition()
FN:17,OutsideSceneEffector(Xareus.Scenarios.Event, System.Collections.Generic.Dictionary[String,Parameter], Xareus.Scenarios.Context.IContext, Xareus.Scenarios.Context.IContext, Xareus.Scenarios.Context.IContext, Xareus.Scenarios.Context.IContext)
FNDA:45,SafeReset()
FNDA:45,GetSceneBounds()
FNDA:45,SafeEffectorUpdate()
FNDA:90,GetPlayerPosition()
FNDA:3,OutsideSceneEffector(Xareus.Scenarios.Event, System.Collections.Generic.Dictionary[String,Parameter], Xareus.Scenarios.Context.IContext, Xareus.Scenarios.Context.IContext, Xareus.Scenarios.Context.IContext, Xareus.Scenarios.Context.IContext)
FNF:5
FNH:5
BRF:0
BRH:0
DA:17,3
DA:31,3
DA:32,6
DA:40,45
DA:43,45
DA:44,45
DA:52,45
DA:54,45
DA:56,45
DA:57,0
DA:58,0
DA:59,0
DA:63,45
DA:66,3330
DA:67,1620
DA:68,1620
DA:69,1620
DA:71,45
DA:72,45
DA:78,45
DA:79,45
DA:80,45
DA:81,45
DA:84,45
DA:87,45
DA:88,45
DA:89,45
DA:91,0
DA:92,0
DA:93,0
DA:94,45
DA:102,90
DA:103,90
DA:104,90
LH:28
LF:34
end_of_record
SF:C:/Users/glongfil/Documents/GitHub/UltraInstinctVR/CodeBase/Assets/Scripts/Utils/ParentController.cs
FN:20,Start()
FN:40,StartNextChild()
FN:71,ChildFinished()
FN:13,ParentController()
FN:98,DeactivateAfterDelay()
FNDA:3,Start()
FNDA:21,StartNextChild()
FNDA:21,ChildFinished()
FNDA:10,ParentController()
FNDA:21,DeactivateAfterDelay()
FNF:5
FNH:5
BRF:0
BRH:0
DA:13,10
DA:20,3
DA:21,3
DA:24,51
DA:25,21
DA:26,21
DA:27,21
DA:29,3
DA:30,3
DA:31,3
DA:32,3
DA:33,3
DA:40,21
DA:41,21
DA:43,21
DA:44,21
DA:45,21
DA:47,21
DA:48,21
DA:49,21
DA:50,21
DA:52,21
DA:53,21
DA:54,21
DA:55,21
DA:56,21
DA:57,21
DA:59,0
DA:60,0
DA:61,0
DA:62,21
DA:63,21
DA:71,21
DA:72,21
DA:74,21
DA:76,21
DA:78,21
DA:79,18
DA:80,18
DA:81,18
DA:82,18
DA:84,3
DA:85,3
DA:86,3
DA:87,3
DA:88,21
DA:98,21
DA:99,21
DA:100,21
DA:101,21
LH:47
LF:50
end_of_record
SF:C:/Users/glongfil/Documents/GitHub/UltraInstinctVR/CodeBase/Assets/Scripts/Interaction/GameObjectMovement/SelectAndMoveToOrigin.cs
FN:23,Start()
FN:44,ReadPositionsFromFile()
FN:95,OnTriggerEnter(UnityEngine.Collider)
FN:127,OnTriggerExit(UnityEngine.Collider)
FN:12,SelectAndMoveToOrigin()
FN:146,TeleportAndUnselect()
FN:83,TeleportToNextPosition()
FNDA:0,Start()
FNDA:0,ReadPositionsFromFile()
FNDA:0,OnTriggerEnter(UnityEngine.Collider)
FNDA:0,OnTriggerExit(UnityEngine.Collider)
FNDA:0,SelectAndMoveToOrigin()
FNDA:0,TeleportAndUnselect()
FNDA:0,TeleportToNextPosition()
FNF:7
FNH:0
BRF:0
BRH:0
DA:12,0
DA:13,0
DA:15,0
DA:16,0
DA:23,0
DA:24,0
DA:25,0
DA:27,0
DA:28,0
DA:29,0
DA:30,0
DA:32,0
DA:33,0
DA:34,0
DA:36,0
DA:37,0
DA:38,0
DA:39,0
DA:40,0
DA:41,0
DA:44,0
DA:45,0
DA:46,0
DA:47,0
DA:48,0
DA:50,0
DA:51,0
DA:52,0
DA:53,0
DA:54,0
DA:55,0
DA:57,0
DA:58,0
DA:60,0
DA:61,0
DA:62,0
DA:63,0
DA:65,0
DA:66,0
DA:67,0
DA:68,0
DA:69,0
DA:70,0
DA:71,0
DA:72,0
DA:73,0
DA:74,0
DA:75,0
DA:77,0
DA:78,0
DA:79,0
DA:80,0
DA:83,0
DA:84,0
DA:85,0
DA:86,0
DA:88,0
DA:89,0
DA:90,0
DA:91,0
DA:92,0
DA:95,0
DA:96,0
DA:97,0
DA:98,0
DA:100,0
DA:101,0
DA:102,0
DA:104,0
DA:105,0
DA:106,0
DA:107,0
DA:109,0
DA:111,0
DA:112,0
DA:113,0
DA:115,0
DA:116,0
DA:117,0
DA:118,0
DA:120,0
DA:121,0
DA:122,0
DA:123,0
DA:124,0
DA:127,0
DA:128,0
DA:129,0
DA:130,0
DA:132,0
DA:133,0
DA:134,0
DA:135,0
DA:136,0
DA:137,0
DA:139,0
DA:140,0
DA:141,0
DA:142,0
DA:143,0
DA:146,0
DA:147,0
DA:149,0
DA:150,0
DA:151,0
DA:152,0
DA:154,0
DA:156,0
DA:157,0
DA:158,0
DA:159,0
DA:160,0
DA:161,0
DA:162,0
DA:163,0
DA:164,0
LH:0
LF:116
end_of_record
SF:C:/Users/glongfil/Documents/GitHub/UltraInstinctVR/CodeBase/Assets/Scripts/Sensors/SelectionSensor.cs
FN:46,SafeReset()
FN:60,UnityStepSensorCheck()
FN:83,GetPlayerPosition()
FN:22,SelectionSensor(Xareus.Scenarios.Event, System.Collections.Generic.Dictionary[String,Parameter], Xareus.Scenarios.Context.IContext, Xareus.Scenarios.Context.IContext, Xareus.Scenarios.Context.IContext)
FN:19,SelectionSensor()
FNDA:19,SafeReset()
FNDA:8653,UnityStepSensorCheck()
FNDA:8672,GetPlayerPosition()
FNDA:6,SelectionSensor(Xareus.Scenarios.Event, System.Collections.Generic.Dictionary[String,Parameter], Xareus.Scenarios.Context.IContext, Xareus.Scenarios.Context.IContext, Xareus.Scenarios.Context.IContext)
FNDA:3,SelectionSensor()
FNF:5
FNH:5
BRF:0
BRH:0
DA:19,3
DA:22,6
DA:29,6
DA:36,6
DA:37,12
DA:46,19
DA:48,19
DA:50,19
DA:51,19
DA:60,8653
DA:61,8653
DA:63,8653
DA:64,13
DA:66,13
DA:69,13
DA:70,13
DA:71,13
DA:74,8640
DA:75,8653
DA:83,8672
DA:84,8672
DA:85,8672
LH:22
LF:22
end_of_record
SF:C:/Users/glongfil/Documents/GitHub/UltraInstinctVR/CodeBase/Assets/Scripts/Interaction/Teleportation/SizeScene.cs
FN:46,Start()
FN:82,CalculateSceneBounds()
FN:115,CalculateRandomOutOfBoundsPosition()
FN:128,TeleportObject(UnityEngine.Vector3)
FN:145,LogTeleport(UnityEngine.Vector3)
FN:154,WriteLogsToFile()
FN:165,InitializeLogFile()
FN:22,SizeScene()
FN:71,CalculateSceneBoundsDeferred()
FN:55,SetupAndTeleport()
FN:99,TeleportOutOfBounds()
FNDA:3,Start()
FNDA:3,CalculateSceneBounds()
FNDA:45,CalculateRandomOutOfBoundsPosition()
FNDA:45,TeleportObject(UnityEngine.Vector3)
FNDA:45,LogTeleport(UnityEngine.Vector3)
FNDA:3,WriteLogsToFile()
FNDA:3,InitializeLogFile()
FNDA:9,SizeScene()
FNDA:3,CalculateSceneBoundsDeferred()
FNDA:3,SetupAndTeleport()
FNDA:3,TeleportOutOfBounds()
FNF:11
FNH:11
BRF:0
BRH:0
DA:22,9
DA:24,9
DA:26,9
DA:35,9
DA:38,9
DA:46,3
DA:48,3
DA:51,3
DA:52,3
DA:55,3
DA:56,3
DA:58,3
DA:61,3
DA:62,3
DA:71,3
DA:72,3
DA:73,3
DA:74,3
DA:82,3
DA:83,3
DA:84,3
DA:85,3
DA:87,231
DA:88,111
DA:89,111
DA:90,111
DA:91,3
DA:99,3
DA:100,96
DA:101,45
DA:102,45
DA:103,45
DA:104,45
DA:106,45
DA:107,45
DA:108,3
DA:115,45
DA:116,45
DA:117,45
DA:118,45
DA:119,45
DA:120,45
DA:128,45
DA:129,45
DA:130,45
DA:131,45
DA:132,45
DA:134,0
DA:135,0
DA:136,0
DA:137,45
DA:145,45
DA:146,45
DA:147,45
DA:154,3
DA:155,3
DA:156,3
DA:157,3
DA:165,3
DA:166,3
DA:167,0
DA:169,3
DA:170,3
DA:171,3
DA:174,3
DA:175,3
LH:62
LF:66
end_of_record
SF:C:/Users/glongfil/Documents/GitHub/UltraInstinctVR/CodeBase/Assets/Scripts/Effector/TeleportationEffector.cs
FN:53,SafeEffectorUpdate()
FN:72,GetPlayerPosition()
FN:19,TeleportationEffector(Xareus.Scenarios.Event, System.Collections.Generic.Dictionary[String,Parameter], Xareus.Scenarios.Context.IContext, Xareus.Scenarios.Context.IContext, Xareus.Scenarios.Context.IContext, Xareus.Scenarios.Context.IContext)
FNDA:42,SafeEffectorUpdate()
FNDA:42,GetPlayerPosition()
FNDA:3,TeleportationEffector(Xareus.Scenarios.Event, System.Collections.Generic.Dictionary[String,Parameter], Xareus.Scenarios.Context.IContext, Xareus.Scenarios.Context.IContext, Xareus.Scenarios.Context.IContext, Xareus.Scenarios.Context.IContext)
FNF:3
FNH:3
BRF:0
BRH:0
DA:19,3
DA:43,3
DA:45,6
DA:53,42
DA:54,42
DA:55,42
DA:56,42
DA:57,40
DA:58,40
DA:59,40
DA:60,40
DA:62,2
DA:63,2
DA:64,2
DA:65,42
DA:72,42
DA:74,42
DA:75,42
LH:18
LF:18
end_of_record
SF:C:/Users/glongfil/Documents/GitHub/UltraInstinctVR/CodeBase/Assets/Scripts/Sensors/TeleportationSensor.cs
FN:56,SafeReset()
FN:67,UnityStepSensorCheck()
FN:90,GetPlayerPosition()
FN:23,TeleportationSensor(Xareus.Scenarios.Event, System.Collections.Generic.Dictionary[String,Parameter], Xareus.Scenarios.Context.IContext, Xareus.Scenarios.Context.IContext, Xareus.Scenarios.Context.IContext)
FN:20,TeleportationSensor()
FNDA:123,SafeReset()
FNDA:35190,UnityStepSensorCheck()
FNDA:35313,GetPlayerPosition()
FNDA:9,TeleportationSensor(Xareus.Scenarios.Event, System.Collections.Generic.Dictionary[String,Parameter], Xareus.Scenarios.Context.IContext, Xareus.Scenarios.Context.IContext, Xareus.Scenarios.Context.IContext)
FNDA:3,TeleportationSensor()
FNF:5
FNH:5
BRF:0
BRH:0
DA:20,3
DA:23,9
DA:29,9
DA:47,9
DA:49,18
DA:56,123
DA:58,123
DA:59,123
DA:67,35190
DA:68,35190
DA:69,35190
DA:70,114
DA:73,114
DA:76,114
DA:77,114
DA:78,114
DA:81,35076
DA:82,35190
DA:90,35313
DA:92,35313
DA:93,35313
LH:21
LF:21
end_of_record
SF:C:/Users/glongfil/Documents/GitHub/UltraInstinctVR/CodeBase/Assets/Scripts/Interaction/Teleportation/TeleportAtObject.cs
FN:31,Start()
FN:50,ReadPositionsFromFile()
FN:76,ProcessLine(System.String, System.String)
FN:101,TryAddPosition(System.String[], System.String)
FN:14,TeleportAtObject()
FN:123,TeleportToNextPosition()
FNDA:6,Start()
FNDA:6,ReadPositionsFromFile()
FNDA:60,ProcessLine(System.String, System.String)
FNDA:60,TryAddPosition(System.String[], System.String)
FNDA:18,TeleportAtObject()
FNDA:6,TeleportToNextPosition()
FNF:6
FNH:6
BRF:0
BRH:0
DA:14,18
DA:17,18
DA:21,18
DA:24,18
DA:31,6
DA:33,6
DA:36,6
DA:37,6
DA:38,6
DA:39,6
DA:41,0
DA:42,0
DA:43,0
DA:44,6
DA:50,6
DA:51,6
DA:52,0
DA:53,0
DA:54,0
DA:57,6
DA:58,6
DA:60,138
DA:61,60
DA:62,60
DA:63,60
DA:65,6
DA:66,6
DA:76,60
DA:77,60
DA:78,60
DA:79,0
DA:80,0
DA:81,0
DA:84,60
DA:85,60
DA:86,0
DA:87,0
DA:88,0
DA:91,60
DA:92,60
DA:101,60
DA:103,60
DA:104,60
DA:105,60
DA:106,60
DA:108,60
DA:109,60
DA:110,0
DA:111,0
DA:112,0
DA:113,0
DA:114,60
DA:123,6
DA:125,51
DA:126,48
DA:127,48
DA:130,48
DA:133,45
DA:134,45
DA:137,3
DA:138,3
LH:45
LF:61
end_of_record
SF:C:/Users/glongfil/Documents/GitHub/UltraInstinctVR/CodeBase/Assets/Scripts/Interaction/Teleportation/TeleportPlayer.cs
FN:32,Start()
FN:71,TeleportToRandomPosition()
FN:88,LogTeleportation(UnityEngine.Vector3)
FN:18,TeleportPlayer()
FN:57,TeleportRoutine()
FNDA:6,Start()
FNDA:51,TeleportToRandomPosition()
FNDA:51,LogTeleportation(UnityEngine.Vector3)
FNDA:18,TeleportPlayer()
FNDA:6,TeleportRoutine()
FNF:5
FNH:5
BRF:0
BRH:0
DA:18,18
DA:20,18
DA:22,18
DA:32,6
DA:35,6
DA:36,6
DA:38,6
DA:40,6
DA:41,0
DA:42,0
DA:43,0
DA:45,6
DA:47,6
DA:48,6
DA:49,6
DA:57,6
DA:58,114
DA:59,51
DA:60,51
DA:61,51
DA:62,51
DA:63,6
DA:71,51
DA:72,51
DA:73,51
DA:74,51
DA:76,51
DA:77,51
DA:78,51
DA:80,51
DA:88,51
DA:89,51
DA:90,51
DA:91,51
LH:31
LF:34
end_of_record
SF:C:/Users/glongfil/Documents/GitHub/UltraInstinctVR/CodeBase/Assets/Scripts/ScriptsReplay/TeleportReplay.cs
FN:31,Start()
FN:50,ReadPositionsFromFile()
FN:80,TryParsePosition(System.String, UnityEngine.Vector3&)
FN:21,TeleportReplay()
FN:112,TeleportToNextPosition()
FNDA:0,Start()
FNDA:0,ReadPositionsFromFile()
FNDA:0,TryParsePosition(System.String, UnityEngine.Vector3&)
FNDA:18,TeleportReplay()
FNDA:0,TeleportToNextPosition()
FNF:5
FNH:1
BRF:0
BRH:0
DA:21,18
DA:22,18
DA:23,18
DA:31,0
DA:32,0
DA:34,0
DA:35,0
DA:36,0
DA:37,0
DA:39,0
DA:40,0
DA:41,0
DA:42,0
DA:50,0
DA:51,0
DA:52,0
DA:53,0
DA:54,0
DA:57,0
DA:58,0
DA:60,0
DA:61,0
DA:62,0
DA:63,0
DA:64,0
DA:65,0
DA:68,0
DA:69,0
DA:70,0
DA:72,0
DA:73,0
DA:80,0
DA:81,0
DA:84,0
DA:85,0
DA:88,0
DA:89,0
DA:90,0
DA:91,0
DA:93,0
DA:94,0
DA:96,0
DA:97,0
DA:98,0
DA:100,0
DA:112,0
DA:113,0
DA:114,0
DA:115,0
DA:116,0
DA:118,0
DA:119,0
DA:120,0
DA:122,0
DA:123,0
LH:3
LF:55
end_of_record
SF:C:/Users/glongfil/Documents/GitHub/UltraInstinctVR/CodeBase/Assets/VRTemplateAssets/Scripts/AnchorVisuals.cs
FN:35,Start()
FN:51,Update()
FN:59,OnAnchorEnter()
FN:82,OnAnchorExit()
FN:104,HideArrowOnTeleport()
FN:20,AnchorVisuals()
FNDA:3,Start()
FNDA:105204,Update()
FNDA:0,OnAnchorEnter()
FNDA:0,OnAnchorExit()
FNDA:0,HideArrowOnTeleport()
FNDA:6,AnchorVisuals()
FNF:6
FNH:3
BRF:0
BRH:0
DA:20,6
DA:23,6
DA:35,3
DA:36,3
DA:37,3
DA:38,3
DA:39,3
DA:40,3
DA:41,3
DA:44,3
DA:46,3
DA:47,3
DA:48,3
DA:51,105204
DA:52,105204
DA:53,105204
DA:59,0
DA:60,0
DA:62,0
DA:63,0
DA:64,0
DA:65,0
DA:66,0
DA:67,0
DA:68,0
DA:69,0
DA:71,0
DA:72,0
DA:74,0
DA:75,0
DA:76,0
DA:82,0
DA:83,0
DA:84,0
DA:86,0
DA:87,0
DA:88,0
DA:89,0
DA:90,0
DA:91,0
DA:93,0
DA:94,0
DA:96,0
DA:97,0
DA:98,0
DA:104,0
DA:105,0
DA:106,0
LH:16
LF:48
end_of_record
SF:C:/Users/glongfil/Documents/GitHub/UltraInstinctVR/CodeBase/Assets/VRTemplateAssets/Scripts/BezierCurve.cs
FN:81,Awake()
FN:89,OnEnable()
FN:95,OnDisable()
FN:101,OnBeforeRender()
FN:107,Update()
FN:122,DrawCurve()
FN:162,CalculateCubicBezierPoint(System.Single, UnityEngine.Vector3, UnityEngine.Vector3, UnityEngine.Vector3, UnityEngine.Vector3)
FN:178,AnimateCurve()
FN:41,BezierCurve()
FNDA:24,Awake()
FNDA:24,OnEnable()
FNDA:22,OnDisable()
FNDA:105202,OnBeforeRender()
FNDA:105204,Update()
FNDA:105226,DrawCurve()
FNDA:384,CalculateCubicBezierPoint(System.Single, UnityEngine.Vector3, UnityEngine.Vector3, UnityEngine.Vector3, UnityEngine.Vector3)
FNDA:105204,AnimateCurve()
FNDA:62,BezierCurve()
FNF:9
FNH:9
BRF:0
BRH:0
DA:41,62
DA:50,62
DA:53,62
DA:56,62
DA:62,62
DA:65,62
DA:71,62
DA:81,24
DA:82,24
DA:83,0
DA:85,24
DA:86,24
DA:89,24
DA:90,24
DA:91,24
DA:92,24
DA:95,22
DA:96,22
DA:98,22
DA:101,105202
DA:102,105202
DA:103,105202
DA:104,105202
DA:107,105204
DA:108,105204
DA:109,0
DA:111,105204
DA:112,105204
DA:113,105204
DA:114,105204
DA:115,105204
DA:122,105226
DA:123,105226
DA:124,105226
DA:126,105226
DA:128,105202
DA:130,24
DA:132,24
DA:133,24
DA:134,24
DA:135,24
DA:139,24
DA:140,0
DA:141,0
DA:142,0
DA:144,24
DA:145,24
DA:146,24
DA:148,24
DA:149,24
DA:150,816
DA:151,384
DA:152,384
DA:153,384
DA:154,384
DA:155,384
DA:157,24
DA:158,24
DA:159,105226
DA:162,384
DA:163,384
DA:164,384
DA:165,384
DA:166,384
DA:167,384
DA:169,384
DA:170,384
DA:171,384
DA:172,384
DA:174,384
DA:175,384
DA:178,105204
DA:179,105204
DA:181,105204
DA:182,105204
DA:184,105204
DA:185,105204
DA:187,105204
DA:188,105204
DA:189,105204
DA:190,105204
DA:192,105204
DA:193,105204
DA:195,105204
DA:196,105204
DA:198,105204
DA:199,300
DA:200,105204
LH:83
LF:88
end_of_record
SF:C:/Users/glongfil/Documents/GitHub/UltraInstinctVR/CodeBase/Assets/VRTemplateAssets/Scripts/BooleanToggleVisualsController.cs
FN:29,Awake()
FN:42,OnEnable()
FN:48,OnPointerEnter(UnityEngine.EventSystems.PointerEventData)
FN:54,OnPointerExit(UnityEngine.EventSystems.PointerEventData)
FN:59,ToggleValueChanged(System.Boolean)
FN:71,PerformEntranceActions()
FN:81,PerformExitActions()
FN:20,BooleanToggleVisualsController()
FNDA:3,Awake()
FNDA:3,OnEnable()
FNDA:0,OnPointerEnter(UnityEngine.EventSystems.PointerEventData)
FNDA:0,OnPointerExit(UnityEngine.EventSystems.PointerEventData)
FNDA:3,ToggleValueChanged(System.Boolean)
FNDA:0,PerformEntranceActions()
FNDA:0,PerformExitActions()
FNDA:6,BooleanToggleVisualsController()
FNF:8
FNH:4
BRF:0
BRH:0
DA:20,6
DA:29,3
DA:30,3
DA:33,3
DA:35,3
DA:36,3
DA:37,3
DA:38,3
DA:39,3
DA:42,3
DA:43,3
DA:44,3
DA:48,0
DA:49,0
DA:50,0
DA:54,0
DA:55,0
DA:56,0
DA:59,3
DA:60,3
DA:61,0
DA:62,0
DA:63,0
DA:65,3
DA:66,3
DA:67,3
DA:68,3
DA:71,0
DA:72,0
DA:73,0
DA:74,0
DA:75,0
DA:76,0
DA:77,0
DA:78,0
DA:81,0
DA:82,0
DA:83,0
DA:84,0
DA:85,0
DA:86,0
DA:87,0
DA:88,0
DA:89,0
LH:18
LF:44
end_of_record
SF:C:/Users/glongfil/Documents/GitHub/UltraInstinctVR/CodeBase/Assets/VRTemplateAssets/Scripts/Callout.cs
FN:37,Start()
FN:54,GazeHoverStart()
FN:64,GazeHoverEnd()
FN:84,TurnOnStuff()
FN:92,TurnOffStuff()
FN:21,Callout()
FN:77,EndDelay()
FN:70,StartDelay()
FNDA:3,Start()
FNDA:0,GazeHoverStart()
FNDA:0,GazeHoverEnd()
FNDA:0,TurnOnStuff()
FNDA:0,TurnOffStuff()
FNDA:78,Callout()
FNDA:0,EndDelay()
FNDA:0,StartDelay()
FNF:8
FNH:2
BRF:0
BRH:0
DA:21,78
DA:25,78
DA:29,78
DA:31,78
DA:37,3
DA:38,3
DA:39,0
DA:40,0
DA:41,0
DA:42,0
DA:44,3
DA:45,0
DA:46,0
DA:47,0
DA:48,0
DA:49,0
DA:50,0
DA:51,3
DA:54,0
DA:55,0
DA:56,0
DA:57,0
DA:58,0
DA:59,0
DA:60,0
DA:61,0
DA:64,0
DA:65,0
DA:66,0
DA:67,0
DA:70,0
DA:71,0
DA:72,0
DA:73,0
DA:74,0
DA:77,0
DA:78,0
DA:79,0
DA:80,0
DA:81,0
DA:84,0
DA:85,0
DA:86,0
DA:87,0
DA:88,0
DA:89,0
DA:92,0
DA:93,0
DA:94,0
DA:95,0
DA:96,0
DA:97,0
LH:8
LF:52
end_of_record
SF:C:/Users/glongfil/Documents/GitHub/UltraInstinctVR/CodeBase/Assets/VRTemplateAssets/Scripts/CalloutGazeController.cs
FN:38,Update()
FN:55,CheckLargeMovement()
FN:69,FacingEntered()
FN:75,FacingExited()
FN:19,CalloutGazeController()
FNDA:0,Update()
FNDA:0,CheckLargeMovement()
FNDA:0,FacingEntered()
FNDA:0,FacingExited()
FNDA:16,CalloutGazeController()
FNF:5
FNH:1
BRF:0
BRH:0
DA:19,16
DA:28,16
DA:31,16
DA:38,0
DA:39,0
DA:40,0
DA:42,0
DA:44,0
DA:45,0
DA:47,0
DA:48,0
DA:49,0
DA:50,0
DA:51,0
DA:52,0
DA:55,0
DA:57,0
DA:58,0
DA:59,0
DA:60,0
DA:61,0
DA:62,0
DA:63,0
DA:64,0
DA:65,0
DA:66,0
DA:69,0
DA:70,0
DA:71,0
DA:72,0
DA:75,0
DA:76,0
DA:77,0
DA:78,0
LH:3
LF:34
end_of_record
SF:C:/Users/glongfil/Documents/GitHub/UltraInstinctVR/CodeBase/Assets/VRTemplateAssets/Scripts/DestroyObject.cs
FN:15,Start()
FN:12,DestroyObject()
FNDA:0,Start()
FNDA:0,DestroyObject()
FNF:2
FNH:0
BRF:0
BRH:0
DA:12,0
DA:15,0
DA:16,0
DA:17,0
LH:0
LF:4
end_of_record
SF:C:/Users/glongfil/Documents/GitHub/UltraInstinctVR/CodeBase/Assets/VRTemplateAssets/Scripts/HandSubsystemManager.cs
FN:18,OnEnable()
FN:30,DisableHandTracking()
FN:42,EnableHandTracking()
FN:52,TryGetHandSubsystem(UnityEngine.XR.Hands.XRHandSubsystem&)
FNDA:3,OnEnable()
FNDA:0,DisableHandTracking()
FNDA:0,EnableHandTracking()
FNDA:3,TryGetHandSubsystem(UnityEngine.XR.Hands.XRHandSubsystem&)
FNF:4
FNH:2
BRF:0
BRH:0
DA:18,3
DA:19,3
DA:20,3
DA:21,3
DA:22,3
DA:23,3
DA:30,0
DA:31,0
DA:32,0
DA:33,0
DA:34,0
DA:35,0
DA:42,0
DA:43,0
DA:44,0
DA:45,0
DA:46,0
DA:47,0
DA:52,3
DA:53,3
DA:54,3
DA:55,3
DA:56,3
DA:57,3
DA:58,3
DA:61,0
DA:62,0
DA:63,0
DA:64,0
DA:65,0
DA:66,0
DA:67,0
DA:68,0
DA:69,0
DA:71,0
DA:72,0
DA:73,3
LH:14
LF:37
end_of_record
SF:C:/Users/glongfil/Documents/GitHub/UltraInstinctVR/CodeBase/Assets/VRTemplateAssets/Scripts/LaunchProjectile.cs
FN:23,Fire()
FN:31,ApplyForce(UnityEngine.Rigidbody)
FN:12,LaunchProjectile()
FNDA:0,Fire()
FNDA:0,ApplyForce(UnityEngine.Rigidbody)
FNDA:0,LaunchProjectile()
FNF:3
FNH:0
BRF:0
BRH:0
DA:12,0
DA:16,0
DA:20,0
DA:23,0
DA:24,0
DA:26,0
DA:27,0
DA:28,0
DA:31,0
DA:32,0
DA:33,0
DA:34,0
LH:0
LF:12
end_of_record
SF:C:/Users/glongfil/Documents/GitHub/UltraInstinctVR/CodeBase/Assets/VRTemplateAssets/Scripts/RayAttachModifier.cs
FN:18,OnEnable()
FN:30,OnDisable()
FN:36,OnSelectEntered(UnityEngine.XR.Interaction.Toolkit.SelectEnterEventArgs)
FNDA:0,OnEnable()
FNDA:0,OnDisable()
FNDA:0,OnSelectEntered(UnityEngine.XR.Interaction.Toolkit.SelectEnterEventArgs)
FNF:3
FNH:0
BRF:0
BRH:0
DA:18,0
DA:19,0
DA:20,0
DA:21,0
DA:22,0
DA:23,0
DA:26,0
DA:27,0
DA:30,0
DA:31,0
DA:32,0
DA:33,0
DA:36,0
DA:37,0
DA:38,0
DA:40,0
DA:41,0
DA:42,0
DA:43,0
LH:0
LF:19
end_of_record
SF:C:/Users/glongfil/Documents/GitHub/UltraInstinctVR/CodeBase/Assets/VRTemplateAssets/Scripts/Rotator.cs
FN:14,Update()
FNDA:210408,Update()
FNF:1
FNH:1
BRF:0
BRH:0
DA:14,210408
DA:15,210408
DA:16,210408
LH:3
LF:3
end_of_record
SF:C:/Users/glongfil/Documents/GitHub/UltraInstinctVR/CodeBase/Assets/VRTemplateAssets/Scripts/StepManager.cs
FN:32,Next()
FN:27,StepManager()
FNDA:0,Next()
FNDA:4,StepManager()
FNF:2
FNH:1
BRF:0
BRH:0
DA:27,4
DA:29,4
DA:32,0
DA:33,0
DA:34,0
DA:35,0
DA:36,0
DA:37,0
LH:2
LF:8
end_of_record
SF:C:/Users/glongfil/Documents/GitHub/UltraInstinctVR/CodeBase/Assets/VRTemplateAssets/Scripts/VideoPlayerRenderTexture.cs
FN:31,Start()
FN:20,VideoPlayerRenderTexture()
FNDA:3,Start()
FNDA:6,VideoPlayerRenderTexture()
FNF:2
FNH:2
BRF:0
BRH:0
DA:20,6
DA:24,6
DA:31,3
DA:32,3
DA:33,3
DA:34,3
DA:35,3
DA:36,3
DA:37,3
DA:38,3
LH:10
LF:10
end_of_record
SF:C:/Users/glongfil/Documents/GitHub/UltraInstinctVR/CodeBase/Assets/VRTemplateAssets/Scripts/VideoTimeScrubControl.cs
FN:51,Start()
FN:69,OnEnable()
FN:84,Update()
FN:107,OnPointerDown()
FN:114,OnRelease()
FN:121,OnSliderValueChange(System.Single)
FN:132,OnDrag()
FN:138,VideoJump()
FN:146,PlayOrPauseVideo()
FN:158,UpdateVideoTimeText()
FN:177,VideoStop()
FN:185,VideoPlay()
FN:126,HideSliderAfterSeconds()
FNDA:3,Start()
FNDA:3,OnEnable()
FNDA:105204,Update()
FNDA:0,OnPointerDown()
FNDA:0,OnRelease()
FNDA:14375,OnSliderValueChange(System.Single)
FNDA:0,OnDrag()
FNDA:0,VideoJump()
FNDA:0,PlayOrPauseVideo()
FNDA:14375,UpdateVideoTimeText()
FNDA:0,VideoStop()
FNDA:3,VideoPlay()
FNDA:0,HideSliderAfterSeconds()
FNF:13
FNH:6
BRF:0
BRH:0
DA:51,3
DA:52,3
DA:53,3
DA:54,0
DA:55,0
DA:56,0
DA:57,0
DA:58,0
DA:60,3
DA:61,3
DA:62,3
DA:64,3
DA:65,3
DA:66,3
DA:69,3
DA:70,3
DA:71,0
DA:72,0
DA:73,0
DA:74,0
DA:76,3
DA:77,3
DA:78,3
DA:79,3
DA:80,0
DA:81,3
DA:84,105204
DA:85,105204
DA:86,0
DA:88,0
DA:89,0
DA:92,0
DA:93,0
DA:94,0
DA:96,105204
DA:97,105204
DA:98,105204
DA:99,105204
DA:100,105204
DA:101,105204
DA:102,105204
DA:103,105204
DA:104,105204
DA:107,0
DA:108,0
DA:109,0
DA:110,0
DA:111,0
DA:114,0
DA:115,0
DA:116,0
DA:117,0
DA:118,0
DA:121,14375
DA:122,14375
DA:123,14375
DA:126,0
DA:127,0
DA:128,0
DA:129,0
DA:132,0
DA:133,0
DA:134,0
DA:135,0
DA:138,0
DA:139,0
DA:140,0
DA:141,0
DA:142,0
DA:143,0
DA:146,0
DA:147,0
DA:148,0
DA:149,0
DA:150,0
DA:152,0
DA:153,0
DA:154,0
DA:155,0
DA:158,14375
DA:159,14375
DA:160,14375
DA:161,14375
DA:162,14375
DA:163,14375
DA:168,14375
DA:172,14375
DA:173,14375
DA:174,14375
DA:177,0
DA:178,0
DA:179,0
DA:180,0
DA:181,0
DA:182,0
DA:185,3
DA:186,3
DA:187,3
DA:188,3
DA:189,3
DA:190,3
LH:46
LF:101
end_of_record
SF:C:/Users/glongfil/Documents/GitHub/UltraInstinctVR/CodeBase/Assets/VRTemplateAssets/Scripts/XRKnob.cs
FN:145,handle()
FN:146,handle(UnityEngine.Transform)
FN:154,value()
FN:156,value(System.Single)
FN:167,clampedMotion()
FN:168,clampedMotion(System.Boolean)
FN:176,maxAngle()
FN:177,maxAngle(System.Single)
FN:185,minAngle()
FN:186,minAngle(System.Single)
FN:194,positionTrackedRadius()
FN:195,positionTrackedRadius(System.Single)
FN:201,onValueChange()
FN:204,Start()
FN:210,OnEnable()
FN:217,OnDisable()
FN:224,StartGrab(UnityEngine.XR.Interaction.Toolkit.SelectEnterEventArgs)
FN:236,EndGrab(UnityEngine.XR.Interaction.Toolkit.SelectExitEventArgs)
FN:242,ProcessInteractable(UnityEngine.XR.Interaction.Toolkit.XRInteractionUpdateOrder/UpdatePhase)
FN:256,GetAttachTransform(UnityEngine.XR.Interaction.Toolkit.Interactors.IXRInteractor)
FN:261,UpdateRotation(System.Boolean)
FN:347,SetKnobRotation(System.Single)
FN:359,SetValue(System.Single)
FN:376,ValueToRotation()
FN:381,UpdateBaseKnobRotation()
FN:386,ShortestAngleDistance(System.Single, System.Single, System.Single)
FN:398,OnDrawGizmosSelected()
FN:431,OnValidate()
FN:94,XRKnob()
FN:40,totalOffset()
FN:46,Reset()
FN:57,SetBaseFromVector(UnityEngine.Vector3)
FN:71,SetTargetFromVector(UnityEngine.Vector3)
FNDA:0,handle()
FNDA:0,handle(UnityEngine.Transform)
FNDA:0,value()
FNDA:0,value(System.Single)
FNDA:0,clampedMotion()
FNDA:0,clampedMotion(System.Boolean)
FNDA:0,maxAngle()
FNDA:0,maxAngle(System.Single)
FNDA:0,minAngle()
FNDA:0,minAngle(System.Single)
FNDA:0,positionTrackedRadius()
FNDA:0,positionTrackedRadius(System.Single)
FNDA:0,onValueChange()
FNDA:6,Start()
FNDA:6,OnEnable()
FNDA:2,OnDisable()
FNDA:0,StartGrab(UnityEngine.XR.Interaction.Toolkit.SelectEnterEventArgs)
FNDA:0,EndGrab(UnityEngine.XR.Interaction.Toolkit.SelectExitEventArgs)
FNDA:691260,ProcessInteractable(UnityEngine.XR.Interaction.Toolkit.XRInteractionUpdateOrder/UpdatePhase)
FNDA:0,GetAttachTransform(UnityEngine.XR.Interaction.Toolkit.Interactors.IXRInteractor)
FNDA:0,UpdateRotation(System.Boolean)
FNDA:18,SetKnobRotation(System.Single)
FNDA:6,SetValue(System.Single)
FNDA:18,ValueToRotation()
FNDA:0,UpdateBaseKnobRotation()
FNDA:0,ShortestAngleDistance(System.Single, System.Single, System.Single)
FNDA:0,OnDrawGizmosSelected()
FNDA:12,OnValidate()
FNDA:12,XRKnob()
FNDA:0,totalOffset()
FNDA:0,Reset()
FNDA:0,SetBaseFromVector(UnityEngine.Vector3)
FNDA:0,SetTargetFromVector(UnityEngine.Vector3)
FNF:33
FNH:9
BRF:0
BRH:0
DA:40,0
DA:46,0
DA:47,0
DA:48,0
DA:49,0
DA:50,0
DA:57,0
DA:59,0
DA:62,0
DA:63,0
DA:64,0
DA:71,0
DA:73,0
DA:76,0
DA:79,0
DA:80,0
DA:81,0
DA:82,0
DA:83,0
DA:84,0
DA:85,0
DA:94,12
DA:99,12
DA:103,12
DA:107,12
DA:111,12
DA:115,12
DA:119,12
DA:123,12
DA:127,12
DA:131,12
DA:132,12
DA:134,12
DA:135,12
DA:136,12
DA:138,12
DA:145,0
DA:146,0
DA:154,0
DA:156,0
DA:157,0
DA:158,0
DA:159,0
DA:167,0
DA:168,0
DA:176,0
DA:177,0
DA:185,0
DA:186,0
DA:194,0
DA:195,0
DA:201,0
DA:204,6
DA:205,6
DA:206,6
DA:207,6
DA:210,6
DA:211,6
DA:212,6
DA:213,6
DA:214,6
DA:217,2
DA:218,2
DA:219,2
DA:220,2
DA:221,2
DA:224,0
DA:225,0
DA:227,0
DA:228,0
DA:229,0
DA:231,0
DA:232,0
DA:233,0
DA:236,0
DA:237,0
DA:238,0
DA:242,691260
DA:243,691260
DA:245,691260
DA:246,210408
DA:247,210408
DA:248,0
DA:249,0
DA:250,0
DA:251,210408
DA:252,691260
DA:256,0
DA:257,0
DA:258,0
DA:261,0
DA:263,0
DA:267,0
DA:268,0
DA:269,0
DA:270,0
DA:272,0
DA:273,0
DA:274,0
DA:275,0
DA:277,0
DA:278,0
DA:279,0
DA:281,0
DA:282,0
DA:286,0
DA:287,0
DA:288,0
DA:289,0
DA:290,0
DA:291,0
DA:292,0
DA:293,0
DA:295,0
DA:298,0
DA:299,0
DA:300,0
DA:301,0
DA:303,0
DA:304,0
DA:306,0
DA:307,0
DA:308,0
DA:309,0
DA:310,0
DA:311,0
DA:312,0
DA:313,0
DA:315,0
DA:316,0
DA:317,0
DA:318,0
DA:319,0
DA:320,0
DA:321,0
DA:324,0
DA:325,0
DA:327,0
DA:328,0
DA:330,0
DA:333,0
DA:336,0
DA:337,0
DA:339,0
DA:342,0
DA:343,0
DA:344,0
DA:347,18
DA:348,18
DA:349,0
DA:350,0
DA:351,0
DA:352,0
DA:354,18
DA:355,18
DA:356,18
DA:359,6
DA:360,6
DA:361,0
DA:363,6
DA:364,0
DA:365,0
DA:366,0
DA:367,0
DA:368,0
DA:369,0
DA:371,6
DA:372,6
DA:373,6
DA:376,18
DA:377,18
DA:378,18
DA:381,0
DA:382,0
DA:383,0
DA:386,0
DA:387,0
DA:388,0
DA:390,0
DA:391,0
DA:392,0
DA:394,0
DA:395,0
DA:398,0
DA:403,0
DA:404,0
DA:406,0
DA:409,0
DA:411,0
DA:412,0
DA:414,0
DA:415,0
DA:417,0
DA:418,0
DA:419,0
DA:420,0
DA:421,0
DA:422,0
DA:423,0
DA:425,0
DA:427,0
DA:428,0
DA:431,12
DA:432,12
DA:433,0
DA:435,12
DA:436,0
DA:438,12
DA:439,12
LH:55
LF:209
end_of_record
SF:C:/Users/glongfil/Documents/GitHub/UltraInstinctVR/CodeBase/Assets/VRTemplateAssets/Scripts/XRPokeFollowAffordanceFill.cs
FN:40,pokeFollowTransform()
FN:41,pokeFollowTransform(UnityEngine.Transform)
FN:54,smoothingSpeed()
FN:55,smoothingSpeed(System.Single)
FN:67,returnToInitialPosition()
FN:68,returnToInitialPosition(System.Boolean)
FN:82,applyIfChildIsTarget()
FN:83,applyIfChildIsTarget(System.Boolean)
FN:96,clampToMinDistance()
FN:97,clampToMinDistance(System.Boolean)
FN:110,minDistance()
FN:111,minDistance(System.Single)
FN:123,clampToMaxDistance()
FN:124,clampToMaxDistance(System.Boolean)
FN:137,maxDistance()
FN:138,maxDistance(System.Single)
FN:155,Awake()
FN:163,Start()
FN:183,OnDestroy()
FN:192,LateUpdate()
FN:208,OnTransformTweenableVariableUpdated(Unity.Mathematics.float3)
FN:213,OnPokeStrengthChanged(System.Single)
FN:220,OnPokeStateDataUpdated(UnityEngine.XR.Interaction.Toolkit.Filtering.PokeStateData)
FN:47,XRPokeFollowAffordanceFill()
FNDA:0,pokeFollowTransform()
FNDA:0,pokeFollowTransform(UnityEngine.Transform)
FNDA:0,smoothingSpeed()
FNDA:0,smoothingSpeed(System.Single)
FNDA:0,returnToInitialPosition()
FNDA:0,returnToInitialPosition(System.Boolean)
FNDA:0,applyIfChildIsTarget()
FNDA:0,applyIfChildIsTarget(System.Boolean)
FNDA:0,clampToMinDistance()
FNDA:0,clampToMinDistance(System.Boolean)
FNDA:0,minDistance()
FNDA:0,minDistance(System.Single)
FNDA:0,clampToMaxDistance()
FNDA:0,clampToMaxDistance(System.Boolean)
FNDA:0,maxDistance()
FNDA:0,maxDistance(System.Single)
FNDA:6,Awake()
FNDA:6,Start()
FNDA:2,OnDestroy()
FNDA:210404,LateUpdate()
FNDA:1203,OnTransformTweenableVariableUpdated(Unity.Mathematics.float3)
FNDA:0,OnPokeStrengthChanged(System.Single)
FNDA:6,OnPokeStateDataUpdated(UnityEngine.XR.Interaction.Toolkit.Filtering.PokeStateData)
FNDA:10,XRPokeFollowAffordanceFill()
FNF:24
FNH:7
BRF:0
BRH:0
DA:40,0
DA:41,0
DA:47,10
DA:54,0
DA:55,0
DA:60,10
DA:67,0
DA:68,0
DA:74,10
DA:82,0
DA:83,0
DA:96,0
DA:97,0
DA:110,0
DA:111,0
DA:123,0
DA:124,0
DA:137,0
DA:138,0
DA:144,10
DA:145,10
DA:147,10
DA:155,6
DA:156,6
DA:157,6
DA:163,6
DA:164,6
DA:165,6
DA:166,6
DA:167,6
DA:168,6
DA:169,6
DA:170,6
DA:171,6
DA:173,0
DA:174,0
DA:175,0
DA:176,0
DA:177,6
DA:183,2
DA:184,2
DA:185,2
DA:186,2
DA:192,210404
DA:193,210404
DA:194,0
DA:195,0
DA:196,0
DA:197,0
DA:198,0
DA:199,0
DA:202,210404
DA:203,210404
DA:204,210404
DA:205,210404
DA:208,1203
DA:209,1203
DA:210,1203
DA:213,0
DA:214,0
DA:215,0
DA:216,0
DA:217,0
DA:220,6
DA:221,6
DA:222,6
DA:226,6
DA:227,0
DA:228,0
DA:230,0
DA:231,0
DA:233,0
DA:234,0
DA:236,0
DA:237,0
DA:238,0
DA:239,6
DA:240,6
DA:241,6
DA:242,6
DA:243,6
DA:244,6
LH:42
LF:82
end_of_record
SF:C:/Users/glongfil/Documents/GitHub/UltraInstinctVR/CodeBase/Assets/Scripts/Interaction/VRTest/VRGreed.cs
FN:15,Initialize()
FN:24,Move()
FN:44,Turn()
FNDA:0,Initialize()
FNDA:0,Move()
FNDA:0,Turn()
FNF:3
FNH:0
BRF:0
BRH:0
DA:15,0
DA:16,0
DA:17,0
DA:24,0
DA:25,0
DA:26,0
DA:27,0
DA:28,0
DA:29,0
DA:30,0
DA:33,0
DA:34,0
DA:36,0
DA:44,0
DA:45,0
DA:46,0
DA:47,0
DA:48,0
DA:49,0
DA:50,0
DA:51,0
DA:52,0
DA:54,0
DA:57,0
DA:58,0
DA:59,0
DA:61,0
LH:0
LF:27
end_of_record
SF:C:/Users/glongfil/Documents/GitHub/UltraInstinctVR/CodeBase/Assets/Scripts/Interaction/VRTest/VRGuide.cs
FN:12,Initialize()
FN:20,Move()
FN:87,Turn()
FN:131,Visited(UnityEngine.Vector3)
FN:141,inscope(System.Single)
FN:149,calCutDistance(UnityEngine.Vector3, System.Collections.Generic.HashSet[GameObject])
FN:163,calCutDistance(UnityEngine.Vector3, UnityEngine.Vector3)
FN:184,acquireFacingSurface(UnityEngine.Vector3, UnityEngine.Vector3)
FN:7,VRGuide()
FN:222,SetVertices(System.Single, System.Single, System.Single, System.Single)
FN:230,Distance(UnityEngine.Vector3)
FN:236,acquireCuts(UnityEngine.Vector3)
FN:213,Surface(System.Single, System.Single, System.Single, System.Single)
FN:246,CheckDist(System.Single)
FN:249,Update(VRGuide/Surface, System.Single)
FN:254,GetFaceSurface()
FN:244,FaceInfo()
FNDA:3,Initialize()
FNDA:64,Move()
FNDA:64,Turn()
FNDA:72,Visited(UnityEngine.Vector3)
FNDA:220,inscope(System.Single)
FNDA:60,calCutDistance(UnityEngine.Vector3, System.Collections.Generic.HashSet[GameObject])
FNDA:600,calCutDistance(UnityEngine.Vector3, UnityEngine.Vector3)
FNDA:600,acquireFacingSurface(UnityEngine.Vector3, UnityEngine.Vector3)
FNDA:4,VRGuide()
FNDA:0,SetVertices(System.Single, System.Single, System.Single, System.Single)
FNDA:0,Distance(UnityEngine.Vector3)
FNDA:0,acquireCuts(UnityEngine.Vector3)
FNDA:0,Surface(System.Single, System.Single, System.Single, System.Single)
FNDA:0,CheckDist(System.Single)
FNDA:0,Update(VRGuide/Surface, System.Single)
FNDA:600,GetFaceSurface()
FNDA:600,FaceInfo()
FNF:17
FNH:11
BRF:0
BRH:0
DA:7,4
DA:8,4
DA:9,4
DA:12,3
DA:13,3
DA:14,3
DA:15,3
DA:20,64
DA:21,64
DA:22,43
DA:24,21
DA:25,21
DA:27,21
DA:29,483
DA:30,210
DA:31,210
DA:33,210
DA:34,210
DA:35,210
DA:36,210
DA:38,210
DA:39,210
DA:40,210
DA:41,210
DA:43,21
DA:44,0
DA:45,0
DA:46,0
DA:49,21
DA:50,21
DA:52,207
DA:53,72
DA:54,72
DA:56,72
DA:57,12
DA:59,60
DA:61,60
DA:62,21
DA:63,21
DA:64,21
DA:65,21
DA:66,60
DA:69,21
DA:70,0
DA:71,0
DA:72,0
DA:75,21
DA:77,21
DA:78,21
DA:79,0
DA:81,21
DA:82,64
DA:87,64
DA:88,64
DA:89,22
DA:90,506
DA:91,220
DA:92,220
DA:94,220
DA:95,0
DA:97,220
DA:98,220
DA:99,220
DA:101,220
DA:102,217
DA:103,217
DA:104,217
DA:105,217
DA:106,66
DA:107,66
DA:110,66
DA:111,217
DA:112,217
DA:113,220
DA:115,22
DA:116,22
DA:118,64
DA:119,64
DA:120,64
DA:121,64
DA:122,64
DA:125,0
DA:126,64
DA:131,72
DA:132,588
DA:133,192
DA:134,192
DA:135,12
DA:136,180
DA:137,60
DA:138,72
DA:141,220
DA:142,220
DA:144,220
DA:149,60
DA:150,60
DA:152,1380
DA:153,600
DA:154,600
DA:155,600
DA:156,60
DA:157,600
DA:159,60
DA:160,60
DA:163,600
DA:164,600
DA:166,600
DA:167,600
DA:169,0
DA:171,0
DA:173,0
DA:174,0
DA:175,0
DA:176,0
DA:177,0
DA:178,0
DA:180,0
DA:181,600
DA:184,600
DA:185,600
DA:187,13800
DA:188,6000
DA:189,6000
DA:190,6000
DA:192,6000
DA:193,4200
DA:195,1800
DA:196,1800
DA:201,1800
DA:203,600
DA:204,600
DA:213,0
DA:214,0
DA:215,0
DA:216,0
DA:217,0
DA:218,0
DA:219,0
DA:222,0
DA:223,0
DA:224,0
DA:225,0
DA:226,0
DA:227,0
DA:230,0
DA:231,0
DA:233,0
DA:236,0
DA:237,0
DA:238,0
DA:244,600
DA:246,0
DA:249,0
DA:250,0
DA:251,0
DA:252,0
DA:254,600
LH:115
LF:157
end_of_record
SF:C:/Users/glongfil/Documents/GitHub/UltraInstinctVR/CodeBase/Assets/Scripts/Interaction/VRTest/VRLogger.cs
FN:20,ClearFoundObjectsFile()
FN:10,ClearFoundObjectsFile()
FNDA:0,ClearFoundObjectsFile()
FNDA:3,ClearFoundObjectsFile()
FNF:2
FNH:2
BRF:0
BRH:0
DA:10,3
DA:11,3
DA:12,3
DA:14,3
DA:15,3
DA:16,0
DA:19,3
DA:20,0
DA:22,0
DA:23,0
DA:24,3
DA:25,0
DA:26,3
DA:27,0
DA:28,3
DA:29,3
DA:31,0
LH:10
LF:17
end_of_record
SF:C:/Users/glongfil/Documents/GitHub/UltraInstinctVR/CodeBase/Assets/Scripts/Interaction/VRTest/VRMovementHandler.cs
FN:45,InitMoveTurnOptions()
FN:69,Movable(UnityEngine.Vector3, System.Int32)
FN:90,Turnable(UnityEngine.Vector3, System.Int32)
FN:108,UpdateMoves(System.Collections.Generic.List[Vector3])
FN:122,UpdateTurns(System.Collections.Generic.List[Vector3], UnityEngine.Vector3)
FN:31,VRMovementHandler(UnityEngine.Transform, System.Single, System.Single, UnityEngine.Vector3, UnityEngine.Vector3, UnityEngine.Vector3, UnityEngine.Vector3, UnityEngine.Vector3[], UnityEngine.Vector3[])
FNDA:3,InitMoveTurnOptions()
FNDA:510,Movable(UnityEngine.Vector3, System.Int32)
FNDA:384,Turnable(UnityEngine.Vector3, System.Int32)
FNDA:85,UpdateMoves(System.Collections.Generic.List[Vector3])
FNDA:64,UpdateTurns(System.Collections.Generic.List[Vector3], UnityEngine.Vector3)
FNDA:3,VRMovementHandler(UnityEngine.Transform, System.Single, System.Single, UnityEngine.Vector3, UnityEngine.Vector3, UnityEngine.Vector3, UnityEngine.Vector3, UnityEngine.Vector3[], UnityEngine.Vector3[])
FNF:6
FNH:6
BRF:0
BRH:0
DA:31,3
DA:32,3
DA:33,3
DA:34,3
DA:35,3
DA:36,6
DA:37,6
DA:38,6
DA:39,3
DA:45,3
DA:46,3
DA:47,3
DA:48,3
DA:49,3
DA:50,3
DA:51,3
DA:53,3
DA:54,3
DA:55,3
DA:56,3
DA:57,3
DA:58,3
DA:59,3
DA:69,510
DA:70,510
DA:72,85
DA:73,85
DA:74,85
DA:75,85
DA:76,85
DA:77,85
DA:78,0
DA:80,510
DA:90,384
DA:91,384
DA:93,64
DA:94,64
DA:95,64
DA:96,64
DA:97,64
DA:98,64
DA:99,0
DA:101,384
DA:108,85
DA:109,85
DA:110,85
DA:111,1190
DA:112,801
DA:113,85
DA:122,64
DA:123,64
DA:124,896
DA:125,640
DA:126,64
LH:52
LF:54
end_of_record
SF:C:/Users/glongfil/Documents/GitHub/UltraInstinctVR/CodeBase/Assets/Scripts/Interaction/VRTest/VRTest.cs
FN:58,Start()
FN:86,Initialize()
FN:96,FixedUpdate()
FN:143,Move()
FN:151,Movable(UnityEngine.Vector3, System.Int32)
FN:157,Turn()
FN:166,Turnable(UnityEngine.Vector3, System.Int32)
FN:172,UpdateMoves()
FN:177,UpdateTurns()
FN:184,Trigger()
FN:193,UpdateTrigger()
FN:207,pointClick(UnityEngine.GameObject)
FN:19,VRTest()
FN:12,VRTest()
FN:223,getObject()
FN:224,getTriggered()
FN:225,SetTrigger()
FN:222,ControlInfo(UnityEngine.GameObject)
FNDA:3,Start()
FNDA:3,Initialize()
FNDA:18078,FixedUpdate()
FNDA:0,Move()
FNDA:0,Movable(UnityEngine.Vector3, System.Int32)
FNDA:0,Turn()
FNDA:0,Turnable(UnityEngine.Vector3, System.Int32)
FNDA:85,UpdateMoves()
FNDA:64,UpdateTurns()
FNDA:64,Trigger()
FNDA:0,UpdateTrigger()
FNDA:0,pointClick(UnityEngine.GameObject)
FNDA:14,VRTest()
FNDA:0,VRTest()
FNDA:430,getObject()
FNDA:430,getTriggered()
FNDA:0,SetTrigger()
FNDA:150,ControlInfo(UnityEngine.GameObject)
FNF:18
FNH:10
BRF:0
BRH:0
DA:12,0
DA:19,14
DA:20,14
DA:21,14
DA:22,14
DA:23,14
DA:24,14
DA:25,14
DA:26,14
DA:27,14
DA:28,14
DA:29,14
DA:33,14
DA:34,14
DA:40,14
DA:41,14
DA:42,14
DA:43,14
DA:58,3
DA:59,3
DA:61,3
DA:62,3
DA:63,3
DA:65,3
DA:66,3
DA:67,3
DA:68,3
DA:69,3
DA:71,3
DA:72,3
DA:74,3
DA:76,3
DA:77,3
DA:78,3
DA:86,3
DA:87,3
DA:88,3
DA:96,18078
DA:97,18150
DA:99,18006
DA:100,0
DA:101,0
DA:102,0
DA:103,0
DA:104,0
DA:105,0
DA:106,0
DA:107,0
DA:109,18006
DA:110,18006
DA:111,18006
DA:113,18006
DA:114,64
DA:115,64
DA:116,64
DA:117,64
DA:118,64
DA:119,18006
DA:121,18006
DA:122,18006
DA:123,6
DA:124,6
DA:125,6
DA:127,6
DA:128,3
DA:129,3
DA:130,3
DA:131,3
DA:133,6
DA:134,6
DA:135,6
DA:136,18078
DA:143,0
DA:151,0
DA:157,0
DA:166,0
DA:172,85
DA:177,64
DA:184,64
DA:185,64
DA:186,64
DA:187,64
DA:193,0
DA:194,0
DA:195,0
DA:196,0
DA:197,0
DA:198,0
DA:199,0
DA:207,0
DA:208,0
DA:209,0
DA:210,0
DA:211,0
DA:222,150
DA:223,430
DA:224,430
DA:225,0
LH:72
LF:98
end_of_record
SF:C:/Users/glongfil/Documents/GitHub/UltraInstinctVR/CodeBase/Assets/Scripts/Interaction/VRTest/VRTriggerHandler.cs
FN:36,FetchControls(System.Int32&, System.Single&)
FN:58,EnsureDirectoryExists(System.String)
FN:69,GetReplayFilePath()
FN:86,ProcessGameObject(UnityEngine.GameObject, System.IO.StreamWriter, System.IO.StreamWriter, System.Int32&, System.Single&)
FN:23,VRTriggerHandler(UnityEngine.Transform, System.Collections.Generic.Dictionary[GameObject,ControlInfo])
FNDA:3,FetchControls(System.Int32&, System.Single&)
FNDA:6,EnsureDirectoryExists(System.String)
FNDA:3,GetReplayFilePath()
FNDA:741,ProcessGameObject(UnityEngine.GameObject, System.IO.StreamWriter, System.IO.StreamWriter, System.Int32&, System.Single&)
FNDA:3,VRTriggerHandler(UnityEngine.Transform, System.Collections.Generic.Dictionary[GameObject,ControlInfo])
FNF:5
FNH:5
BRF:0
BRH:0
DA:23,3
DA:24,3
DA:25,3
DA:26,3
DA:27,3
DA:36,3
DA:37,3
DA:38,3
DA:40,3
DA:41,3
DA:43,3
DA:44,3
DA:45,3
DA:46,1491
DA:47,741
DA:48,741
DA:49,741
DA:50,3
DA:51,3
DA:58,6
DA:59,6
DA:60,0
DA:61,6
DA:69,3
DA:70,3
DA:71,3
DA:72,3
DA:73,3
DA:74,3
DA:86,741
DA:87,741
DA:88,741
DA:89,711
DA:91,30
DA:92,30
DA:93,30
DA:94,30
DA:95,30
DA:96,30
DA:98,30
DA:99,30
DA:103,30
DA:104,30
DA:106,30
DA:107,741
LH:44
LF:45
end_of_record
